<?xml version="1.0" encoding="UTF-8"?>
<coverage generated="1767881664036" clover="3.2.0">
  <project timestamp="1767881664037" name="All files">
    <metrics statements="5501" coveredstatements="4090" conditionals="993" coveredconditionals="776" methods="262" coveredmethods="233" elements="6756" coveredelements="5099" complexity="0" loc="5501" ncloc="5501" packages="10" files="28" classes="28"/>
    <package name="src">
      <metrics statements="94" coveredstatements="0" conditionals="1" coveredconditionals="0" methods="1" coveredmethods="0"/>
      <file name="index.ts" path="C:\CODING\---PROTOCOLS---by-VM\protocols-mcp\src\index.ts">
        <metrics statements="94" coveredstatements="0" conditionals="1" coveredconditionals="0" methods="1" coveredmethods="0"/>
        <line num="1" count="0" type="cond" truecount="0" falsecount="1"/>
        <line num="2" count="0" type="stmt"/>
        <line num="3" count="0" type="stmt"/>
        <line num="4" count="0" type="stmt"/>
        <line num="5" count="0" type="stmt"/>
        <line num="6" count="0" type="stmt"/>
        <line num="7" count="0" type="stmt"/>
        <line num="8" count="0" type="stmt"/>
        <line num="9" count="0" type="stmt"/>
        <line num="10" count="0" type="stmt"/>
        <line num="11" count="0" type="stmt"/>
        <line num="12" count="0" type="stmt"/>
        <line num="14" count="0" type="stmt"/>
        <line num="15" count="0" type="stmt"/>
        <line num="16" count="0" type="stmt"/>
        <line num="17" count="0" type="stmt"/>
        <line num="19" count="0" type="stmt"/>
        <line num="20" count="0" type="stmt"/>
        <line num="21" count="0" type="stmt"/>
        <line num="22" count="0" type="stmt"/>
        <line num="24" count="0" type="stmt"/>
        <line num="25" count="0" type="stmt"/>
        <line num="26" count="0" type="stmt"/>
        <line num="27" count="0" type="stmt"/>
        <line num="28" count="0" type="stmt"/>
        <line num="30" count="0" type="stmt"/>
        <line num="31" count="0" type="stmt"/>
        <line num="32" count="0" type="stmt"/>
        <line num="33" count="0" type="stmt"/>
        <line num="35" count="0" type="stmt"/>
        <line num="36" count="0" type="stmt"/>
        <line num="37" count="0" type="stmt"/>
        <line num="38" count="0" type="stmt"/>
        <line num="40" count="0" type="stmt"/>
        <line num="41" count="0" type="stmt"/>
        <line num="42" count="0" type="stmt"/>
        <line num="44" count="0" type="stmt"/>
        <line num="45" count="0" type="stmt"/>
        <line num="46" count="0" type="stmt"/>
        <line num="47" count="0" type="stmt"/>
        <line num="48" count="0" type="stmt"/>
        <line num="50" count="0" type="stmt"/>
        <line num="51" count="0" type="stmt"/>
        <line num="52" count="0" type="stmt"/>
        <line num="53" count="0" type="stmt"/>
        <line num="54" count="0" type="stmt"/>
        <line num="55" count="0" type="stmt"/>
        <line num="57" count="0" type="stmt"/>
        <line num="58" count="0" type="stmt"/>
        <line num="59" count="0" type="stmt"/>
        <line num="60" count="0" type="stmt"/>
        <line num="61" count="0" type="stmt"/>
        <line num="62" count="0" type="stmt"/>
        <line num="63" count="0" type="stmt"/>
        <line num="65" count="0" type="stmt"/>
        <line num="66" count="0" type="stmt"/>
        <line num="67" count="0" type="stmt"/>
        <line num="68" count="0" type="stmt"/>
        <line num="69" count="0" type="stmt"/>
        <line num="70" count="0" type="stmt"/>
        <line num="71" count="0" type="stmt"/>
        <line num="72" count="0" type="stmt"/>
        <line num="73" count="0" type="stmt"/>
        <line num="74" count="0" type="stmt"/>
        <line num="75" count="0" type="stmt"/>
        <line num="77" count="0" type="stmt"/>
        <line num="78" count="0" type="stmt"/>
        <line num="79" count="0" type="stmt"/>
        <line num="81" count="0" type="stmt"/>
        <line num="82" count="0" type="stmt"/>
        <line num="84" count="0" type="stmt"/>
        <line num="85" count="0" type="stmt"/>
        <line num="86" count="0" type="stmt"/>
        <line num="87" count="0" type="stmt"/>
        <line num="88" count="0" type="stmt"/>
        <line num="89" count="0" type="stmt"/>
        <line num="90" count="0" type="stmt"/>
        <line num="91" count="0" type="stmt"/>
        <line num="93" count="0" type="stmt"/>
        <line num="94" count="0" type="stmt"/>
        <line num="96" count="0" type="stmt"/>
        <line num="97" count="0" type="stmt"/>
        <line num="98" count="0" type="stmt"/>
        <line num="99" count="0" type="stmt"/>
        <line num="100" count="0" type="stmt"/>
        <line num="101" count="0" type="stmt"/>
        <line num="102" count="0" type="stmt"/>
        <line num="103" count="0" type="stmt"/>
        <line num="104" count="0" type="stmt"/>
        <line num="106" count="0" type="stmt"/>
        <line num="107" count="0" type="stmt"/>
        <line num="108" count="0" type="stmt"/>
        <line num="109" count="0" type="stmt"/>
        <line num="110" count="0" type="stmt"/>
      </file>
    </package>
    <package name="src.adaptation">
      <metrics statements="1327" coveredstatements="1233" conditionals="331" coveredconditionals="281" methods="71" coveredmethods="71"/>
      <file name="error-recovery.ts" path="C:\CODING\---PROTOCOLS---by-VM\protocols-mcp\src\adaptation\error-recovery.ts">
        <metrics statements="340" coveredstatements="325" conditionals="62" coveredconditionals="50" methods="15" coveredmethods="15"/>
        <line num="1" count="1" type="stmt"/>
        <line num="5" count="1" type="cond" truecount="1" falsecount="0"/>
        <line num="6" count="1" type="stmt"/>
        <line num="7" count="1" type="stmt"/>
        <line num="8" count="1" type="stmt"/>
        <line num="9" count="1" type="stmt"/>
        <line num="10" count="1" type="stmt"/>
        <line num="11" count="1" type="stmt"/>
        <line num="46" count="1" type="stmt"/>
        <line num="47" count="1" type="stmt"/>
        <line num="48" count="1" type="stmt"/>
        <line num="49" count="1" type="stmt"/>
        <line num="50" count="1" type="stmt"/>
        <line num="51" count="1" type="stmt"/>
        <line num="52" count="1" type="stmt"/>
        <line num="53" count="1" type="stmt"/>
        <line num="54" count="1" type="stmt"/>
        <line num="55" count="1" type="stmt"/>
        <line num="56" count="1" type="stmt"/>
        <line num="57" count="1" type="stmt"/>
        <line num="58" count="1" type="stmt"/>
        <line num="59" count="1" type="stmt"/>
        <line num="60" count="1" type="stmt"/>
        <line num="61" count="1" type="stmt"/>
        <line num="62" count="1" type="stmt"/>
        <line num="63" count="1" type="stmt"/>
        <line num="64" count="1" type="stmt"/>
        <line num="65" count="1" type="stmt"/>
        <line num="66" count="1" type="stmt"/>
        <line num="67" count="1" type="stmt"/>
        <line num="68" count="1" type="stmt"/>
        <line num="69" count="1" type="stmt"/>
        <line num="70" count="1" type="stmt"/>
        <line num="71" count="1" type="stmt"/>
        <line num="72" count="1" type="stmt"/>
        <line num="73" count="1" type="stmt"/>
        <line num="74" count="1" type="stmt"/>
        <line num="75" count="1" type="stmt"/>
        <line num="76" count="1" type="stmt"/>
        <line num="77" count="1" type="stmt"/>
        <line num="78" count="1" type="stmt"/>
        <line num="79" count="1" type="stmt"/>
        <line num="80" count="1" type="stmt"/>
        <line num="81" count="1" type="stmt"/>
        <line num="82" count="1" type="stmt"/>
        <line num="83" count="1" type="stmt"/>
        <line num="84" count="1" type="stmt"/>
        <line num="85" count="1" type="stmt"/>
        <line num="86" count="1" type="stmt"/>
        <line num="87" count="1" type="stmt"/>
        <line num="88" count="1" type="stmt"/>
        <line num="89" count="1" type="stmt"/>
        <line num="90" count="1" type="stmt"/>
        <line num="91" count="1" type="stmt"/>
        <line num="92" count="1" type="stmt"/>
        <line num="93" count="1" type="stmt"/>
        <line num="94" count="1" type="stmt"/>
        <line num="95" count="1" type="stmt"/>
        <line num="96" count="1" type="stmt"/>
        <line num="97" count="1" type="stmt"/>
        <line num="98" count="1" type="stmt"/>
        <line num="99" count="1" type="stmt"/>
        <line num="100" count="1" type="stmt"/>
        <line num="101" count="1" type="stmt"/>
        <line num="102" count="1" type="stmt"/>
        <line num="103" count="1" type="stmt"/>
        <line num="104" count="1" type="stmt"/>
        <line num="105" count="1" type="stmt"/>
        <line num="106" count="1" type="stmt"/>
        <line num="107" count="1" type="stmt"/>
        <line num="108" count="1" type="stmt"/>
        <line num="109" count="1" type="stmt"/>
        <line num="110" count="1" type="stmt"/>
        <line num="111" count="1" type="stmt"/>
        <line num="112" count="1" type="stmt"/>
        <line num="113" count="1" type="stmt"/>
        <line num="114" count="1" type="stmt"/>
        <line num="115" count="1" type="stmt"/>
        <line num="116" count="1" type="stmt"/>
        <line num="117" count="1" type="stmt"/>
        <line num="118" count="1" type="stmt"/>
        <line num="119" count="1" type="stmt"/>
        <line num="120" count="1" type="stmt"/>
        <line num="121" count="1" type="stmt"/>
        <line num="122" count="1" type="stmt"/>
        <line num="123" count="1" type="stmt"/>
        <line num="124" count="1" type="stmt"/>
        <line num="125" count="1" type="stmt"/>
        <line num="126" count="1" type="stmt"/>
        <line num="127" count="1" type="stmt"/>
        <line num="128" count="1" type="stmt"/>
        <line num="129" count="1" type="stmt"/>
        <line num="130" count="1" type="stmt"/>
        <line num="131" count="1" type="stmt"/>
        <line num="132" count="1" type="stmt"/>
        <line num="133" count="1" type="stmt"/>
        <line num="134" count="1" type="stmt"/>
        <line num="135" count="1" type="stmt"/>
        <line num="136" count="1" type="stmt"/>
        <line num="137" count="1" type="stmt"/>
        <line num="138" count="1" type="stmt"/>
        <line num="139" count="1" type="stmt"/>
        <line num="140" count="1" type="stmt"/>
        <line num="141" count="1" type="stmt"/>
        <line num="142" count="1" type="stmt"/>
        <line num="143" count="1" type="stmt"/>
        <line num="144" count="1" type="stmt"/>
        <line num="145" count="1" type="stmt"/>
        <line num="146" count="1" type="stmt"/>
        <line num="147" count="1" type="stmt"/>
        <line num="148" count="1" type="stmt"/>
        <line num="149" count="1" type="stmt"/>
        <line num="150" count="1" type="stmt"/>
        <line num="151" count="1" type="stmt"/>
        <line num="152" count="1" type="stmt"/>
        <line num="153" count="1" type="stmt"/>
        <line num="154" count="1" type="stmt"/>
        <line num="155" count="1" type="stmt"/>
        <line num="156" count="1" type="stmt"/>
        <line num="157" count="1" type="stmt"/>
        <line num="158" count="1" type="stmt"/>
        <line num="159" count="1" type="stmt"/>
        <line num="160" count="1" type="stmt"/>
        <line num="161" count="1" type="stmt"/>
        <line num="162" count="1" type="stmt"/>
        <line num="163" count="1" type="stmt"/>
        <line num="164" count="1" type="stmt"/>
        <line num="165" count="1" type="stmt"/>
        <line num="166" count="1" type="stmt"/>
        <line num="167" count="1" type="stmt"/>
        <line num="168" count="1" type="stmt"/>
        <line num="169" count="1" type="stmt"/>
        <line num="170" count="1" type="stmt"/>
        <line num="171" count="1" type="stmt"/>
        <line num="172" count="1" type="stmt"/>
        <line num="173" count="1" type="stmt"/>
        <line num="175" count="1" type="stmt"/>
        <line num="176" count="1" type="cond" truecount="1" falsecount="0"/>
        <line num="177" count="55" type="stmt"/>
        <line num="179" count="1" type="cond" truecount="1" falsecount="0"/>
        <line num="180" count="55" type="stmt"/>
        <line num="181" count="55" type="cond" truecount="1" falsecount="0"/>
        <line num="182" count="376" type="stmt"/>
        <line num="183" count="376" type="stmt"/>
        <line num="184" count="55" type="stmt"/>
        <line num="185" count="55" type="stmt"/>
        <line num="187" count="1" type="cond" truecount="1" falsecount="0"/>
        <line num="188" count="28" type="stmt"/>
        <line num="189" count="28" type="stmt"/>
        <line num="191" count="28" type="cond" truecount="1" falsecount="0"/>
        <line num="192" count="7" type="stmt"/>
        <line num="193" count="7" type="cond" truecount="1" falsecount="0"/>
        <line num="195" count="28" type="cond" truecount="2" falsecount="0"/>
        <line num="196" count="2" type="stmt"/>
        <line num="197" count="2" type="cond" truecount="1" falsecount="0"/>
        <line num="199" count="28" type="cond" truecount="1" falsecount="0"/>
        <line num="200" count="2" type="stmt"/>
        <line num="201" count="2" type="cond" truecount="1" falsecount="0"/>
        <line num="203" count="28" type="cond" truecount="1" falsecount="0"/>
        <line num="204" count="1" type="stmt"/>
        <line num="205" count="1" type="cond" truecount="1" falsecount="0"/>
        <line num="207" count="28" type="cond" truecount="1" falsecount="0"/>
        <line num="208" count="1" type="stmt"/>
        <line num="209" count="1" type="cond" truecount="1" falsecount="0"/>
        <line num="211" count="15" type="stmt"/>
        <line num="212" count="28" type="stmt"/>
        <line num="214" count="1" type="cond" truecount="1" falsecount="0"/>
        <line num="215" count="22" type="stmt"/>
        <line num="216" count="22" type="stmt"/>
        <line num="217" count="22" type="stmt"/>
        <line num="218" count="22" type="cond" truecount="0" falsecount="1"/>
        <line num="220" count="22" type="stmt"/>
        <line num="221" count="22" type="cond" truecount="1" falsecount="0"/>
        <line num="222" count="20" type="stmt"/>
        <line num="223" count="20" type="stmt"/>
        <line num="225" count="22" type="stmt"/>
        <line num="226" count="22" type="stmt"/>
        <line num="228" count="22" type="cond" truecount="0" falsecount="2"/>
        <line num="229" count="0" type="stmt"/>
        <line num="230" count="0" type="stmt"/>
        <line num="232" count="22" type="stmt"/>
        <line num="233" count="22" type="stmt"/>
        <line num="235" count="1" type="cond" truecount="1" falsecount="0"/>
        <line num="236" count="6" type="stmt"/>
        <line num="237" count="6" type="stmt"/>
        <line num="238" count="6" type="stmt"/>
        <line num="239" count="6" type="stmt"/>
        <line num="240" count="6" type="stmt"/>
        <line num="241" count="6" type="stmt"/>
        <line num="242" count="6" type="stmt"/>
        <line num="244" count="6" type="stmt"/>
        <line num="245" count="6" type="cond" truecount="1" falsecount="0"/>
        <line num="247" count="6" type="stmt"/>
        <line num="248" count="6" type="stmt"/>
        <line num="249" count="6" type="stmt"/>
        <line num="251" count="6" type="cond" truecount="1" falsecount="0"/>
        <line num="252" count="4" type="stmt"/>
        <line num="253" count="4" type="stmt"/>
        <line num="254" count="4" type="stmt"/>
        <line num="256" count="4" type="stmt"/>
        <line num="257" count="4" type="stmt"/>
        <line num="258" count="4" type="stmt"/>
        <line num="259" count="4" type="stmt"/>
        <line num="260" count="4" type="stmt"/>
        <line num="261" count="4" type="stmt"/>
        <line num="262" count="4" type="stmt"/>
        <line num="263" count="4" type="stmt"/>
        <line num="264" count="6" type="cond" truecount="1" falsecount="0"/>
        <line num="265" count="2" type="stmt"/>
        <line num="267" count="2" type="stmt"/>
        <line num="268" count="2" type="stmt"/>
        <line num="269" count="2" type="stmt"/>
        <line num="270" count="2" type="stmt"/>
        <line num="271" count="2" type="stmt"/>
        <line num="272" count="2" type="stmt"/>
        <line num="273" count="2" type="stmt"/>
        <line num="274" count="6" type="stmt"/>
        <line num="276" count="1" type="cond" truecount="1" falsecount="0"/>
        <line num="277" count="10" type="stmt"/>
        <line num="278" count="10" type="stmt"/>
        <line num="283" count="10" type="stmt"/>
        <line num="284" count="10" type="stmt"/>
        <line num="285" count="10" type="stmt"/>
        <line num="287" count="10" type="cond" truecount="1" falsecount="0"/>
        <line num="288" count="10" type="cond" truecount="0" falsecount="1"/>
        <line num="290" count="10" type="cond" truecount="1" falsecount="0"/>
        <line num="291" count="9" type="stmt"/>
        <line num="292" count="9" type="stmt"/>
        <line num="293" count="9" type="stmt"/>
        <line num="294" count="9" type="stmt"/>
        <line num="295" count="9" type="stmt"/>
        <line num="296" count="9" type="stmt"/>
        <line num="297" count="9" type="cond" truecount="1" falsecount="0"/>
        <line num="299" count="1" type="stmt"/>
        <line num="300" count="1" type="stmt"/>
        <line num="301" count="10" type="cond" truecount="1" falsecount="2"/>
        <line num="302" count="0" type="stmt"/>
        <line num="303" count="0" type="stmt"/>
        <line num="304" count="0" type="stmt"/>
        <line num="305" count="0" type="stmt"/>
        <line num="306" count="0" type="stmt"/>
        <line num="307" count="0" type="cond" truecount="1" falsecount="0"/>
        <line num="309" count="1" type="stmt"/>
        <line num="310" count="10" type="stmt"/>
        <line num="312" count="1" type="cond" truecount="1" falsecount="0"/>
        <line num="313" count="3" type="stmt"/>
        <line num="314" count="3" type="stmt"/>
        <line num="315" count="3" type="stmt"/>
        <line num="316" count="3" type="stmt"/>
        <line num="317" count="3" type="stmt"/>
        <line num="318" count="3" type="stmt"/>
        <line num="320" count="1" type="cond" truecount="1" falsecount="0"/>
        <line num="321" count="3" type="cond" truecount="1" falsecount="0"/>
        <line num="322" count="2" type="cond" truecount="0" falsecount="1"/>
        <line num="323" count="0" type="stmt"/>
        <line num="324" count="0" type="stmt"/>
        <line num="325" count="0" type="stmt"/>
        <line num="326" count="0" type="stmt"/>
        <line num="327" count="3" type="cond" truecount="1" falsecount="0"/>
        <line num="328" count="1" type="stmt"/>
        <line num="329" count="1" type="stmt"/>
        <line num="330" count="3" type="stmt"/>
        <line num="332" count="1" type="cond" truecount="1" falsecount="0"/>
        <line num="333" count="3" type="stmt"/>
        <line num="334" count="3" type="stmt"/>
        <line num="336" count="1" type="cond" truecount="1" falsecount="0"/>
        <line num="337" count="101" type="cond" truecount="1" falsecount="0"/>
        <line num="338" count="101" type="stmt"/>
        <line num="340" count="1" type="cond" truecount="1" falsecount="0"/>
        <line num="341" count="20" type="stmt"/>
        <line num="342" count="20" type="stmt"/>
        <line num="343" count="20" type="stmt"/>
        <line num="344" count="20" type="stmt"/>
        <line num="345" count="20" type="cond" truecount="0" falsecount="1"/>
        <line num="346" count="20" type="stmt"/>
        <line num="347" count="20" type="cond" truecount="1" falsecount="0"/>
        <line num="348" count="1" type="stmt"/>
        <line num="349" count="20" type="stmt"/>
        <line num="351" count="20" type="cond" truecount="2" falsecount="0"/>
        <line num="352" count="1" type="cond" truecount="1" falsecount="0"/>
        <line num="353" count="1" type="cond" truecount="1" falsecount="0"/>
        <line num="355" count="19" type="stmt"/>
        <line num="356" count="20" type="stmt"/>
        <line num="358" count="1" type="cond" truecount="1" falsecount="0"/>
        <line num="359" count="6" type="stmt"/>
        <line num="360" count="6" type="stmt"/>
        <line num="361" count="6" type="stmt"/>
        <line num="362" count="6" type="stmt"/>
        <line num="363" count="6" type="stmt"/>
        <line num="364" count="6" type="cond" truecount="1" falsecount="0"/>
        <line num="365" count="4" type="stmt"/>
        <line num="366" count="6" type="cond" truecount="1" falsecount="0"/>
        <line num="367" count="1" type="stmt"/>
        <line num="368" count="6" type="cond" truecount="1" falsecount="0"/>
        <line num="369" count="1" type="stmt"/>
        <line num="370" count="6" type="cond" truecount="0" falsecount="1"/>
        <line num="371" count="0" type="stmt"/>
        <line num="372" count="6" type="cond" truecount="0" falsecount="1"/>
        <line num="373" count="0" type="stmt"/>
        <line num="374" count="6" type="cond" truecount="0" falsecount="1"/>
        <line num="375" count="0" type="stmt"/>
        <line num="376" count="6" type="stmt"/>
        <line num="377" count="6" type="stmt"/>
        <line num="379" count="1" type="cond" truecount="1" falsecount="0"/>
        <line num="380" count="4" type="stmt"/>
        <line num="381" count="4" type="cond" truecount="2" falsecount="0"/>
        <line num="382" count="4" type="stmt"/>
        <line num="384" count="1" type="cond" truecount="1" falsecount="0"/>
        <line num="385" count="4" type="stmt"/>
        <line num="386" count="4" type="stmt"/>
        <line num="387" count="4" type="stmt"/>
        <line num="388" count="4" type="stmt"/>
        <line num="389" count="4" type="stmt"/>
        <line num="390" count="4" type="stmt"/>
        <line num="391" count="4" type="stmt"/>
        <line num="392" count="4" type="stmt"/>
        <line num="393" count="4" type="stmt"/>
        <line num="394" count="4" type="stmt"/>
        <line num="395" count="4" type="stmt"/>
        <line num="396" count="4" type="stmt"/>
        <line num="397" count="4" type="stmt"/>
        <line num="398" count="4" type="stmt"/>
        <line num="399" count="4" type="stmt"/>
        <line num="400" count="4" type="stmt"/>
        <line num="401" count="4" type="stmt"/>
        <line num="402" count="4" type="stmt"/>
        <line num="403" count="4" type="stmt"/>
        <line num="404" count="4" type="stmt"/>
        <line num="406" count="1" type="cond" truecount="1" falsecount="0"/>
        <line num="407" count="9" type="stmt"/>
        <line num="408" count="9" type="stmt"/>
        <line num="409" count="9" type="stmt"/>
        <line num="410" count="9" type="stmt"/>
        <line num="411" count="9" type="stmt"/>
        <line num="412" count="9" type="stmt"/>
        <line num="413" count="9" type="stmt"/>
        <line num="414" count="9" type="stmt"/>
        <line num="416" count="9" type="cond" truecount="0" falsecount="1"/>
        <line num="417" count="9" type="stmt"/>
        <line num="418" count="1" type="stmt"/>
      </file>
      <file name="risk-assessment.ts" path="C:\CODING\---PROTOCOLS---by-VM\protocols-mcp\src\adaptation\risk-assessment.ts">
        <metrics statements="458" coveredstatements="423" conditionals="125" coveredconditionals="115" methods="33" coveredmethods="33"/>
        <line num="1" count="1" type="stmt"/>
        <line num="4" count="1" type="cond" truecount="1" falsecount="0"/>
        <line num="5" count="1" type="stmt"/>
        <line num="6" count="1" type="stmt"/>
        <line num="7" count="1" type="stmt"/>
        <line num="8" count="1" type="stmt"/>
        <line num="11" count="1" type="stmt"/>
        <line num="12" count="1" type="stmt"/>
        <line num="13" count="1" type="stmt"/>
        <line num="14" count="1" type="stmt"/>
        <line num="15" count="1" type="stmt"/>
        <line num="16" count="1" type="stmt"/>
        <line num="17" count="1" type="stmt"/>
        <line num="18" count="1" type="stmt"/>
        <line num="19" count="1" type="stmt"/>
        <line num="20" count="1" type="stmt"/>
        <line num="21" count="1" type="stmt"/>
        <line num="81" count="1" type="stmt"/>
        <line num="82" count="1" type="stmt"/>
        <line num="83" count="1" type="cond" truecount="1" falsecount="0"/>
        <line num="84" count="1" type="stmt"/>
        <line num="85" count="1" type="stmt"/>
        <line num="86" count="1" type="stmt"/>
        <line num="87" count="1" type="stmt"/>
        <line num="88" count="1" type="stmt"/>
        <line num="89" count="1" type="cond" truecount="1" falsecount="0"/>
        <line num="90" count="1" type="stmt"/>
        <line num="91" count="1" type="stmt"/>
        <line num="92" count="1" type="stmt"/>
        <line num="93" count="1" type="stmt"/>
        <line num="94" count="1" type="stmt"/>
        <line num="95" count="1" type="cond" truecount="1" falsecount="0"/>
        <line num="96" count="1" type="stmt"/>
        <line num="97" count="1" type="stmt"/>
        <line num="98" count="1" type="stmt"/>
        <line num="99" count="1" type="stmt"/>
        <line num="100" count="1" type="stmt"/>
        <line num="101" count="1" type="cond" truecount="1" falsecount="0"/>
        <line num="102" count="1" type="stmt"/>
        <line num="103" count="1" type="stmt"/>
        <line num="104" count="1" type="stmt"/>
        <line num="105" count="1" type="stmt"/>
        <line num="106" count="1" type="stmt"/>
        <line num="107" count="1" type="cond" truecount="1" falsecount="0"/>
        <line num="108" count="1" type="stmt"/>
        <line num="109" count="1" type="stmt"/>
        <line num="110" count="1" type="stmt"/>
        <line num="111" count="1" type="stmt"/>
        <line num="112" count="1" type="stmt"/>
        <line num="113" count="1" type="cond" truecount="1" falsecount="0"/>
        <line num="114" count="1" type="stmt"/>
        <line num="115" count="1" type="stmt"/>
        <line num="116" count="1" type="stmt"/>
        <line num="117" count="1" type="stmt"/>
        <line num="118" count="1" type="stmt"/>
        <line num="119" count="1" type="cond" truecount="1" falsecount="0"/>
        <line num="120" count="1" type="stmt"/>
        <line num="121" count="1" type="stmt"/>
        <line num="122" count="1" type="stmt"/>
        <line num="123" count="1" type="stmt"/>
        <line num="124" count="1" type="stmt"/>
        <line num="125" count="1" type="cond" truecount="1" falsecount="0"/>
        <line num="126" count="1" type="stmt"/>
        <line num="127" count="1" type="stmt"/>
        <line num="128" count="1" type="stmt"/>
        <line num="129" count="1" type="stmt"/>
        <line num="130" count="1" type="stmt"/>
        <line num="131" count="1" type="cond" truecount="1" falsecount="0"/>
        <line num="132" count="1" type="stmt"/>
        <line num="133" count="1" type="stmt"/>
        <line num="134" count="1" type="stmt"/>
        <line num="135" count="1" type="stmt"/>
        <line num="136" count="1" type="stmt"/>
        <line num="137" count="1" type="cond" truecount="1" falsecount="0"/>
        <line num="138" count="1" type="stmt"/>
        <line num="139" count="1" type="stmt"/>
        <line num="140" count="1" type="stmt"/>
        <line num="141" count="1" type="stmt"/>
        <line num="142" count="1" type="stmt"/>
        <line num="144" count="1" type="stmt"/>
        <line num="145" count="1" type="stmt"/>
        <line num="146" count="1" type="stmt"/>
        <line num="147" count="1" type="stmt"/>
        <line num="148" count="1" type="stmt"/>
        <line num="149" count="1" type="stmt"/>
        <line num="150" count="1" type="stmt"/>
        <line num="152" count="1" type="stmt"/>
        <line num="153" count="1" type="stmt"/>
        <line num="154" count="1" type="stmt"/>
        <line num="155" count="1" type="stmt"/>
        <line num="156" count="1" type="stmt"/>
        <line num="157" count="1" type="stmt"/>
        <line num="158" count="1" type="stmt"/>
        <line num="159" count="1" type="stmt"/>
        <line num="160" count="1" type="stmt"/>
        <line num="161" count="1" type="stmt"/>
        <line num="162" count="1" type="stmt"/>
        <line num="163" count="1" type="stmt"/>
        <line num="164" count="1" type="stmt"/>
        <line num="166" count="1" type="stmt"/>
        <line num="167" count="1" type="stmt"/>
        <line num="168" count="1" type="stmt"/>
        <line num="169" count="1" type="stmt"/>
        <line num="170" count="1" type="stmt"/>
        <line num="171" count="1" type="stmt"/>
        <line num="172" count="1" type="stmt"/>
        <line num="173" count="1" type="stmt"/>
        <line num="174" count="1" type="stmt"/>
        <line num="175" count="1" type="stmt"/>
        <line num="176" count="1" type="stmt"/>
        <line num="178" count="1" type="stmt"/>
        <line num="179" count="1" type="stmt"/>
        <line num="180" count="1" type="stmt"/>
        <line num="181" count="1" type="stmt"/>
        <line num="182" count="1" type="stmt"/>
        <line num="183" count="1" type="stmt"/>
        <line num="185" count="1" type="stmt"/>
        <line num="186" count="1" type="cond" truecount="1" falsecount="0"/>
        <line num="188" count="1" type="cond" truecount="1" falsecount="0"/>
        <line num="189" count="28" type="stmt"/>
        <line num="190" count="28" type="stmt"/>
        <line num="191" count="28" type="stmt"/>
        <line num="192" count="28" type="stmt"/>
        <line num="194" count="28" type="stmt"/>
        <line num="196" count="28" type="stmt"/>
        <line num="198" count="28" type="stmt"/>
        <line num="199" count="28" type="stmt"/>
        <line num="200" count="28" type="stmt"/>
        <line num="201" count="28" type="stmt"/>
        <line num="202" count="28" type="stmt"/>
        <line num="204" count="28" type="stmt"/>
        <line num="205" count="28" type="stmt"/>
        <line num="206" count="28" type="stmt"/>
        <line num="207" count="28" type="stmt"/>
        <line num="208" count="28" type="stmt"/>
        <line num="209" count="28" type="stmt"/>
        <line num="210" count="28" type="stmt"/>
        <line num="211" count="28" type="stmt"/>
        <line num="212" count="28" type="cond" truecount="0" falsecount="1"/>
        <line num="213" count="0" type="stmt"/>
        <line num="214" count="0" type="stmt"/>
        <line num="215" count="0" type="stmt"/>
        <line num="216" count="0" type="stmt"/>
        <line num="217" count="0" type="stmt"/>
        <line num="218" count="0" type="stmt"/>
        <line num="219" count="28" type="stmt"/>
        <line num="221" count="1" type="cond" truecount="1" falsecount="0"/>
        <line num="222" count="4" type="cond" truecount="1" falsecount="0"/>
        <line num="223" count="4" type="stmt"/>
        <line num="225" count="1" type="cond" truecount="1" falsecount="0"/>
        <line num="226" count="8" type="stmt"/>
        <line num="227" count="8" type="stmt"/>
        <line num="228" count="8" type="stmt"/>
        <line num="230" count="8" type="cond" truecount="1" falsecount="0"/>
        <line num="231" count="1" type="stmt"/>
        <line num="232" count="1" type="stmt"/>
        <line num="233" count="1" type="stmt"/>
        <line num="234" count="1" type="stmt"/>
        <line num="235" count="1" type="stmt"/>
        <line num="237" count="1" type="cond" truecount="0" falsecount="1"/>
        <line num="238" count="0" type="stmt"/>
        <line num="239" count="0" type="stmt"/>
        <line num="240" count="0" type="stmt"/>
        <line num="241" count="0" type="stmt"/>
        <line num="242" count="0" type="stmt"/>
        <line num="243" count="0" type="stmt"/>
        <line num="244" count="8" type="cond" truecount="2" falsecount="0"/>
        <line num="245" count="6" type="stmt"/>
        <line num="246" count="6" type="stmt"/>
        <line num="247" count="6" type="stmt"/>
        <line num="248" count="6" type="stmt"/>
        <line num="249" count="6" type="stmt"/>
        <line num="251" count="6" type="cond" truecount="1" falsecount="0"/>
        <line num="252" count="4" type="stmt"/>
        <line num="253" count="4" type="stmt"/>
        <line num="254" count="4" type="stmt"/>
        <line num="255" count="4" type="stmt"/>
        <line num="256" count="4" type="stmt"/>
        <line num="257" count="4" type="stmt"/>
        <line num="258" count="7" type="cond" truecount="1" falsecount="0"/>
        <line num="259" count="1" type="stmt"/>
        <line num="260" count="1" type="stmt"/>
        <line num="261" count="1" type="stmt"/>
        <line num="262" count="1" type="stmt"/>
        <line num="263" count="1" type="stmt"/>
        <line num="265" count="1" type="cond" truecount="0" falsecount="1"/>
        <line num="266" count="0" type="stmt"/>
        <line num="267" count="0" type="stmt"/>
        <line num="268" count="0" type="stmt"/>
        <line num="269" count="0" type="stmt"/>
        <line num="270" count="0" type="stmt"/>
        <line num="271" count="0" type="stmt"/>
        <line num="272" count="1" type="stmt"/>
        <line num="274" count="8" type="cond" truecount="1" falsecount="0"/>
        <line num="275" count="1" type="stmt"/>
        <line num="276" count="1" type="stmt"/>
        <line num="277" count="1" type="stmt"/>
        <line num="278" count="1" type="stmt"/>
        <line num="279" count="1" type="stmt"/>
        <line num="280" count="1" type="stmt"/>
        <line num="282" count="8" type="stmt"/>
        <line num="283" count="8" type="stmt"/>
        <line num="284" count="8" type="stmt"/>
        <line num="285" count="8" type="stmt"/>
        <line num="286" count="8" type="stmt"/>
        <line num="288" count="8" type="stmt"/>
        <line num="289" count="8" type="stmt"/>
        <line num="290" count="8" type="stmt"/>
        <line num="291" count="8" type="stmt"/>
        <line num="292" count="8" type="stmt"/>
        <line num="293" count="8" type="stmt"/>
        <line num="294" count="8" type="stmt"/>
        <line num="296" count="1" type="cond" truecount="1" falsecount="0"/>
        <line num="297" count="7" type="stmt"/>
        <line num="299" count="7" type="stmt"/>
        <line num="300" count="7" type="stmt"/>
        <line num="302" count="7" type="cond" truecount="1" falsecount="0"/>
        <line num="303" count="6" type="stmt"/>
        <line num="304" count="6" type="stmt"/>
        <line num="305" count="6" type="stmt"/>
        <line num="306" count="6" type="cond" truecount="1" falsecount="0"/>
        <line num="307" count="6" type="stmt"/>
        <line num="308" count="6" type="stmt"/>
        <line num="309" count="6" type="stmt"/>
        <line num="310" count="6" type="stmt"/>
        <line num="311" count="7" type="cond" truecount="1" falsecount="1"/>
        <line num="312" count="0" type="stmt"/>
        <line num="313" count="0" type="stmt"/>
        <line num="314" count="0" type="stmt"/>
        <line num="315" count="0" type="stmt"/>
        <line num="316" count="0" type="stmt"/>
        <line num="317" count="0" type="stmt"/>
        <line num="318" count="0" type="stmt"/>
        <line num="319" count="0" type="stmt"/>
        <line num="320" count="0" type="stmt"/>
        <line num="322" count="7" type="cond" truecount="1" falsecount="0"/>
        <line num="323" count="23" type="cond" truecount="1" falsecount="0"/>
        <line num="324" count="16" type="stmt"/>
        <line num="325" count="16" type="stmt"/>
        <line num="326" count="16" type="stmt"/>
        <line num="327" count="16" type="stmt"/>
        <line num="328" count="16" type="stmt"/>
        <line num="329" count="16" type="stmt"/>
        <line num="330" count="16" type="stmt"/>
        <line num="331" count="16" type="stmt"/>
        <line num="332" count="16" type="stmt"/>
        <line num="333" count="23" type="stmt"/>
        <line num="334" count="7" type="stmt"/>
        <line num="336" count="7" type="stmt"/>
        <line num="337" count="7" type="stmt"/>
        <line num="339" count="7" type="stmt"/>
        <line num="340" count="7" type="stmt"/>
        <line num="342" count="1" type="cond" truecount="1" falsecount="0"/>
        <line num="343" count="6" type="cond" truecount="1" falsecount="0"/>
        <line num="345" count="6" type="cond" truecount="1" falsecount="0"/>
        <line num="346" count="2" type="cond" truecount="1" falsecount="0"/>
        <line num="347" count="2" type="cond" truecount="1" falsecount="0"/>
        <line num="349" count="4" type="stmt"/>
        <line num="350" count="6" type="stmt"/>
        <line num="352" count="1" type="cond" truecount="1" falsecount="0"/>
        <line num="353" count="6" type="cond" truecount="1" falsecount="0"/>
        <line num="354" count="4" type="cond" truecount="2" falsecount="0"/>
        <line num="355" count="6" type="stmt"/>
        <line num="357" count="1" type="cond" truecount="1" falsecount="0"/>
        <line num="358" count="28" type="stmt"/>
        <line num="360" count="28" type="cond" truecount="1" falsecount="0"/>
        <line num="361" count="280" type="cond" truecount="1" falsecount="0"/>
        <line num="362" count="51" type="stmt"/>
        <line num="363" count="51" type="stmt"/>
        <line num="364" count="280" type="stmt"/>
        <line num="366" count="28" type="cond" truecount="1" falsecount="0"/>
        <line num="367" count="1" type="stmt"/>
        <line num="368" count="1" type="stmt"/>
        <line num="370" count="28" type="cond" truecount="1" falsecount="0"/>
        <line num="371" count="11" type="stmt"/>
        <line num="372" count="11" type="stmt"/>
        <line num="374" count="28" type="cond" truecount="1" falsecount="0"/>
        <line num="375" count="6" type="stmt"/>
        <line num="376" count="6" type="stmt"/>
        <line num="378" count="28" type="cond" truecount="1" falsecount="0"/>
        <line num="379" count="2" type="stmt"/>
        <line num="380" count="2" type="stmt"/>
        <line num="382" count="28" type="cond" truecount="1" falsecount="0"/>
        <line num="383" count="15" type="stmt"/>
        <line num="384" count="15" type="stmt"/>
        <line num="386" count="28" type="stmt"/>
        <line num="387" count="28" type="stmt"/>
        <line num="389" count="1" type="cond" truecount="1" falsecount="0"/>
        <line num="390" count="28" type="cond" truecount="0" falsecount="1"/>
        <line num="391" count="28" type="stmt"/>
        <line num="393" count="1" type="cond" truecount="1" falsecount="0"/>
        <line num="394" count="28" type="cond" truecount="1" falsecount="0"/>
        <line num="395" count="40" type="cond" truecount="1" falsecount="0"/>
        <line num="396" count="28" type="stmt"/>
        <line num="398" count="28" type="cond" truecount="1" falsecount="0"/>
        <line num="399" count="17" type="stmt"/>
        <line num="400" count="17" type="cond" truecount="2" falsecount="0"/>
        <line num="402" count="11" type="cond" truecount="1" falsecount="0"/>
        <line num="403" count="12" type="stmt"/>
        <line num="404" count="12" type="stmt"/>
        <line num="405" count="12" type="stmt"/>
        <line num="406" count="11" type="stmt"/>
        <line num="408" count="24" type="cond" truecount="1" falsecount="0"/>
        <line num="409" count="3" type="stmt"/>
        <line num="410" count="3" type="cond" truecount="1" falsecount="0"/>
        <line num="412" count="8" type="stmt"/>
        <line num="413" count="28" type="stmt"/>
        <line num="415" count="1" type="cond" truecount="1" falsecount="0"/>
        <line num="416" count="28" type="cond" truecount="1" falsecount="0"/>
        <line num="417" count="17" type="stmt"/>
        <line num="418" count="28" type="cond" truecount="3" falsecount="0"/>
        <line num="419" count="1" type="stmt"/>
        <line num="420" count="11" type="cond" truecount="2" falsecount="0"/>
        <line num="421" count="1" type="stmt"/>
        <line num="422" count="1" type="cond" truecount="1" falsecount="0"/>
        <line num="423" count="9" type="stmt"/>
        <line num="424" count="28" type="stmt"/>
        <line num="426" count="1" type="cond" truecount="1" falsecount="0"/>
        <line num="427" count="28" type="stmt"/>
        <line num="429" count="28" type="cond" truecount="1" falsecount="0"/>
        <line num="430" count="280" type="cond" truecount="1" falsecount="0"/>
        <line num="431" count="51" type="stmt"/>
        <line num="432" count="51" type="stmt"/>
        <line num="433" count="51" type="stmt"/>
        <line num="434" count="51" type="stmt"/>
        <line num="435" count="51" type="stmt"/>
        <line num="436" count="51" type="stmt"/>
        <line num="437" count="51" type="stmt"/>
        <line num="438" count="51" type="stmt"/>
        <line num="439" count="51" type="stmt"/>
        <line num="440" count="280" type="stmt"/>
        <line num="442" count="28" type="stmt"/>
        <line num="443" count="28" type="cond" truecount="1" falsecount="0"/>
        <line num="444" count="26" type="cond" truecount="1" falsecount="0"/>
        <line num="445" count="26" type="stmt"/>
        <line num="446" count="26" type="stmt"/>
        <line num="447" count="26" type="stmt"/>
        <line num="448" count="26" type="stmt"/>
        <line num="449" count="26" type="stmt"/>
        <line num="450" count="26" type="stmt"/>
        <line num="451" count="26" type="stmt"/>
        <line num="452" count="26" type="stmt"/>
        <line num="453" count="26" type="stmt"/>
        <line num="455" count="28" type="cond" truecount="1" falsecount="0"/>
        <line num="456" count="28" type="stmt"/>
        <line num="458" count="1" type="cond" truecount="1" falsecount="0"/>
        <line num="459" count="51" type="stmt"/>
        <line num="461" count="51" type="stmt"/>
        <line num="462" count="51" type="stmt"/>
        <line num="463" count="51" type="stmt"/>
        <line num="465" count="51" type="stmt"/>
        <line num="466" count="51" type="stmt"/>
        <line num="467" count="51" type="stmt"/>
        <line num="469" count="51" type="cond" truecount="1" falsecount="0"/>
        <line num="470" count="50" type="stmt"/>
        <line num="471" count="50" type="stmt"/>
        <line num="473" count="51" type="stmt"/>
        <line num="474" count="51" type="stmt"/>
        <line num="476" count="1" type="cond" truecount="1" falsecount="0"/>
        <line num="477" count="28" type="stmt"/>
        <line num="478" count="28" type="stmt"/>
        <line num="480" count="28" type="cond" truecount="1" falsecount="0"/>
        <line num="481" count="252" type="cond" truecount="1" falsecount="0"/>
        <line num="482" count="26" type="cond" truecount="0" falsecount="1"/>
        <line num="483" count="26" type="stmt"/>
        <line num="484" count="26" type="stmt"/>
        <line num="485" count="26" type="stmt"/>
        <line num="486" count="26" type="stmt"/>
        <line num="487" count="26" type="stmt"/>
        <line num="488" count="26" type="stmt"/>
        <line num="489" count="26" type="stmt"/>
        <line num="490" count="252" type="stmt"/>
        <line num="492" count="28" type="stmt"/>
        <line num="493" count="28" type="stmt"/>
        <line num="495" count="1" type="cond" truecount="1" falsecount="0"/>
        <line num="496" count="28" type="cond" truecount="1" falsecount="0"/>
        <line num="497" count="30" type="cond" truecount="1" falsecount="0"/>
        <line num="498" count="28" type="stmt"/>
        <line num="499" count="28" type="stmt"/>
        <line num="501" count="1" type="cond" truecount="1" falsecount="0"/>
        <line num="502" count="6" type="cond" truecount="1" falsecount="0"/>
        <line num="503" count="4" type="cond" truecount="1" falsecount="0"/>
        <line num="504" count="4" type="cond" truecount="1" falsecount="0"/>
        <line num="505" count="4" type="cond" truecount="1" falsecount="0"/>
        <line num="506" count="3" type="stmt"/>
        <line num="507" count="6" type="stmt"/>
        <line num="509" count="1" type="cond" truecount="1" falsecount="0"/>
        <line num="510" count="28" type="cond" truecount="1" falsecount="0"/>
        <line num="511" count="28" type="stmt"/>
        <line num="513" count="1" type="cond" truecount="1" falsecount="0"/>
        <line num="514" count="28" type="cond" truecount="2" falsecount="0"/>
        <line num="515" count="4" type="stmt"/>
        <line num="516" count="4" type="cond" truecount="1" falsecount="0"/>
        <line num="517" count="28" type="cond" truecount="1" falsecount="0"/>
        <line num="518" count="28" type="stmt"/>
        <line num="520" count="1" type="cond" truecount="1" falsecount="0"/>
        <line num="521" count="28" type="cond" truecount="1" falsecount="0"/>
        <line num="522" count="29" type="stmt"/>
        <line num="523" count="29" type="cond" truecount="1" falsecount="0"/>
        <line num="524" count="75" type="cond" truecount="1" falsecount="0"/>
        <line num="525" count="16" type="stmt"/>
        <line num="526" count="16" type="stmt"/>
        <line num="527" count="75" type="cond" truecount="1" falsecount="0"/>
        <line num="528" count="13" type="cond" truecount="2" falsecount="0"/>
        <line num="530" count="24" type="cond" truecount="0" falsecount="1"/>
        <line num="531" count="0" type="stmt"/>
        <line num="532" count="0" type="cond" truecount="1" falsecount="0"/>
        <line num="533" count="24" type="cond" truecount="0" falsecount="1"/>
        <line num="534" count="0" type="stmt"/>
        <line num="535" count="0" type="cond" truecount="1" falsecount="0"/>
        <line num="536" count="24" type="cond" truecount="1" falsecount="0"/>
        <line num="537" count="1" type="stmt"/>
        <line num="538" count="1" type="cond" truecount="1" falsecount="0"/>
        <line num="540" count="11" type="stmt"/>
        <line num="541" count="28" type="stmt"/>
        <line num="543" count="1" type="cond" truecount="1" falsecount="0"/>
        <line num="544" count="8" type="stmt"/>
        <line num="546" count="8" type="cond" truecount="1" falsecount="0"/>
        <line num="547" count="1" type="stmt"/>
        <line num="548" count="1" type="cond" truecount="1" falsecount="0"/>
        <line num="549" count="8" type="cond" truecount="0" falsecount="1"/>
        <line num="550" count="0" type="stmt"/>
        <line num="551" count="0" type="cond" truecount="1" falsecount="0"/>
        <line num="552" count="8" type="cond" truecount="1" falsecount="0"/>
        <line num="553" count="1" type="stmt"/>
        <line num="554" count="1" type="cond" truecount="1" falsecount="0"/>
        <line num="556" count="6" type="stmt"/>
        <line num="557" count="8" type="stmt"/>
        <line num="559" count="1" type="cond" truecount="1" falsecount="0"/>
        <line num="560" count="8" type="stmt"/>
        <line num="561" count="8" type="stmt"/>
        <line num="563" count="8" type="cond" truecount="1" falsecount="0"/>
        <line num="564" count="1" type="stmt"/>
        <line num="565" count="1" type="stmt"/>
        <line num="566" count="8" type="cond" truecount="1" falsecount="1"/>
        <line num="567" count="0" type="stmt"/>
        <line num="568" count="0" type="stmt"/>
        <line num="569" count="7" type="cond" truecount="1" falsecount="0"/>
        <line num="570" count="1" type="stmt"/>
        <line num="571" count="1" type="stmt"/>
        <line num="572" count="7" type="cond" truecount="2" falsecount="0"/>
        <line num="573" count="1" type="stmt"/>
        <line num="574" count="1" type="stmt"/>
        <line num="575" count="6" type="cond" truecount="1" falsecount="0"/>
        <line num="576" count="5" type="stmt"/>
        <line num="577" count="5" type="stmt"/>
        <line num="578" count="5" type="stmt"/>
        <line num="580" count="8" type="stmt"/>
        <line num="581" count="8" type="stmt"/>
        <line num="583" count="1" type="cond" truecount="1" falsecount="0"/>
        <line num="584" count="7" type="stmt"/>
        <line num="585" count="7" type="stmt"/>
        <line num="586" count="7" type="stmt"/>
        <line num="588" count="1" type="cond" truecount="1" falsecount="0"/>
        <line num="589" count="57" type="stmt"/>
        <line num="590" count="57" type="stmt"/>
        <line num="591" count="1" type="stmt"/>
        <line num="593" count="1" type="stmt"/>
      </file>
      <file name="workflow-engine.ts" path="C:\CODING\---PROTOCOLS---by-VM\protocols-mcp\src\adaptation\workflow-engine.ts">
        <metrics statements="529" coveredstatements="485" conditionals="144" coveredconditionals="116" methods="23" coveredmethods="23"/>
        <line num="1" count="1" type="stmt"/>
        <line num="44" count="1" type="stmt"/>
        <line num="45" count="1" type="stmt"/>
        <line num="46" count="1" type="stmt"/>
        <line num="47" count="1" type="stmt"/>
        <line num="48" count="1" type="stmt"/>
        <line num="49" count="1" type="stmt"/>
        <line num="50" count="1" type="stmt"/>
        <line num="51" count="1" type="stmt"/>
        <line num="52" count="1" type="stmt"/>
        <line num="53" count="1" type="stmt"/>
        <line num="54" count="1" type="stmt"/>
        <line num="56" count="1" type="stmt"/>
        <line num="57" count="1" type="cond" truecount="1" falsecount="0"/>
        <line num="58" count="56" type="stmt"/>
        <line num="60" count="1" type="cond" truecount="1" falsecount="0"/>
        <line num="61" count="56" type="stmt"/>
        <line num="62" count="56" type="cond" truecount="1" falsecount="0"/>
        <line num="63" count="567" type="stmt"/>
        <line num="64" count="567" type="stmt"/>
        <line num="65" count="56" type="stmt"/>
        <line num="66" count="56" type="stmt"/>
        <line num="68" count="1" type="cond" truecount="1" falsecount="0"/>
        <line num="69" count="19" type="stmt"/>
        <line num="70" count="19" type="stmt"/>
        <line num="71" count="19" type="stmt"/>
        <line num="72" count="19" type="stmt"/>
        <line num="73" count="19" type="stmt"/>
        <line num="74" count="19" type="cond" truecount="0" falsecount="1"/>
        <line num="75" count="19" type="stmt"/>
        <line num="77" count="19" type="stmt"/>
        <line num="78" count="19" type="stmt"/>
        <line num="79" count="19" type="stmt"/>
        <line num="81" count="19" type="stmt"/>
        <line num="82" count="19" type="stmt"/>
        <line num="83" count="19" type="stmt"/>
        <line num="84" count="19" type="stmt"/>
        <line num="85" count="19" type="stmt"/>
        <line num="86" count="19" type="stmt"/>
        <line num="87" count="19" type="stmt"/>
        <line num="88" count="19" type="stmt"/>
        <line num="89" count="19" type="stmt"/>
        <line num="90" count="19" type="stmt"/>
        <line num="92" count="1" type="cond" truecount="1" falsecount="0"/>
        <line num="93" count="3" type="stmt"/>
        <line num="94" count="3" type="stmt"/>
        <line num="95" count="3" type="stmt"/>
        <line num="96" count="3" type="stmt"/>
        <line num="98" count="3" type="cond" truecount="1" falsecount="0"/>
        <line num="99" count="1" type="stmt"/>
        <line num="100" count="1" type="stmt"/>
        <line num="101" count="1" type="stmt"/>
        <line num="102" count="1" type="stmt"/>
        <line num="103" count="1" type="stmt"/>
        <line num="104" count="1" type="stmt"/>
        <line num="105" count="1" type="stmt"/>
        <line num="106" count="1" type="stmt"/>
        <line num="107" count="1" type="stmt"/>
        <line num="108" count="1" type="cond" truecount="1" falsecount="0"/>
        <line num="110" count="2" type="stmt"/>
        <line num="111" count="2" type="cond" truecount="1" falsecount="0"/>
        <line num="112" count="1" type="cond" truecount="1" falsecount="0"/>
        <line num="113" count="1" type="stmt"/>
        <line num="114" count="1" type="stmt"/>
        <line num="115" count="1" type="stmt"/>
        <line num="116" count="1" type="stmt"/>
        <line num="117" count="1" type="stmt"/>
        <line num="118" count="1" type="cond" truecount="1" falsecount="0"/>
        <line num="119" count="1" type="stmt"/>
        <line num="121" count="3" type="stmt"/>
        <line num="122" count="3" type="stmt"/>
        <line num="123" count="3" type="cond" truecount="1" falsecount="1"/>
        <line num="124" count="3" type="stmt"/>
        <line num="125" count="3" type="stmt"/>
        <line num="126" count="3" type="stmt"/>
        <line num="127" count="3" type="stmt"/>
        <line num="128" count="3" type="stmt"/>
        <line num="129" count="3" type="stmt"/>
        <line num="130" count="3" type="stmt"/>
        <line num="131" count="3" type="stmt"/>
        <line num="132" count="3" type="cond" truecount="1" falsecount="1"/>
        <line num="133" count="3" type="stmt"/>
        <line num="134" count="3" type="stmt"/>
        <line num="135" count="3" type="stmt"/>
        <line num="136" count="3" type="stmt"/>
        <line num="137" count="3" type="stmt"/>
        <line num="138" count="3" type="stmt"/>
        <line num="139" count="3" type="stmt"/>
        <line num="141" count="3" type="stmt"/>
        <line num="142" count="3" type="cond" truecount="1" falsecount="0"/>
        <line num="143" count="3" type="stmt"/>
        <line num="144" count="3" type="stmt"/>
        <line num="145" count="3" type="cond" truecount="1" falsecount="1"/>
        <line num="146" count="3" type="stmt"/>
        <line num="147" count="3" type="stmt"/>
        <line num="149" count="3" type="stmt"/>
        <line num="150" count="3" type="stmt"/>
        <line num="152" count="1" type="cond" truecount="1" falsecount="0"/>
        <line num="153" count="6" type="stmt"/>
        <line num="154" count="6" type="stmt"/>
        <line num="155" count="6" type="stmt"/>
        <line num="156" count="6" type="stmt"/>
        <line num="157" count="6" type="cond" truecount="2" falsecount="0"/>
        <line num="158" count="1" type="stmt"/>
        <line num="159" count="1" type="cond" truecount="1" falsecount="0"/>
        <line num="161" count="6" type="cond" truecount="1" falsecount="0"/>
        <line num="162" count="1" type="stmt"/>
        <line num="163" count="1" type="stmt"/>
        <line num="164" count="1" type="stmt"/>
        <line num="165" count="1" type="stmt"/>
        <line num="166" count="1" type="stmt"/>
        <line num="167" count="1" type="stmt"/>
        <line num="168" count="1" type="cond" truecount="1" falsecount="0"/>
        <line num="170" count="4" type="stmt"/>
        <line num="171" count="4" type="stmt"/>
        <line num="172" count="4" type="cond" truecount="1" falsecount="0"/>
        <line num="174" count="6" type="cond" truecount="1" falsecount="0"/>
        <line num="175" count="1" type="stmt"/>
        <line num="177" count="1" type="cond" truecount="0" falsecount="1"/>
        <line num="178" count="0" type="stmt"/>
        <line num="179" count="0" type="stmt"/>
        <line num="180" count="0" type="stmt"/>
        <line num="181" count="0" type="stmt"/>
        <line num="182" count="0" type="stmt"/>
        <line num="183" count="1" type="cond" truecount="0" falsecount="1"/>
        <line num="184" count="0" type="stmt"/>
        <line num="185" count="0" type="stmt"/>
        <line num="186" count="0" type="stmt"/>
        <line num="187" count="0" type="stmt"/>
        <line num="188" count="0" type="stmt"/>
        <line num="189" count="1" type="stmt"/>
        <line num="190" count="1" type="stmt"/>
        <line num="191" count="1" type="stmt"/>
        <line num="192" count="1" type="cond" truecount="0" falsecount="1"/>
        <line num="193" count="0" type="stmt"/>
        <line num="194" count="0" type="stmt"/>
        <line num="195" count="1" type="cond" truecount="0" falsecount="1"/>
        <line num="196" count="0" type="stmt"/>
        <line num="197" count="0" type="stmt"/>
        <line num="198" count="0" type="stmt"/>
        <line num="199" count="0" type="stmt"/>
        <line num="200" count="0" type="stmt"/>
        <line num="201" count="0" type="stmt"/>
        <line num="203" count="1" type="stmt"/>
        <line num="204" count="1" type="cond" truecount="1" falsecount="1"/>
        <line num="205" count="1" type="stmt"/>
        <line num="206" count="1" type="stmt"/>
        <line num="207" count="1" type="stmt"/>
        <line num="208" count="1" type="stmt"/>
        <line num="209" count="1" type="stmt"/>
        <line num="210" count="1" type="stmt"/>
        <line num="211" count="1" type="stmt"/>
        <line num="212" count="1" type="stmt"/>
        <line num="213" count="1" type="stmt"/>
        <line num="214" count="1" type="stmt"/>
        <line num="215" count="1" type="cond" truecount="1" falsecount="0"/>
        <line num="217" count="3" type="stmt"/>
        <line num="218" count="3" type="stmt"/>
        <line num="219" count="3" type="stmt"/>
        <line num="220" count="3" type="stmt"/>
        <line num="221" count="3" type="stmt"/>
        <line num="223" count="3" type="cond" truecount="1" falsecount="0"/>
        <line num="224" count="1" type="stmt"/>
        <line num="225" count="1" type="stmt"/>
        <line num="226" count="1" type="stmt"/>
        <line num="227" count="1" type="cond" truecount="0" falsecount="1"/>
        <line num="228" count="1" type="stmt"/>
        <line num="229" count="1" type="stmt"/>
        <line num="230" count="1" type="stmt"/>
        <line num="231" count="1" type="cond" truecount="1" falsecount="0"/>
        <line num="233" count="2" type="stmt"/>
        <line num="234" count="2" type="stmt"/>
        <line num="235" count="2" type="stmt"/>
        <line num="236" count="2" type="stmt"/>
        <line num="237" count="2" type="stmt"/>
        <line num="238" count="2" type="stmt"/>
        <line num="240" count="2" type="stmt"/>
        <line num="241" count="2" type="stmt"/>
        <line num="242" count="2" type="stmt"/>
        <line num="243" count="2" type="stmt"/>
        <line num="244" count="2" type="stmt"/>
        <line num="245" count="2" type="stmt"/>
        <line num="246" count="2" type="stmt"/>
        <line num="247" count="6" type="stmt"/>
        <line num="249" count="1" type="cond" truecount="1" falsecount="0"/>
        <line num="250" count="6" type="stmt"/>
        <line num="251" count="6" type="stmt"/>
        <line num="252" count="6" type="stmt"/>
        <line num="258" count="6" type="stmt"/>
        <line num="259" count="6" type="cond" truecount="2" falsecount="0"/>
        <line num="261" count="6" type="cond" truecount="1" falsecount="0"/>
        <line num="262" count="2" type="cond" truecount="1" falsecount="0"/>
        <line num="263" count="1" type="stmt"/>
        <line num="264" count="1" type="stmt"/>
        <line num="265" count="1" type="stmt"/>
        <line num="266" count="1" type="stmt"/>
        <line num="267" count="1" type="stmt"/>
        <line num="268" count="1" type="stmt"/>
        <line num="269" count="1" type="stmt"/>
        <line num="270" count="2" type="cond" truecount="1" falsecount="0"/>
        <line num="272" count="6" type="cond" truecount="2" falsecount="0"/>
        <line num="273" count="2" type="stmt"/>
        <line num="274" count="2" type="stmt"/>
        <line num="275" count="2" type="stmt"/>
        <line num="276" count="2" type="stmt"/>
        <line num="277" count="2" type="stmt"/>
        <line num="278" count="2" type="stmt"/>
        <line num="279" count="2" type="stmt"/>
        <line num="281" count="3" type="stmt"/>
        <line num="282" count="6" type="stmt"/>
        <line num="284" count="1" type="cond" truecount="1" falsecount="0"/>
        <line num="285" count="10" type="stmt"/>
        <line num="286" count="10" type="stmt"/>
        <line num="287" count="10" type="stmt"/>
        <line num="288" count="10" type="stmt"/>
        <line num="293" count="10" type="stmt"/>
        <line num="294" count="10" type="stmt"/>
        <line num="296" count="10" type="cond" truecount="1" falsecount="0"/>
        <line num="297" count="21" type="cond" truecount="2" falsecount="0"/>
        <line num="299" count="16" type="stmt"/>
        <line num="300" count="16" type="cond" truecount="2" falsecount="0"/>
        <line num="302" count="15" type="stmt"/>
        <line num="303" count="15" type="stmt"/>
        <line num="305" count="15" type="stmt"/>
        <line num="306" count="15" type="stmt"/>
        <line num="307" count="15" type="stmt"/>
        <line num="309" count="15" type="stmt"/>
        <line num="310" count="15" type="stmt"/>
        <line num="312" count="15" type="stmt"/>
        <line num="313" count="15" type="cond" truecount="2" falsecount="1"/>
        <line num="315" count="15" type="stmt"/>
        <line num="316" count="15" type="stmt"/>
        <line num="318" count="21" type="cond" truecount="1" falsecount="0"/>
        <line num="319" count="21" type="stmt"/>
        <line num="321" count="10" type="cond" truecount="1" falsecount="0"/>
        <line num="322" count="3" type="stmt"/>
        <line num="323" count="3" type="stmt"/>
        <line num="324" count="3" type="stmt"/>
        <line num="325" count="3" type="stmt"/>
        <line num="326" count="3" type="stmt"/>
        <line num="327" count="3" type="cond" truecount="1" falsecount="0"/>
        <line num="329" count="7" type="cond" truecount="1" falsecount="0"/>
        <line num="331" count="7" type="stmt"/>
        <line num="332" count="7" type="stmt"/>
        <line num="333" count="7" type="stmt"/>
        <line num="334" count="7" type="stmt"/>
        <line num="335" count="7" type="stmt"/>
        <line num="336" count="7" type="stmt"/>
        <line num="337" count="10" type="stmt"/>
        <line num="339" count="1" type="cond" truecount="1" falsecount="0"/>
        <line num="340" count="11" type="cond" truecount="2" falsecount="0"/>
        <line num="342" count="10" type="cond" truecount="1" falsecount="0"/>
        <line num="343" count="11" type="cond" truecount="2" falsecount="0"/>
        <line num="345" count="6" type="cond" truecount="1" falsecount="0"/>
        <line num="346" count="11" type="cond" truecount="3" falsecount="0"/>
        <line num="348" count="9" type="cond" truecount="2" falsecount="0"/>
        <line num="350" count="3" type="cond" truecount="1" falsecount="0"/>
        <line num="351" count="3" type="stmt"/>
        <line num="352" count="11" type="stmt"/>
        <line num="354" count="1" type="cond" truecount="1" falsecount="0"/>
        <line num="355" count="5" type="cond" truecount="1" falsecount="0"/>
        <line num="357" count="5" type="cond" truecount="2" falsecount="0"/>
        <line num="358" count="5" type="stmt"/>
        <line num="360" count="5" type="stmt"/>
        <line num="361" count="5" type="stmt"/>
        <line num="362" count="5" type="stmt"/>
        <line num="363" count="5" type="stmt"/>
        <line num="364" count="5" type="stmt"/>
        <line num="366" count="1" type="cond" truecount="1" falsecount="0"/>
        <line num="367" count="19" type="stmt"/>
        <line num="369" count="19" type="cond" truecount="1" falsecount="0"/>
        <line num="370" count="8" type="stmt"/>
        <line num="371" count="8" type="stmt"/>
        <line num="372" count="8" type="stmt"/>
        <line num="373" count="8" type="stmt"/>
        <line num="374" count="8" type="stmt"/>
        <line num="375" count="8" type="stmt"/>
        <line num="377" count="19" type="cond" truecount="2" falsecount="0"/>
        <line num="378" count="6" type="stmt"/>
        <line num="379" count="6" type="stmt"/>
        <line num="380" count="6" type="stmt"/>
        <line num="381" count="6" type="stmt"/>
        <line num="382" count="6" type="stmt"/>
        <line num="383" count="6" type="stmt"/>
        <line num="385" count="19" type="cond" truecount="1" falsecount="0"/>
        <line num="386" count="3" type="stmt"/>
        <line num="387" count="3" type="stmt"/>
        <line num="388" count="3" type="stmt"/>
        <line num="389" count="3" type="stmt"/>
        <line num="390" count="3" type="stmt"/>
        <line num="391" count="3" type="stmt"/>
        <line num="393" count="19" type="cond" truecount="1" falsecount="0"/>
        <line num="394" count="2" type="stmt"/>
        <line num="395" count="2" type="stmt"/>
        <line num="396" count="2" type="stmt"/>
        <line num="397" count="2" type="stmt"/>
        <line num="398" count="2" type="stmt"/>
        <line num="399" count="2" type="stmt"/>
        <line num="401" count="19" type="stmt"/>
        <line num="402" count="19" type="stmt"/>
        <line num="404" count="1" type="cond" truecount="1" falsecount="0"/>
        <line num="405" count="19" type="stmt"/>
        <line num="406" count="19" type="stmt"/>
        <line num="407" count="19" type="stmt"/>
        <line num="408" count="19" type="stmt"/>
        <line num="409" count="19" type="stmt"/>
        <line num="410" count="19" type="stmt"/>
        <line num="411" count="19" type="stmt"/>
        <line num="413" count="19" type="stmt"/>
        <line num="414" count="19" type="stmt"/>
        <line num="416" count="1" type="cond" truecount="1" falsecount="0"/>
        <line num="417" count="19" type="stmt"/>
        <line num="418" count="19" type="stmt"/>
        <line num="419" count="19" type="stmt"/>
        <line num="420" count="19" type="stmt"/>
        <line num="421" count="19" type="stmt"/>
        <line num="422" count="19" type="stmt"/>
        <line num="423" count="19" type="stmt"/>
        <line num="424" count="19" type="stmt"/>
        <line num="425" count="19" type="stmt"/>
        <line num="426" count="19" type="stmt"/>
        <line num="427" count="19" type="stmt"/>
        <line num="428" count="19" type="stmt"/>
        <line num="429" count="19" type="stmt"/>
        <line num="430" count="19" type="stmt"/>
        <line num="432" count="19" type="stmt"/>
        <line num="433" count="19" type="stmt"/>
        <line num="435" count="1" type="cond" truecount="1" falsecount="0"/>
        <line num="436" count="19" type="stmt"/>
        <line num="437" count="19" type="cond" truecount="4" falsecount="0"/>
        <line num="438" count="19" type="stmt"/>
        <line num="439" count="19" type="stmt"/>
        <line num="441" count="1" type="cond" truecount="1" falsecount="0"/>
        <line num="442" count="19" type="stmt"/>
        <line num="443" count="19" type="stmt"/>
        <line num="444" count="19" type="stmt"/>
        <line num="445" count="19" type="stmt"/>
        <line num="446" count="19" type="stmt"/>
        <line num="447" count="19" type="stmt"/>
        <line num="448" count="19" type="stmt"/>
        <line num="449" count="19" type="stmt"/>
        <line num="450" count="19" type="stmt"/>
        <line num="451" count="19" type="stmt"/>
        <line num="452" count="19" type="stmt"/>
        <line num="454" count="19" type="cond" truecount="0" falsecount="1"/>
        <line num="456" count="19" type="cond" truecount="1" falsecount="0"/>
        <line num="457" count="2" type="stmt"/>
        <line num="458" count="2" type="stmt"/>
        <line num="460" count="19" type="stmt"/>
        <line num="461" count="19" type="stmt"/>
        <line num="462" count="19" type="stmt"/>
        <line num="464" count="19" type="cond" truecount="3" falsecount="0"/>
        <line num="465" count="19" type="cond" truecount="2" falsecount="0"/>
        <line num="466" count="6" type="cond" truecount="0" falsecount="1"/>
        <line num="467" count="0" type="stmt"/>
        <line num="468" count="19" type="stmt"/>
        <line num="470" count="1" type="cond" truecount="1" falsecount="0"/>
        <line num="471" count="1" type="stmt"/>
        <line num="472" count="1" type="stmt"/>
        <line num="473" count="1" type="stmt"/>
        <line num="474" count="1" type="stmt"/>
        <line num="475" count="1" type="stmt"/>
        <line num="476" count="1" type="stmt"/>
        <line num="477" count="1" type="stmt"/>
        <line num="479" count="1" type="stmt"/>
        <line num="480" count="1" type="stmt"/>
        <line num="481" count="1" type="stmt"/>
        <line num="482" count="1" type="stmt"/>
        <line num="483" count="1" type="stmt"/>
        <line num="484" count="1" type="cond" truecount="1" falsecount="0"/>
        <line num="485" count="1" type="stmt"/>
        <line num="486" count="1" type="stmt"/>
        <line num="487" count="1" type="stmt"/>
        <line num="488" count="1" type="stmt"/>
        <line num="489" count="1" type="stmt"/>
        <line num="490" count="1" type="cond" truecount="0" falsecount="1"/>
        <line num="491" count="0" type="stmt"/>
        <line num="492" count="1" type="cond" truecount="0" falsecount="1"/>
        <line num="494" count="0" type="stmt"/>
        <line num="495" count="0" type="stmt"/>
        <line num="496" count="1" type="cond" truecount="0" falsecount="1"/>
        <line num="497" count="1" type="stmt"/>
        <line num="498" count="1" type="stmt"/>
        <line num="499" count="1" type="stmt"/>
        <line num="500" count="1" type="stmt"/>
        <line num="501" count="1" type="stmt"/>
        <line num="503" count="1" type="cond" truecount="1" falsecount="0"/>
        <line num="504" count="2" type="stmt"/>
        <line num="505" count="2" type="cond" truecount="1" falsecount="0"/>
        <line num="506" count="2" type="cond" truecount="1" falsecount="0"/>
        <line num="508" count="2" type="cond" truecount="0" falsecount="1"/>
        <line num="509" count="0" type="stmt"/>
        <line num="510" count="0" type="stmt"/>
        <line num="511" count="0" type="stmt"/>
        <line num="512" count="0" type="stmt"/>
        <line num="514" count="2" type="cond" truecount="0" falsecount="1"/>
        <line num="515" count="0" type="stmt"/>
        <line num="516" count="0" type="stmt"/>
        <line num="517" count="0" type="stmt"/>
        <line num="518" count="0" type="stmt"/>
        <line num="520" count="2" type="stmt"/>
        <line num="521" count="2" type="stmt"/>
        <line num="522" count="2" type="stmt"/>
        <line num="523" count="2" type="stmt"/>
        <line num="525" count="2" type="stmt"/>
        <line num="526" count="2" type="cond" truecount="0" falsecount="1"/>
        <line num="527" count="0" type="stmt"/>
        <line num="528" count="0" type="stmt"/>
        <line num="529" count="2" type="stmt"/>
        <line num="531" count="1" type="cond" truecount="1" falsecount="0"/>
        <line num="532" count="15" type="stmt"/>
        <line num="533" count="15" type="stmt"/>
        <line num="535" count="15" type="stmt"/>
        <line num="536" count="15" type="stmt"/>
        <line num="537" count="15" type="cond" truecount="1" falsecount="0"/>
        <line num="538" count="15" type="cond" truecount="1" falsecount="0"/>
        <line num="539" count="15" type="stmt"/>
        <line num="541" count="15" type="cond" truecount="1" falsecount="0"/>
        <line num="542" count="15" type="stmt"/>
        <line num="543" count="15" type="cond" truecount="0" falsecount="1"/>
        <line num="544" count="15" type="stmt"/>
        <line num="545" count="15" type="stmt"/>
        <line num="547" count="15" type="cond" truecount="1" falsecount="0"/>
        <line num="548" count="35" type="cond" truecount="1" falsecount="0"/>
        <line num="549" count="32" type="cond" truecount="1" falsecount="0"/>
        <line num="550" count="32" type="cond" truecount="1" falsecount="0"/>
        <line num="551" count="35" type="cond" truecount="1" falsecount="0"/>
        <line num="552" count="3" type="stmt"/>
        <line num="553" count="3" type="stmt"/>
        <line num="554" count="3" type="stmt"/>
        <line num="555" count="35" type="stmt"/>
        <line num="557" count="15" type="cond" truecount="2" falsecount="0"/>
        <line num="558" count="3" type="stmt"/>
        <line num="559" count="3" type="stmt"/>
        <line num="560" count="3" type="stmt"/>
        <line num="562" count="15" type="cond" truecount="2" falsecount="0"/>
        <line num="563" count="2" type="stmt"/>
        <line num="564" count="2" type="stmt"/>
        <line num="565" count="2" type="stmt"/>
        <line num="567" count="15" type="cond" truecount="2" falsecount="0"/>
        <line num="568" count="1" type="stmt"/>
        <line num="569" count="1" type="stmt"/>
        <line num="570" count="1" type="stmt"/>
        <line num="572" count="15" type="cond" truecount="2" falsecount="0"/>
        <line num="573" count="9" type="stmt"/>
        <line num="574" count="15" type="cond" truecount="1" falsecount="0"/>
        <line num="575" count="2" type="stmt"/>
        <line num="576" count="2" type="stmt"/>
        <line num="577" count="2" type="stmt"/>
        <line num="578" count="15" type="stmt"/>
        <line num="580" count="15" type="cond" truecount="1" falsecount="0"/>
        <line num="581" count="4" type="stmt"/>
        <line num="582" count="4" type="stmt"/>
        <line num="583" count="4" type="stmt"/>
        <line num="585" count="15" type="stmt"/>
        <line num="586" count="15" type="stmt"/>
        <line num="588" count="1" type="cond" truecount="1" falsecount="0"/>
        <line num="589" count="15" type="cond" truecount="0" falsecount="1"/>
        <line num="590" count="15" type="stmt"/>
        <line num="592" count="15" type="cond" truecount="1" falsecount="0"/>
        <line num="593" count="8" type="cond" truecount="0" falsecount="1"/>
        <line num="594" count="0" type="stmt"/>
        <line num="595" count="0" type="stmt"/>
        <line num="596" count="8" type="stmt"/>
        <line num="598" count="15" type="stmt"/>
        <line num="599" count="15" type="stmt"/>
        <line num="601" count="1" type="cond" truecount="1" falsecount="0"/>
        <line num="602" count="15" type="cond" truecount="0" falsecount="1"/>
        <line num="603" count="15" type="stmt"/>
        <line num="604" count="15" type="stmt"/>
        <line num="606" count="1" type="cond" truecount="1" falsecount="0"/>
        <line num="607" count="15" type="stmt"/>
        <line num="608" count="15" type="cond" truecount="2" falsecount="0"/>
        <line num="610" count="2" type="stmt"/>
        <line num="611" count="2" type="stmt"/>
        <line num="613" count="2" type="stmt"/>
        <line num="614" count="15" type="stmt"/>
        <line num="616" count="1" type="cond" truecount="1" falsecount="0"/>
        <line num="617" count="4" type="stmt"/>
        <line num="618" count="4" type="cond" truecount="0" falsecount="1"/>
        <line num="620" count="4" type="cond" truecount="0" falsecount="1"/>
        <line num="621" count="4" type="stmt"/>
        <line num="623" count="1" type="cond" truecount="1" falsecount="0"/>
        <line num="624" count="2" type="stmt"/>
        <line num="626" count="2" type="stmt"/>
        <line num="628" count="2" type="cond" truecount="0" falsecount="1"/>
        <line num="629" count="0" type="stmt"/>
        <line num="630" count="0" type="stmt"/>
        <line num="631" count="0" type="stmt"/>
        <line num="632" count="0" type="stmt"/>
        <line num="634" count="2" type="cond" truecount="0" falsecount="1"/>
        <line num="635" count="0" type="stmt"/>
        <line num="636" count="0" type="stmt"/>
        <line num="637" count="0" type="stmt"/>
        <line num="638" count="0" type="stmt"/>
        <line num="640" count="2" type="cond" truecount="0" falsecount="1"/>
        <line num="641" count="0" type="stmt"/>
        <line num="642" count="0" type="stmt"/>
        <line num="644" count="2" type="stmt"/>
        <line num="645" count="2" type="stmt"/>
        <line num="647" count="1" type="cond" truecount="1" falsecount="0"/>
        <line num="648" count="1" type="stmt"/>
        <line num="649" count="1" type="stmt"/>
        <line num="650" count="1" type="stmt"/>
        <line num="651" count="1" type="stmt"/>
        <line num="652" count="1" type="stmt"/>
        <line num="653" count="1" type="stmt"/>
        <line num="654" count="1" type="stmt"/>
        <line num="655" count="1" type="stmt"/>
        <line num="656" count="1" type="stmt"/>
        <line num="657" count="1" type="stmt"/>
        <line num="658" count="1" type="stmt"/>
        <line num="659" count="1" type="stmt"/>
        <line num="660" count="1" type="stmt"/>
        <line num="661" count="1" type="stmt"/>
        <line num="662" count="1" type="stmt"/>
        <line num="663" count="1" type="stmt"/>
        <line num="664" count="1" type="stmt"/>
        <line num="665" count="1" type="stmt"/>
        <line num="666" count="1" type="stmt"/>
        <line num="667" count="1" type="stmt"/>
        <line num="668" count="1" type="stmt"/>
        <line num="669" count="1" type="stmt"/>
        <line num="670" count="1" type="stmt"/>
        <line num="671" count="1" type="stmt"/>
        <line num="672" count="1" type="stmt"/>
        <line num="673" count="1" type="stmt"/>
        <line num="674" count="1" type="stmt"/>
        <line num="675" count="1" type="stmt"/>
      </file>
    </package>
    <package name="src.execution">
      <metrics statements="910" coveredstatements="767" conditionals="182" coveredconditionals="113" methods="63" coveredmethods="54"/>
      <file name="context-manager.ts" path="C:\CODING\---PROTOCOLS---by-VM\protocols-mcp\src\execution\context-manager.ts">
        <metrics statements="170" coveredstatements="156" conditionals="27" coveredconditionals="23" methods="14" coveredmethods="14"/>
        <line num="1" count="1" type="stmt"/>
        <line num="31" count="1" type="stmt"/>
        <line num="32" count="1" type="cond" truecount="1" falsecount="0"/>
        <line num="33" count="16" type="stmt"/>
        <line num="34" count="16" type="stmt"/>
        <line num="35" count="16" type="stmt"/>
        <line num="37" count="1" type="cond" truecount="1" falsecount="0"/>
        <line num="38" count="16" type="stmt"/>
        <line num="39" count="16" type="stmt"/>
        <line num="41" count="1" type="cond" truecount="1" falsecount="0"/>
        <line num="42" count="17" type="stmt"/>
        <line num="43" count="17" type="stmt"/>
        <line num="44" count="17" type="stmt"/>
        <line num="45" count="17" type="stmt"/>
        <line num="46" count="17" type="stmt"/>
        <line num="47" count="17" type="stmt"/>
        <line num="49" count="17" type="stmt"/>
        <line num="50" count="17" type="stmt"/>
        <line num="51" count="17" type="stmt"/>
        <line num="52" count="17" type="stmt"/>
        <line num="53" count="17" type="stmt"/>
        <line num="54" count="17" type="stmt"/>
[...]
        <line num="22" count="1" type="stmt"/>
        <line num="23" count="1" type="stmt"/>
        <line num="26" count="1" type="cond" truecount="1" falsecount="0"/>
        <line num="27" count="1" type="stmt"/>
        <line num="28" count="1" type="stmt"/>
        <line num="29" count="1" type="stmt"/>
        <line num="30" count="1" type="stmt"/>
        <line num="31" count="1" type="stmt"/>
        <line num="32" count="1" type="stmt"/>
        <line num="35" count="1" type="cond" truecount="1" falsecount="0"/>
        <line num="36" count="1" type="stmt"/>
        <line num="37" count="1" type="stmt"/>
        <line num="38" count="1" type="stmt"/>
        <line num="39" count="1" type="stmt"/>
        <line num="40" count="1" type="stmt"/>
        <line num="43" count="1" type="cond" truecount="1" falsecount="0"/>
        <line num="44" count="1" type="stmt"/>
        <line num="45" count="1" type="stmt"/>
        <line num="46" count="1" type="stmt"/>
        <line num="47" count="1" type="stmt"/>
        <line num="48" count="1" type="stmt"/>
        <line num="49" count="1" type="stmt"/>
        <line num="50" count="1" type="stmt"/>
        <line num="67" count="1" type="stmt"/>
        <line num="68" count="1" type="stmt"/>
        <line num="69" count="1" type="stmt"/>
        <line num="71" count="1" type="stmt"/>
        <line num="72" count="1" type="stmt"/>
        <line num="73" count="1" type="stmt"/>
        <line num="75" count="1" type="stmt"/>
        <line num="76" count="1" type="stmt"/>
        <line num="77" count="1" type="stmt"/>
        <line num="79" count="1" type="stmt"/>
        <line num="80" count="1" type="stmt"/>
        <line num="81" count="1" type="stmt"/>
        <line num="83" count="1" type="stmt"/>
        <line num="84" count="1" type="stmt"/>
        <line num="85" count="1" type="stmt"/>
        <line num="87" count="1" type="stmt"/>
        <line num="88" count="1" type="stmt"/>
        <line num="89" count="1" type="stmt"/>
        <line num="90" count="1" type="stmt"/>
        <line num="91" count="1" type="stmt"/>
        <line num="92" count="1" type="stmt"/>
        <line num="93" count="1" type="stmt"/>
        <line num="94" count="1" type="stmt"/>
        <line num="95" count="1" type="stmt"/>
        <line num="96" count="1" type="stmt"/>
        <line num="97" count="1" type="stmt"/>
        <line num="98" count="1" type="stmt"/>
        <line num="99" count="1" type="stmt"/>
      </file>
      <file name="protocol-frontmatter.ts" path="C:\CODING\---PROTOCOLS---by-VM\protocols-mcp\src\types\protocol-frontmatter.ts">
        <metrics statements="41" coveredstatements="39" conditionals="2" coveredconditionals="2" methods="2" coveredmethods="1"/>
        <line num="1" count="1" type="stmt"/>
        <line num="8" count="1" type="stmt"/>
        <line num="11" count="1" type="stmt"/>
        <line num="12" count="1" type="stmt"/>
        <line num="13" count="1" type="stmt"/>
        <line num="14" count="1" type="stmt"/>
        <line num="15" count="1" type="stmt"/>
        <line num="16" count="1" type="stmt"/>
        <line num="17" count="1" type="stmt"/>
        <line num="18" count="1" type="stmt"/>
        <line num="19" count="1" type="stmt"/>
        <line num="20" count="1" type="stmt"/>
        <line num="21" count="1" type="stmt"/>
        <line num="22" count="1" type="stmt"/>
        <line num="23" count="1" type="stmt"/>
        <line num="24" count="1" type="stmt"/>
        <line num="25" count="1" type="stmt"/>
        <line num="28" count="1" type="stmt"/>
        <line num="29" count="1" type="stmt"/>
        <line num="30" count="1" type="stmt"/>
        <line num="31" count="1" type="stmt"/>
        <line num="32" count="1" type="stmt"/>
        <line num="33" count="1" type="stmt"/>
        <line num="34" count="1" type="stmt"/>
        <line num="35" count="1" type="stmt"/>
        <line num="36" count="1" type="stmt"/>
        <line num="37" count="1" type="stmt"/>
        <line num="38" count="1" type="stmt"/>
        <line num="39" count="1" type="stmt"/>
        <line num="40" count="1" type="stmt"/>
        <line num="70" count="1" type="stmt"/>
        <line num="71" count="0" type="stmt"/>
        <line num="72" count="0" type="stmt"/>
        <line num="77" count="1" type="cond" truecount="1" falsecount="0"/>
        <line num="78" count="5" type="stmt"/>
        <line num="79" count="5" type="stmt"/>
        <line num="80" count="5" type="stmt"/>
        <line num="81" count="5" type="cond" truecount="1" falsecount="0"/>
        <line num="82" count="4" type="stmt"/>
        <line num="83" count="4" type="stmt"/>
        <line num="84" count="5" type="stmt"/>
      </file>
    </package>
    <package name="src.utils">
      <metrics statements="273" coveredstatements="114" conditionals="41" coveredconditionals="15" methods="10" coveredmethods="5"/>
      <file name="error-handler.ts" path="C:\CODING\---PROTOCOLS---by-VM\protocols-mcp\src\utils\error-handler.ts">
        <metrics statements="36" coveredstatements="36" conditionals="7" coveredconditionals="7" methods="3" coveredmethods="3"/>
        <line num="1" count="1" type="stmt"/>
        <line num="2" count="1" type="cond" truecount="1" falsecount="0"/>
        <line num="3" count="33" type="stmt"/>
        <line num="4" count="33" type="stmt"/>
        <line num="5" count="33" type="stmt"/>
        <line num="6" count="33" type="stmt"/>
        <line num="7" count="33" type="stmt"/>
        <line num="8" count="33" type="stmt"/>
        <line num="9" count="33" type="stmt"/>
        <line num="10" count="1" type="stmt"/>
        <line num="12" count="1" type="cond" truecount="1" falsecount="0"/>
        <line num="13" count="6" type="cond" truecount="1" falsecount="0"/>
        <line num="14" count="1" type="stmt"/>
        <line num="15" count="1" type="cond" truecount="1" falsecount="0"/>
        <line num="17" count="6" type="cond" truecount="1" falsecount="0"/>
        <line num="18" count="4" type="stmt"/>
        <line num="19" count="4" type="stmt"/>
        <line num="20" count="4" type="stmt"/>
        <line num="21" count="4" type="stmt"/>
        <line num="22" count="4" type="stmt"/>
        <line num="23" count="4" type="cond" truecount="1" falsecount="0"/>
        <line num="25" count="1" type="stmt"/>
        <line num="26" count="1" type="stmt"/>
        <line num="27" count="1" type="stmt"/>
        <line num="28" count="1" type="stmt"/>
        <line num="29" count="1" type="stmt"/>
        <line num="30" count="1" type="stmt"/>
        <line num="32" count="1" type="cond" truecount="1" falsecount="0"/>
        <line num="33" count="9" type="stmt"/>
        <line num="34" count="9" type="stmt"/>
        <line num="35" count="9" type="stmt"/>
        <line num="36" count="9" type="stmt"/>
        <line num="37" count="9" type="stmt"/>
        <line num="38" count="9" type="stmt"/>
        <line num="39" count="9" type="stmt"/>
        <line num="40" count="9" type="stmt"/>
      </file>
      <file name="path-resolver.ts" path="C:\CODING\---PROTOCOLS---by-VM\protocols-mcp\src\utils\path-resolver.ts">
        <metrics statements="25" coveredstatements="0" conditionals="1" coveredconditionals="0" methods="1" coveredmethods="0"/>
        <line num="1" count="0" type="cond" truecount="0" falsecount="1"/>
        <line num="5" count="0" type="stmt"/>
        <line num="9" count="0" type="stmt"/>
        <line num="10" count="0" type="stmt"/>
        <line num="11" count="0" type="stmt"/>
        <line num="12" count="0" type="stmt"/>
        <line num="13" count="0" type="stmt"/>
        <line num="15" count="0" type="stmt"/>
        <line num="16" count="0" type="stmt"/>
        <line num="17" count="0" type="stmt"/>
        <line num="19" count="0" type="stmt"/>
        <line num="20" count="0" type="stmt"/>
        <line num="22" count="0" type="stmt"/>
        <line num="23" count="0" type="stmt"/>
        <line num="24" count="0" type="stmt"/>
        <line num="25" count="0" type="stmt"/>
        <line num="26" count="0" type="stmt"/>
        <line num="28" count="0" type="stmt"/>
        <line num="29" count="0" type="stmt"/>
        <line num="30" count="0" type="stmt"/>
        <line num="31" count="0" type="stmt"/>
        <line num="33" count="0" type="stmt"/>
        <line num="34" count="0" type="stmt"/>
        <line num="35" count="0" type="stmt"/>
        <line num="36" count="0" type="stmt"/>
      </file>
      <file name="project-context-detector.ts" path="C:\CODING\---PROTOCOLS---by-VM\protocols-mcp\src\utils\project-context-detector.ts">
        <metrics statements="212" coveredstatements="78" conditionals="33" coveredconditionals="8" methods="6" coveredmethods="2"/>
        <line num="1" count="1" type="stmt"/>
        <line num="29" count="1" type="stmt"/>
        <line num="30" count="1" type="stmt"/>
        <line num="31" count="1" type="stmt"/>
        <line num="32" count="1" type="stmt"/>
        <line num="33" count="1" type="stmt"/>
        <line num="34" count="1" type="stmt"/>
        <line num="35" count="1" type="stmt"/>
        <line num="36" count="1" type="stmt"/>
        <line num="37" count="1" type="stmt"/>
        <line num="38" count="1" type="stmt"/>
        <line num="39" count="1" type="stmt"/>
        <line num="40" count="1" type="stmt"/>
        <line num="41" count="1" type="stmt"/>
        <line num="46" count="159" type="cond" truecount="1" falsecount="0"/>
        <line num="47" count="159" type="stmt"/>
        <line num="48" count="159" type="stmt"/>
        <line num="49" count="159" type="cond" truecount="0" falsecount="1"/>
        <line num="50" count="0" type="stmt"/>
        <line num="51" count="0" type="stmt"/>
        <line num="52" count="159" type="stmt"/>
        <line num="57" count="14" type="cond" truecount="1" falsecount="0"/>
        <line num="58" count="14" type="stmt"/>
        <line num="60" count="14" type="stmt"/>
        <line num="62" count="14" type="stmt"/>
        <line num="63" count="14" type="cond" truecount="1" falsecount="0"/>
        <line num="64" count="3" type="stmt"/>
        <line num="65" count="3" type="stmt"/>
        <line num="66" count="3" type="stmt"/>
        <line num="69" count="3" type="stmt"/>
        <line num="70" count="3" type="stmt"/>
        <line num="71" count="3" type="cond" truecount="0" falsecount="1"/>
        <line num="72" count="0" type="stmt"/>
        <line num="73" count="0" type="stmt"/>
        <line num="76" count="3" type="cond" truecount="0" falsecount="1"/>
        <line num="77" count="0" type="stmt"/>
        <line num="78" count="0" type="stmt"/>
        <line num="79" count="3" type="cond" truecount="0" falsecount="1"/>
        <line num="80" count="0" type="stmt"/>
        <line num="81" count="0" type="stmt"/>
        <line num="82" count="3" type="cond" truecount="0" falsecount="1"/>
        <line num="83" count="0" type="stmt"/>
        <line num="84" count="0" type="stmt"/>
        <line num="85" count="3" type="cond" truecount="0" falsecount="1"/>
        <line num="86" count="0" type="stmt"/>
        <line num="87" count="0" type="stmt"/>
        <line num="88" count="3" type="cond" truecount="0" falsecount="2"/>
        <line num="90" count="3" type="stmt"/>
        <line num="91" count="3" type="cond" truecount="0" falsecount="1"/>
        <line num="93" count="0" type="stmt"/>
        <line num="94" count="0" type="stmt"/>
        <line num="97" count="3" type="cond" truecount="0" falsecount="1"/>
        <line num="98" count="0" type="stmt"/>
        <line num="99" count="3" type="stmt"/>
        <line num="100" count="3" type="stmt"/>
        <line num="101" count="3" type="stmt"/>
        <line num="104" count="3" type="cond" truecount="0" falsecount="1"/>
        <line num="105" count="0" type="stmt"/>
        <line num="106" count="3" type="cond" truecount="0" falsecount="1"/>
        <line num="107" count="0" type="stmt"/>
        <line num="108" count="0" type="stmt"/>
        <line num="111" count="3" type="cond" truecount="0" falsecount="1"/>
        <line num="112" count="3" type="cond" truecount="0" falsecount="1"/>
        <line num="113" count="3" type="stmt"/>
        <line num="114" count="3" type="cond" truecount="0" falsecount="1"/>
        <line num="116" count="0" type="stmt"/>
        <line num="117" count="3" type="stmt"/>
        <line num="120" count="14" type="cond" truecount="1" falsecount="0"/>
        <line num="121" count="11" type="stmt"/>
        <line num="122" count="11" type="cond" truecount="0" falsecount="1"/>
        <line num="123" count="0" type="stmt"/>
        <line num="124" count="0" type="stmt"/>
        <line num="127" count="0" type="stmt"/>
        <line num="128" count="0" type="stmt"/>
        <line num="129" count="0" type="stmt"/>
        <line num="130" count="0" type="stmt"/>
        <line num="131" count="0" type="stmt"/>
        <line num="132" count="0" type="stmt"/>
        <line num="133" count="0" type="stmt"/>
        <line num="134" count="0" type="stmt"/>
        <line num="135" count="0" type="stmt"/>
        <line num="136" count="0" type="stmt"/>
        <line num="138" count="0" type="stmt"/>
        <line num="139" count="0" type="stmt"/>
        <line num="140" count="0" type="stmt"/>
        <line num="142" count="0" type="stmt"/>
        <line num="143" count="0" type="stmt"/>
        <line num="144" count="11" type="stmt"/>
        <line num="147" count="14" type="cond" truecount="1" falsecount="0"/>
        <line num="148" count="11" type="stmt"/>
        <line num="149" count="11" type="cond" truecount="0" falsecount="1"/>
        <line num="150" count="0" type="stmt"/>
        <line num="151" count="0" type="stmt"/>
        <line num="152" count="0" type="stmt"/>
        <line num="153" count="0" type="stmt"/>
        <line num="154" count="0" type="stmt"/>
        <line num="155" count="11" type="stmt"/>
        <line num="158" count="14" type="cond" truecount="1" falsecount="0"/>
        <line num="159" count="11" type="cond" truecount="0" falsecount="1"/>
        <line num="160" count="0" type="stmt"/>
        <line num="161" count="0" type="stmt"/>
        <line num="162" count="0" type="stmt"/>
        <line num="163" count="0" type="stmt"/>
        <line num="164" count="0" type="stmt"/>
        <line num="165" count="0" type="stmt"/>
        <line num="166" count="11" type="stmt"/>
        <line num="169" count="14" type="cond" truecount="1" falsecount="0"/>
        <line num="170" count="11" type="cond" truecount="0" falsecount="1"/>
        <line num="171" count="0" type="stmt"/>
        <line num="172" count="0" type="stmt"/>
        <line num="173" count="0" type="stmt"/>
        <line num="174" count="0" type="stmt"/>
        <line num="175" count="0" type="stmt"/>
        <line num="176" count="11" type="stmt"/>
        <line num="179" count="14" type="cond" truecount="1" falsecount="0"/>
        <line num="180" count="11" type="cond" truecount="0" falsecount="1"/>
        <line num="181" count="0" type="stmt"/>
        <line num="182" count="0" type="stmt"/>
        <line num="183" count="0" type="stmt"/>
        <line num="184" count="0" type="stmt"/>
        <line num="185" count="0" type="stmt"/>
        <line num="186" count="0" type="stmt"/>
        <line num="187" count="11" type="stmt"/>
        <line num="190" count="14" type="cond" truecount="0" falsecount="1"/>
        <line num="191" count="0" type="stmt"/>
        <line num="192" count="0" type="stmt"/>
        <line num="193" count="0" type="stmt"/>
        <line num="194" count="0" type="stmt"/>
        <line num="195" count="0" type="stmt"/>
        <line num="198" count="14" type="cond" truecount="0" falsecount="1"/>
        <line num="199" count="0" type="stmt"/>
        <line num="200" count="0" type="stmt"/>
        <line num="201" count="14" type="stmt"/>
        <line num="202" count="14" type="stmt"/>
        <line num="203" count="14" type="cond" truecount="0" falsecount="1"/>
        <line num="204" count="0" type="stmt"/>
        <line num="205" count="0" type="stmt"/>
        <line num="208" count="14" type="cond" truecount="0" falsecount="1"/>
        <line num="209" count="0" type="stmt"/>
        <line num="210" count="0" type="stmt"/>
        <line num="212" count="14" type="stmt"/>
        <line num="213" count="14" type="cond" truecount="0" falsecount="1"/>
        <line num="214" count="0" type="stmt"/>
        <line num="215" count="0" type="stmt"/>
        <line num="216" count="0" type="stmt"/>
        <line num="217" count="14" type="stmt"/>
        <line num="222" count="1" type="stmt"/>
        <line num="223" count="0" type="stmt"/>
        <line num="224" count="0" type="stmt"/>
        <line num="225" count="0" type="stmt"/>
        <line num="227" count="0" type="stmt"/>
        <line num="229" count="0" type="stmt"/>
        <line num="230" count="0" type="stmt"/>
        <line num="231" count="0" type="stmt"/>
        <line num="233" count="0" type="stmt"/>
        <line num="234" count="0" type="stmt"/>
        <line num="235" count="0" type="stmt"/>
        <line num="237" count="0" type="stmt"/>
        <line num="238" count="0" type="stmt"/>
        <line num="239" count="0" type="stmt"/>
        <line num="241" count="0" type="stmt"/>
        <line num="242" count="0" type="stmt"/>
        <line num="243" count="0" type="stmt"/>
        <line num="245" count="0" type="stmt"/>
        <line num="246" count="0" type="stmt"/>
        <line num="247" count="0" type="stmt"/>
        <line num="249" count="0" type="stmt"/>
        <line num="250" count="0" type="stmt"/>
        <line num="251" count="0" type="stmt"/>
        <line num="253" count="0" type="stmt"/>
        <line num="254" count="0" type="stmt"/>
        <line num="259" count="1" type="stmt"/>
        <line num="260" count="0" type="stmt"/>
        <line num="261" count="0" type="stmt"/>
        <line num="266" count="1" type="stmt"/>
        <line num="267" count="0" type="stmt"/>
        <line num="268" count="0" type="stmt"/>
        <line num="273" count="1" type="stmt"/>
        <line num="274" count="0" type="stmt"/>
        <line num="276" count="0" type="stmt"/>
        <line num="277" count="0" type="stmt"/>
        <line num="278" count="0" type="stmt"/>
        <line num="279" count="0" type="stmt"/>
        <line num="280" count="0" type="stmt"/>
        <line num="281" count="0" type="stmt"/>
        <line num="282" count="0" type="stmt"/>
        <line num="284" count="0" type="stmt"/>
        <line num="285" count="0" type="stmt"/>
        <line num="286" count="0" type="stmt"/>
        <line num="287" count="0" type="stmt"/>
        <line num="288" count="0" type="stmt"/>
        <line num="289" count="0" type="stmt"/>
        <line num="290" count="0" type="stmt"/>
        <line num="291" count="0" type="stmt"/>
        <line num="292" count="0" type="stmt"/>
        <line num="293" count="0" type="stmt"/>
        <line num="294" count="0" type="stmt"/>
        <line num="296" count="0" type="stmt"/>
        <line num="297" count="0" type="stmt"/>
        <line num="298" count="0" type="stmt"/>
        <line num="299" count="0" type="stmt"/>
        <line num="300" count="0" type="stmt"/>
        <line num="301" count="0" type="stmt"/>
        <line num="302" count="0" type="stmt"/>
        <line num="304" count="0" type="stmt"/>
        <line num="305" count="0" type="stmt"/>
        <line num="306" count="0" type="stmt"/>
        <line num="308" count="0" type="stmt"/>
        <line num="309" count="0" type="stmt"/>
        <line num="310" count="0" type="stmt"/>
        <line num="312" count="0" type="stmt"/>
        <line num="313" count="0" type="stmt"/>
      </file>
    </package>
  </project>
</coverage>
