{"C:\\CODING\\---PROTOCOLS---by-VM\\protocols-mcp\\src\\index.ts": {"path":"C:\\CODING\\---PROTOCOLS---by-VM\\protocols-mcp\\src\\index.ts","all":true,"statementMap":{"0":{"start":{"line":1,"column":0},"end":{"line":1,"column":19}},"1":{"start":{"line":2,"column":0},"end":{"line":2,"column":67}},"2":{"start":{"line":3,"column":0},"end":{"line":3,"column":81}},"3":{"start":{"line":4,"column":0},"end":{"line":4,"column":77}},"4":{"start":{"line":5,"column":0},"end":{"line":5,"column":64}},"5":{"start":{"line":6,"column":0},"end":{"line":6,"column":53}},"6":{"start":{"line":7,"column":0},"end":{"line":7,"column":52}},"7":{"start":{"line":8,"column":0},"end":{"line":8,"column":66}},"8":{"start":{"line":9,"column":0},"end":{"line":9,"column":64}},"9":{"start":{"line":10,"column":0},"end":{"line":10,"column":92}},"10":{"start":{"line":11,"column":0},"end":{"line":11,"column":75}},"11":{"start":{"line":12,"column":0},"end":{"line":12,"column":71}},"13":{"start":{"line":14,"column":0},"end":{"line":14,"column":65}},"14":{"start":{"line":15,"column":0},"end":{"line":15,"column":69}},"15":{"start":{"line":16,"column":0},"end":{"line":16,"column":71}},"16":{"start":{"line":17,"column":0},"end":{"line":17,"column":52}},"18":{"start":{"line":19,"column":0},"end":{"line":19,"column":24}},"19":{"start":{"line":20,"column":0},"end":{"line":20,"column":0}},"20":{"start":{"line":21,"column":0},"end":{"line":21,"column":21}},"21":{"start":{"line":22,"column":0},"end":{"line":22,"column":23}},"23":{"start":{"line":24,"column":0},"end":{"line":24,"column":2}},"24":{"start":{"line":25,"column":0},"end":{"line":25,"column":0}},"25":{"start":{"line":26,"column":0},"end":{"line":26,"column":29}},"26":{"start":{"line":27,"column":0},"end":{"line":27,"column":12}},"27":{"start":{"line":28,"column":0},"end":{"line":28,"column":15}},"29":{"start":{"line":30,"column":0},"end":{"line":30,"column":0}},"30":{"start":{"line":31,"column":0},"end":{"line":31,"column":38}},"31":{"start":{"line":32,"column":0},"end":{"line":32,"column":45}},"32":{"start":{"line":33,"column":0},"end":{"line":33,"column":42}},"34":{"start":{"line":35,"column":0},"end":{"line":35,"column":5}},"35":{"start":{"line":36,"column":0},"end":{"line":36,"column":0}},"36":{"start":{"line":37,"column":0},"end":{"line":37,"column":7}},"37":{"start":{"line":38,"column":0},"end":{"line":38,"column":33}},"39":{"start":{"line":40,"column":0},"end":{"line":40,"column":54}},"40":{"start":{"line":41,"column":0},"end":{"line":41,"column":0}},"41":{"start":{"line":42,"column":0},"end":{"line":42,"column":29}},"43":{"start":{"line":44,"column":0},"end":{"line":44,"column":69}},"44":{"start":{"line":45,"column":0},"end":{"line":45,"column":73}},"45":{"start":{"line":46,"column":0},"end":{"line":46,"column":0}},"46":{"start":{"line":47,"column":0},"end":{"line":47,"column":55}},"47":{"start":{"line":48,"column":0},"end":{"line":48,"column":41}},"49":{"start":{"line":50,"column":0},"end":{"line":50,"column":0}},"50":{"start":{"line":51,"column":0},"end":{"line":51,"column":25}},"51":{"start":{"line":52,"column":0},"end":{"line":52,"column":46}},"52":{"start":{"line":53,"column":0},"end":{"line":53,"column":52}},"53":{"start":{"line":54,"column":0},"end":{"line":54,"column":49}},"54":{"start":{"line":55,"column":0},"end":{"line":55,"column":23}},"56":{"start":{"line":57,"column":0},"end":{"line":57,"column":39}},"57":{"start":{"line":58,"column":0},"end":{"line":58,"column":11}},"58":{"start":{"line":59,"column":0},"end":{"line":59,"column":61}},"59":{"start":{"line":60,"column":0},"end":{"line":60,"column":72}},"60":{"start":{"line":61,"column":0},"end":{"line":61,"column":66}},"61":{"start":{"line":62,"column":0},"end":{"line":62,"column":57}},"62":{"start":{"line":63,"column":0},"end":{"line":63,"column":8}},"64":{"start":{"line":65,"column":0},"end":{"line":65,"column":71}},"65":{"start":{"line":66,"column":0},"end":{"line":66,"column":77}},"66":{"start":{"line":67,"column":0},"end":{"line":67,"column":90}},"67":{"start":{"line":68,"column":0},"end":{"line":68,"column":23}},"68":{"start":{"line":69,"column":0},"end":{"line":69,"column":19}},"69":{"start":{"line":70,"column":0},"end":{"line":70,"column":9}},"70":{"start":{"line":71,"column":0},"end":{"line":71,"column":0}},"71":{"start":{"line":72,"column":0},"end":{"line":72,"column":29}},"72":{"start":{"line":73,"column":0},"end":{"line":73,"column":65}},"73":{"start":{"line":74,"column":0},"end":{"line":74,"column":79}},"74":{"start":{"line":75,"column":0},"end":{"line":75,"column":70}},"76":{"start":{"line":77,"column":0},"end":{"line":77,"column":23}},"77":{"start":{"line":78,"column":0},"end":{"line":78,"column":80}},"78":{"start":{"line":79,"column":0},"end":{"line":79,"column":58}},"80":{"start":{"line":81,"column":0},"end":{"line":81,"column":7}},"81":{"start":{"line":82,"column":0},"end":{"line":82,"column":5}},"83":{"start":{"line":84,"column":0},"end":{"line":84,"column":25}},"84":{"start":{"line":85,"column":0},"end":{"line":85,"column":76}},"85":{"start":{"line":86,"column":0},"end":{"line":86,"column":5}},"86":{"start":{"line":87,"column":0},"end":{"line":87,"column":4}},"87":{"start":{"line":88,"column":0},"end":{"line":88,"column":46}},"88":{"start":{"line":89,"column":0},"end":{"line":89,"column":59}},"89":{"start":{"line":90,"column":0},"end":{"line":90,"column":0}},"90":{"start":{"line":91,"column":0},"end":{"line":91,"column":34}},"92":{"start":{"line":93,"column":0},"end":{"line":93,"column":65}},"93":{"start":{"line":94,"column":0},"end":{"line":94,"column":52}},"95":{"start":{"line":96,"column":0},"end":{"line":96,"column":38}},"96":{"start":{"line":97,"column":0},"end":{"line":97,"column":28}},"97":{"start":{"line":98,"column":0},"end":{"line":98,"column":59}},"98":{"start":{"line":99,"column":0},"end":{"line":99,"column":40}},"99":{"start":{"line":100,"column":0},"end":{"line":100,"column":50}},"100":{"start":{"line":101,"column":0},"end":{"line":101,"column":0}},"101":{"start":{"line":102,"column":0},"end":{"line":102,"column":45}},"102":{"start":{"line":103,"column":0},"end":{"line":103,"column":65}},"103":{"start":{"line":104,"column":0},"end":{"line":104,"column":57}},"105":{"start":{"line":106,"column":0},"end":{"line":106,"column":60}},"106":{"start":{"line":107,"column":0},"end":{"line":107,"column":61}},"107":{"start":{"line":108,"column":0},"end":{"line":108,"column":0}},"108":{"start":{"line":109,"column":0},"end":{"line":109,"column":28}},"109":{"start":{"line":110,"column":0},"end":{"line":110,"column":67}}},"s":{"0":0,"1":0,"2":0,"3":0,"4":0,"5":0,"6":0,"7":0,"8":0,"9":0,"10":0,"11":0,"13":0,"14":0,"15":0,"16":0,"18":0,"19":0,"20":0,"21":0,"23":0,"24":0,"25":0,"26":0,"27":0,"29":0,"30":0,"31":0,"32":0,"34":0,"35":0,"36":0,"37":0,"39":0,"40":0,"41":0,"43":0,"44":0,"45":0,"46":0,"47":0,"49":0,"50":0,"51":0,"52":0,"53":0,"54":0,"56":0,"57":0,"58":0,"59":0,"60":0,"61":0,"62":0,"64":0,"65":0,"66":0,"67":0,"68":0,"69":0,"70":0,"71":0,"72":0,"73":0,"74":0,"76":0,"77":0,"78":0,"80":0,"81":0,"83":0,"84":0,"85":0,"86":0,"87":0,"88":0,"89":0,"90":0,"92":0,"93":0,"95":0,"96":0,"97":0,"98":0,"99":0,"100":0,"101":0,"102":0,"103":0,"105":0,"106":0,"107":0,"108":0,"109":0},"branchMap":{"0":{"type":"branch","line":1,"loc":{"start":{"line":1,"column":0},"end":{"line":148,"column":-2076}},"locations":[{"start":{"line":1,"column":0},"end":{"line":148,"column":-2076}}]}},"b":{"0":[0]},"fnMap":{"0":{"name":"(empty-report)","decl":{"start":{"line":1,"column":0},"end":{"line":148,"column":-2076}},"loc":{"start":{"line":1,"column":0},"end":{"line":148,"column":-2076}},"line":1}},"f":{"0":0}}
,"C:\\CODING\\---PROTOCOLS---by-VM\\protocols-mcp\\src\\adaptation\\error-recovery.ts": {"path":"C:\\CODING\\---PROTOCOLS---by-VM\\protocols-mcp\\src\\adaptation\\error-recovery.ts","all":false,"statementMap":{"0":{"start":{"line":1,"column":0},"end":{"line":1,"column":76}},"4":{"start":{"line":5,"column":0},"end":{"line":5,"column":24}},"5":{"start":{"line":6,"column":0},"end":{"line":6,"column":22}},"6":{"start":{"line":7,"column":0},"end":{"line":7,"column":44}},"7":{"start":{"line":8,"column":0},"end":{"line":8,"column":34}},"8":{"start":{"line":9,"column":0},"end":{"line":9,"column":40}},"9":{"start":{"line":10,"column":0},"end":{"line":10,"column":40}},"10":{"start":{"line":11,"column":0},"end":{"line":11,"column":21}},"45":{"start":{"line":46,"column":0},"end":{"line":46,"column":69}},"46":{"start":{"line":47,"column":0},"end":{"line":47,"column":25}},"47":{"start":{"line":48,"column":0},"end":{"line":48,"column":5}},"48":{"start":{"line":49,"column":0},"end":{"line":49,"column":41}},"49":{"start":{"line":50,"column":0},"end":{"line":50,"column":57}},"50":{"start":{"line":51,"column":0},"end":{"line":51,"column":14}},"51":{"start":{"line":52,"column":0},"end":{"line":52,"column":71}},"52":{"start":{"line":53,"column":0},"end":{"line":53,"column":8}},"53":{"start":{"line":54,"column":0},"end":{"line":54,"column":27}},"54":{"start":{"line":55,"column":0},"end":{"line":55,"column":29}},"55":{"start":{"line":56,"column":0},"end":{"line":56,"column":6}},"56":{"start":{"line":57,"column":0},"end":{"line":57,"column":5}},"57":{"start":{"line":58,"column":0},"end":{"line":58,"column":27}},"58":{"start":{"line":59,"column":0},"end":{"line":59,"column":66}},"59":{"start":{"line":60,"column":0},"end":{"line":60,"column":14}},"60":{"start":{"line":61,"column":0},"end":{"line":61,"column":72}},"61":{"start":{"line":62,"column":0},"end":{"line":62,"column":43}},"62":{"start":{"line":63,"column":0},"end":{"line":63,"column":8}},"63":{"start":{"line":64,"column":0},"end":{"line":64,"column":27}},"64":{"start":{"line":65,"column":0},"end":{"line":65,"column":29}},"65":{"start":{"line":66,"column":0},"end":{"line":66,"column":6}},"66":{"start":{"line":67,"column":0},"end":{"line":67,"column":5}},"67":{"start":{"line":68,"column":0},"end":{"line":68,"column":31}},"68":{"start":{"line":69,"column":0},"end":{"line":69,"column":52}},"69":{"start":{"line":70,"column":0},"end":{"line":70,"column":14}},"70":{"start":{"line":71,"column":0},"end":{"line":71,"column":62}},"71":{"start":{"line":72,"column":0},"end":{"line":72,"column":8}},"72":{"start":{"line":73,"column":0},"end":{"line":73,"column":27}},"73":{"start":{"line":74,"column":0},"end":{"line":74,"column":29}},"74":{"start":{"line":75,"column":0},"end":{"line":75,"column":5}},"75":{"start":{"line":76,"column":0},"end":{"line":76,"column":4}},"76":{"start":{"line":77,"column":0},"end":{"line":77,"column":36}},"77":{"start":{"line":78,"column":0},"end":{"line":78,"column":5}},"78":{"start":{"line":79,"column":0},"end":{"line":79,"column":27}},"79":{"start":{"line":80,"column":0},"end":{"line":80,"column":43}},"80":{"start":{"line":81,"column":0},"end":{"line":81,"column":14}},"81":{"start":{"line":82,"column":0},"end":{"line":82,"column":68}},"82":{"start":{"line":83,"column":0},"end":{"line":83,"column":27}},"83":{"start":{"line":84,"column":0},"end":{"line":84,"column":8}},"84":{"start":{"line":85,"column":0},"end":{"line":85,"column":27}},"85":{"start":{"line":86,"column":0},"end":{"line":86,"column":30}},"86":{"start":{"line":87,"column":0},"end":{"line":87,"column":6}},"87":{"start":{"line":88,"column":0},"end":{"line":88,"column":5}},"88":{"start":{"line":89,"column":0},"end":{"line":89,"column":31}},"89":{"start":{"line":90,"column":0},"end":{"line":90,"column":58}},"90":{"start":{"line":91,"column":0},"end":{"line":91,"column":14}},"91":{"start":{"line":92,"column":0},"end":{"line":92,"column":74}},"92":{"start":{"line":93,"column":0},"end":{"line":93,"column":43}},"93":{"start":{"line":94,"column":0},"end":{"line":94,"column":8}},"94":{"start":{"line":95,"column":0},"end":{"line":95,"column":27}},"95":{"start":{"line":96,"column":0},"end":{"line":96,"column":30}},"96":{"start":{"line":97,"column":0},"end":{"line":97,"column":5}},"97":{"start":{"line":98,"column":0},"end":{"line":98,"column":4}},"98":{"start":{"line":99,"column":0},"end":{"line":99,"column":31}},"99":{"start":{"line":100,"column":0},"end":{"line":100,"column":5}},"100":{"start":{"line":101,"column":0},"end":{"line":101,"column":29}},"101":{"start":{"line":102,"column":0},"end":{"line":102,"column":44}},"102":{"start":{"line":103,"column":0},"end":{"line":103,"column":14}},"103":{"start":{"line":104,"column":0},"end":{"line":104,"column":37}},"104":{"start":{"line":105,"column":0},"end":{"line":105,"column":43}},"105":{"start":{"line":106,"column":0},"end":{"line":106,"column":8}},"106":{"start":{"line":107,"column":0},"end":{"line":107,"column":26}},"107":{"start":{"line":108,"column":0},"end":{"line":108,"column":30}},"108":{"start":{"line":109,"column":0},"end":{"line":109,"column":6}},"109":{"start":{"line":110,"column":0},"end":{"line":110,"column":5}},"110":{"start":{"line":111,"column":0},"end":{"line":111,"column":43}},"111":{"start":{"line":112,"column":0},"end":{"line":112,"column":80}},"112":{"start":{"line":113,"column":0},"end":{"line":113,"column":14}},"113":{"start":{"line":114,"column":0},"end":{"line":114,"column":79}},"114":{"start":{"line":115,"column":0},"end":{"line":115,"column":8}},"115":{"start":{"line":116,"column":0},"end":{"line":116,"column":27}},"116":{"start":{"line":117,"column":0},"end":{"line":117,"column":29}},"117":{"start":{"line":118,"column":0},"end":{"line":118,"column":5}},"118":{"start":{"line":119,"column":0},"end":{"line":119,"column":4}},"119":{"start":{"line":120,"column":0},"end":{"line":120,"column":34}},"120":{"start":{"line":121,"column":0},"end":{"line":121,"column":5}},"121":{"start":{"line":122,"column":0},"end":{"line":122,"column":34}},"122":{"start":{"line":123,"column":0},"end":{"line":123,"column":64}},"123":{"start":{"line":124,"column":0},"end":{"line":124,"column":14}},"124":{"start":{"line":125,"column":0},"end":{"line":125,"column":44}},"125":{"start":{"line":126,"column":0},"end":{"line":126,"column":79}},"126":{"start":{"line":127,"column":0},"end":{"line":127,"column":8}},"127":{"start":{"line":128,"column":0},"end":{"line":128,"column":27}},"128":{"start":{"line":129,"column":0},"end":{"line":129,"column":30}},"129":{"start":{"line":130,"column":0},"end":{"line":130,"column":6}},"130":{"start":{"line":131,"column":0},"end":{"line":131,"column":5}},"131":{"start":{"line":132,"column":0},"end":{"line":132,"column":33}},"132":{"start":{"line":133,"column":0},"end":{"line":133,"column":61}},"133":{"start":{"line":134,"column":0},"end":{"line":134,"column":14}},"134":{"start":{"line":135,"column":0},"end":{"line":135,"column":64}},"135":{"start":{"line":136,"column":0},"end":{"line":136,"column":8}},"136":{"start":{"line":137,"column":0},"end":{"line":137,"column":27}},"137":{"start":{"line":138,"column":0},"end":{"line":138,"column":29}},"138":{"start":{"line":139,"column":0},"end":{"line":139,"column":5}},"139":{"start":{"line":140,"column":0},"end":{"line":140,"column":4}},"140":{"start":{"line":141,"column":0},"end":{"line":141,"column":34}},"141":{"start":{"line":142,"column":0},"end":{"line":142,"column":5}},"142":{"start":{"line":143,"column":0},"end":{"line":143,"column":35}},"143":{"start":{"line":144,"column":0},"end":{"line":144,"column":60}},"144":{"start":{"line":145,"column":0},"end":{"line":145,"column":14}},"145":{"start":{"line":146,"column":0},"end":{"line":146,"column":74}},"146":{"start":{"line":147,"column":0},"end":{"line":147,"column":8}},"147":{"start":{"line":148,"column":0},"end":{"line":148,"column":27}},"148":{"start":{"line":149,"column":0},"end":{"line":149,"column":29}},"149":{"start":{"line":150,"column":0},"end":{"line":150,"column":6}},"150":{"start":{"line":151,"column":0},"end":{"line":151,"column":5}},"151":{"start":{"line":152,"column":0},"end":{"line":152,"column":32}},"152":{"start":{"line":153,"column":0},"end":{"line":153,"column":65}},"153":{"start":{"line":154,"column":0},"end":{"line":154,"column":14}},"154":{"start":{"line":155,"column":0},"end":{"line":155,"column":66}},"155":{"start":{"line":156,"column":0},"end":{"line":156,"column":8}},"156":{"start":{"line":157,"column":0},"end":{"line":157,"column":27}},"157":{"start":{"line":158,"column":0},"end":{"line":158,"column":29}},"158":{"start":{"line":159,"column":0},"end":{"line":159,"column":5}},"159":{"start":{"line":160,"column":0},"end":{"line":160,"column":4}},"160":{"start":{"line":161,"column":0},"end":{"line":161,"column":25}},"161":{"start":{"line":162,"column":0},"end":{"line":162,"column":5}},"162":{"start":{"line":163,"column":0},"end":{"line":163,"column":31}},"163":{"start":{"line":164,"column":0},"end":{"line":164,"column":52}},"164":{"start":{"line":165,"column":0},"end":{"line":165,"column":14}},"165":{"start":{"line":166,"column":0},"end":{"line":166,"column":44}},"166":{"start":{"line":167,"column":0},"end":{"line":167,"column":64}},"167":{"start":{"line":168,"column":0},"end":{"line":168,"column":8}},"168":{"start":{"line":169,"column":0},"end":{"line":169,"column":27}},"169":{"start":{"line":170,"column":0},"end":{"line":170,"column":29}},"170":{"start":{"line":171,"column":0},"end":{"line":171,"column":5}},"171":{"start":{"line":172,"column":0},"end":{"line":172,"column":3}},"172":{"start":{"line":173,"column":0},"end":{"line":173,"column":2}},"174":{"start":{"line":175,"column":0},"end":{"line":175,"column":34}},"175":{"start":{"line":176,"column":0},"end":{"line":176,"column":59}},"176":{"start":{"line":177,"column":0},"end":{"line":177,"column":71}},"178":{"start":{"line":179,"column":0},"end":{"line":179,"column":54}},"179":{"start":{"line":180,"column":0},"end":{"line":180,"column":31}},"180":{"start":{"line":181,"column":0},"end":{"line":181,"column":39}},"181":{"start":{"line":182,"column":0},"end":{"line":182,"column":50}},"182":{"start":{"line":183,"column":0},"end":{"line":183,"column":5}},"183":{"start":{"line":184,"column":0},"end":{"line":184,"column":34}},"184":{"start":{"line":185,"column":0},"end":{"line":185,"column":3}},"186":{"start":{"line":187,"column":0},"end":{"line":187,"column":82}},"187":{"start":{"line":188,"column":0},"end":{"line":188,"column":53}},"188":{"start":{"line":189,"column":0},"end":{"line":189,"column":45}},"190":{"start":{"line":191,"column":0},"end":{"line":191,"column":115}},"191":{"start":{"line":192,"column":0},"end":{"line":192,"column":32}},"192":{"start":{"line":193,"column":0},"end":{"line":193,"column":5}},"194":{"start":{"line":195,"column":0},"end":{"line":195,"column":120}},"195":{"start":{"line":196,"column":0},"end":{"line":196,"column":43}},"196":{"start":{"line":197,"column":0},"end":{"line":197,"column":5}},"198":{"start":{"line":199,"column":0},"end":{"line":199,"column":131}},"199":{"start":{"line":200,"column":0},"end":{"line":200,"column":38}},"200":{"start":{"line":201,"column":0},"end":{"line":201,"column":5}},"202":{"start":{"line":203,"column":0},"end":{"line":203,"column":118}},"203":{"start":{"line":204,"column":0},"end":{"line":204,"column":41}},"204":{"start":{"line":205,"column":0},"end":{"line":205,"column":5}},"206":{"start":{"line":207,"column":0},"end":{"line":207,"column":114}},"207":{"start":{"line":208,"column":0},"end":{"line":208,"column":41}},"208":{"start":{"line":209,"column":0},"end":{"line":209,"column":5}},"210":{"start":{"line":211,"column":0},"end":{"line":211,"column":30}},"211":{"start":{"line":212,"column":0},"end":{"line":212,"column":3}},"213":{"start":{"line":214,"column":0},"end":{"line":214,"column":29}},"214":{"start":{"line":215,"column":0},"end":{"line":215,"column":27}},"215":{"start":{"line":216,"column":0},"end":{"line":216,"column":25}},"216":{"start":{"line":217,"column":0},"end":{"line":217,"column":34}},"217":{"start":{"line":218,"column":0},"end":{"line":218,"column":96}},"219":{"start":{"line":220,"column":0},"end":{"line":220,"column":58}},"220":{"start":{"line":221,"column":0},"end":{"line":221,"column":19}},"221":{"start":{"line":222,"column":0},"end":{"line":222,"column":77}},"222":{"start":{"line":223,"column":0},"end":{"line":223,"column":5}},"224":{"start":{"line":225,"column":0},"end":{"line":225,"column":63}},"225":{"start":{"line":226,"column":0},"end":{"line":226,"column":62}},"227":{"start":{"line":228,"column":0},"end":{"line":228,"column":48}},"228":{"start":{"line":229,"column":0},"end":{"line":229,"column":83}},"229":{"start":{"line":230,"column":0},"end":{"line":230,"column":5}},"231":{"start":{"line":232,"column":0},"end":{"line":232,"column":22}},"232":{"start":{"line":233,"column":0},"end":{"line":233,"column":3}},"234":{"start":{"line":235,"column":0},"end":{"line":235,"column":24}},"235":{"start":{"line":236,"column":0},"end":{"line":236,"column":17}},"236":{"start":{"line":237,"column":0},"end":{"line":237,"column":31}},"237":{"start":{"line":238,"column":0},"end":{"line":238,"column":25}},"238":{"start":{"line":239,"column":0},"end":{"line":239,"column":30}},"239":{"start":{"line":240,"column":0},"end":{"line":240,"column":33}},"240":{"start":{"line":241,"column":0},"end":{"line":241,"column":21}},"241":{"start":{"line":242,"column":0},"end":{"line":242,"column":52}},"243":{"start":{"line":244,"column":0},"end":{"line":244,"column":40}},"244":{"start":{"line":245,"column":0},"end":{"line":245,"column":48}},"246":{"start":{"line":247,"column":0},"end":{"line":247,"column":45}},"247":{"start":{"line":248,"column":0},"end":{"line":248,"column":19}},"248":{"start":{"line":249,"column":0},"end":{"line":249,"column":77}},"250":{"start":{"line":251,"column":0},"end":{"line":251,"column":25}},"251":{"start":{"line":252,"column":0},"end":{"line":252,"column":99}},"252":{"start":{"line":253,"column":0},"end":{"line":253,"column":102}},"253":{"start":{"line":254,"column":0},"end":{"line":254,"column":100}},"255":{"start":{"line":256,"column":0},"end":{"line":256,"column":18}},"256":{"start":{"line":257,"column":0},"end":{"line":257,"column":26}},"257":{"start":{"line":258,"column":0},"end":{"line":258,"column":40}},"258":{"start":{"line":259,"column":0},"end":{"line":259,"column":72}},"259":{"start":{"line":260,"column":0},"end":{"line":260,"column":21}},"260":{"start":{"line":261,"column":0},"end":{"line":261,"column":45}},"261":{"start":{"line":262,"column":0},"end":{"line":262,"column":12}},"262":{"start":{"line":263,"column":0},"end":{"line":263,"column":9}},"263":{"start":{"line":264,"column":0},"end":{"line":264,"column":7}},"264":{"start":{"line":265,"column":0},"end":{"line":265,"column":5}},"266":{"start":{"line":267,"column":0},"end":{"line":267,"column":12}},"267":{"start":{"line":268,"column":0},"end":{"line":268,"column":21}},"268":{"start":{"line":269,"column":0},"end":{"line":269,"column":34}},"269":{"start":{"line":270,"column":0},"end":{"line":270,"column":23}},"270":{"start":{"line":271,"column":0},"end":{"line":271,"column":15}},"271":{"start":{"line":272,"column":0},"end":{"line":272,"column":39}},"272":{"start":{"line":273,"column":0},"end":{"line":273,"column":6}},"273":{"start":{"line":274,"column":0},"end":{"line":274,"column":3}},"275":{"start":{"line":276,"column":0},"end":{"line":276,"column":32}},"276":{"start":{"line":277,"column":0},"end":{"line":277,"column":17}},"277":{"start":{"line":278,"column":0},"end":{"line":278,"column":25}},"282":{"start":{"line":283,"column":0},"end":{"line":283,"column":6}},"283":{"start":{"line":284,"column":0},"end":{"line":284,"column":64}},"284":{"start":{"line":285,"column":0},"end":{"line":285,"column":76}},"286":{"start":{"line":287,"column":0},"end":{"line":287,"column":97}},"287":{"start":{"line":288,"column":0},"end":{"line":288,"column":103}},"289":{"start":{"line":290,"column":0},"end":{"line":290,"column":35}},"290":{"start":{"line":291,"column":0},"end":{"line":291,"column":77}},"291":{"start":{"line":292,"column":0},"end":{"line":292,"column":14}},"292":{"start":{"line":293,"column":0},"end":{"line":293,"column":29}},"293":{"start":{"line":294,"column":0},"end":{"line":294,"column":19}},"294":{"start":{"line":295,"column":0},"end":{"line":295,"column":112}},"295":{"start":{"line":296,"column":0},"end":{"line":296,"column":8}},"296":{"start":{"line":297,"column":0},"end":{"line":297,"column":5}},"298":{"start":{"line":299,"column":0},"end":{"line":299,"column":63}},"299":{"start":{"line":300,"column":0},"end":{"line":300,"column":62}},"300":{"start":{"line":301,"column":0},"end":{"line":301,"column":48}},"301":{"start":{"line":302,"column":0},"end":{"line":302,"column":14}},"302":{"start":{"line":303,"column":0},"end":{"line":303,"column":29}},"303":{"start":{"line":304,"column":0},"end":{"line":304,"column":29}},"304":{"start":{"line":305,"column":0},"end":{"line":305,"column":111}},"305":{"start":{"line":306,"column":0},"end":{"line":306,"column":8}},"306":{"start":{"line":307,"column":0},"end":{"line":307,"column":5}},"308":{"start":{"line":309,"column":0},"end":{"line":309,"column":65}},"309":{"start":{"line":310,"column":0},"end":{"line":310,"column":3}},"311":{"start":{"line":312,"column":0},"end":{"line":312,"column":33}},"312":{"start":{"line":313,"column":0},"end":{"line":313,"column":17}},"313":{"start":{"line":314,"column":0},"end":{"line":314,"column":25}},"314":{"start":{"line":315,"column":0},"end":{"line":315,"column":34}},"315":{"start":{"line":316,"column":0},"end":{"line":316,"column":64}},"316":{"start":{"line":317,"column":0},"end":{"line":317,"column":58}},"317":{"start":{"line":318,"column":0},"end":{"line":318,"column":3}},"319":{"start":{"line":320,"column":0},"end":{"line":320,"column":46}},"320":{"start":{"line":321,"column":0},"end":{"line":321,"column":19}},"321":{"start":{"line":322,"column":0},"end":{"line":322,"column":51}},"322":{"start":{"line":323,"column":0},"end":{"line":323,"column":45}},"323":{"start":{"line":324,"column":0},"end":{"line":324,"column":40}},"324":{"start":{"line":325,"column":0},"end":{"line":325,"column":9}},"325":{"start":{"line":326,"column":0},"end":{"line":326,"column":7}},"326":{"start":{"line":327,"column":0},"end":{"line":327,"column":12}},"327":{"start":{"line":328,"column":0},"end":{"line":328,"column":32}},"328":{"start":{"line":329,"column":0},"end":{"line":329,"column":5}},"329":{"start":{"line":330,"column":0},"end":{"line":330,"column":3}},"331":{"start":{"line":332,"column":0},"end":{"line":332,"column":72}},"332":{"start":{"line":333,"column":0},"end":{"line":333,"column":49}},"333":{"start":{"line":334,"column":0},"end":{"line":334,"column":3}},"335":{"start":{"line":336,"column":0},"end":{"line":336,"column":72}},"336":{"start":{"line":337,"column":0},"end":{"line":337,"column":63}},"337":{"start":{"line":338,"column":0},"end":{"line":338,"column":3}},"339":{"start":{"line":340,"column":0},"end":{"line":340,"column":32}},"340":{"start":{"line":341,"column":0},"end":{"line":341,"column":35}},"341":{"start":{"line":342,"column":0},"end":{"line":342,"column":39}},"342":{"start":{"line":343,"column":0},"end":{"line":343,"column":25}},"343":{"start":{"line":344,"column":0},"end":{"line":344,"column":25}},"344":{"start":{"line":345,"column":0},"end":{"line":345,"column":55}},"345":{"start":{"line":346,"column":0},"end":{"line":346,"column":54}},"346":{"start":{"line":347,"column":0},"end":{"line":347,"column":59}},"347":{"start":{"line":348,"column":0},"end":{"line":348,"column":51}},"348":{"start":{"line":349,"column":0},"end":{"line":349,"column":6}},"350":{"start":{"line":351,"column":0},"end":{"line":351,"column":54}},"351":{"start":{"line":352,"column":0},"end":{"line":352,"column":77}},"352":{"start":{"line":353,"column":0},"end":{"line":353,"column":5}},"354":{"start":{"line":355,"column":0},"end":{"line":355,"column":22}},"355":{"start":{"line":356,"column":0},"end":{"line":356,"column":3}},"357":{"start":{"line":358,"column":0},"end":{"line":358,"column":36}},"358":{"start":{"line":359,"column":0},"end":{"line":359,"column":23}},"359":{"start":{"line":360,"column":0},"end":{"line":360,"column":26}},"360":{"start":{"line":361,"column":0},"end":{"line":361,"column":16}},"361":{"start":{"line":362,"column":0},"end":{"line":362,"column":28}},"362":{"start":{"line":363,"column":0},"end":{"line":363,"column":26}},"363":{"start":{"line":364,"column":0},"end":{"line":364,"column":17}},"364":{"start":{"line":365,"column":0},"end":{"line":365,"column":45}},"365":{"start":{"line":366,"column":0},"end":{"line":366,"column":20}},"366":{"start":{"line":367,"column":0},"end":{"line":367,"column":18}},"367":{"start":{"line":368,"column":0},"end":{"line":368,"column":24}},"368":{"start":{"line":369,"column":0},"end":{"line":369,"column":18}},"369":{"start":{"line":370,"column":0},"end":{"line":370,"column":20}},"370":{"start":{"line":371,"column":0},"end":{"line":371,"column":18}},"371":{"start":{"line":372,"column":0},"end":{"line":372,"column":26}},"372":{"start":{"line":373,"column":0},"end":{"line":373,"column":18}},"373":{"start":{"line":374,"column":0},"end":{"line":374,"column":12}},"374":{"start":{"line":375,"column":0},"end":{"line":375,"column":19}},"375":{"start":{"line":376,"column":0},"end":{"line":376,"column":5}},"376":{"start":{"line":377,"column":0},"end":{"line":377,"column":3}},"378":{"start":{"line":379,"column":0},"end":{"line":379,"column":88}},"379":{"start":{"line":380,"column":0},"end":{"line":380,"column":40}},"380":{"start":{"line":381,"column":0},"end":{"line":381,"column":34}},"381":{"start":{"line":382,"column":0},"end":{"line":382,"column":3}},"383":{"start":{"line":384,"column":0},"end":{"line":384,"column":69}},"384":{"start":{"line":385,"column":0},"end":{"line":385,"column":12}},"385":{"start":{"line":386,"column":0},"end":{"line":386,"column":19}},"386":{"start":{"line":387,"column":0},"end":{"line":387,"column":26}},"387":{"start":{"line":388,"column":0},"end":{"line":388,"column":28}},"388":{"start":{"line":389,"column":0},"end":{"line":389,"column":20}},"389":{"start":{"line":390,"column":0},"end":{"line":390,"column":19}},"390":{"start":{"line":391,"column":0},"end":{"line":391,"column":26}},"391":{"start":{"line":392,"column":0},"end":{"line":392,"column":20}},"392":{"start":{"line":393,"column":0},"end":{"line":393,"column":20}},"393":{"start":{"line":394,"column":0},"end":{"line":394,"column":16}},"394":{"start":{"line":395,"column":0},"end":{"line":395,"column":21}},"395":{"start":{"line":396,"column":0},"end":{"line":396,"column":28}},"396":{"start":{"line":397,"column":0},"end":{"line":397,"column":21}},"397":{"start":{"line":398,"column":0},"end":{"line":398,"column":23}},"398":{"start":{"line":399,"column":0},"end":{"line":399,"column":24}},"399":{"start":{"line":400,"column":0},"end":{"line":400,"column":23}},"400":{"start":{"line":401,"column":0},"end":{"line":401,"column":21}},"401":{"start":{"line":402,"column":0},"end":{"line":402,"column":7}},"402":{"start":{"line":403,"column":0},"end":{"line":403,"column":6}},"403":{"start":{"line":404,"column":0},"end":{"line":404,"column":3}},"405":{"start":{"line":406,"column":0},"end":{"line":406,"column":93}},"406":{"start":{"line":407,"column":0},"end":{"line":407,"column":59}},"407":{"start":{"line":408,"column":0},"end":{"line":408,"column":35}},"408":{"start":{"line":409,"column":0},"end":{"line":409,"column":46}},"409":{"start":{"line":410,"column":0},"end":{"line":410,"column":43}},"410":{"start":{"line":411,"column":0},"end":{"line":411,"column":46}},"411":{"start":{"line":412,"column":0},"end":{"line":412,"column":53}},"412":{"start":{"line":413,"column":0},"end":{"line":413,"column":36}},"413":{"start":{"line":414,"column":0},"end":{"line":414,"column":6}},"415":{"start":{"line":416,"column":0},"end":{"line":416,"column":53}},"416":{"start":{"line":417,"column":0},"end":{"line":417,"column":3}},"417":{"start":{"line":418,"column":0},"end":{"line":418,"column":1}}},"s":{"0":1,"4":1,"5":1,"6":1,"7":1,"8":1,"9":1,"10":1,"45":1,"46":1,"47":1,"48":1,"49":1,"50":1,"51":1,"52":1,"53":1,"54":1,"55":1,"56":1,"57":1,"58":1,"59":1,"60":1,"61":1,"62":1,"63":1,"64":1,"65":1,"66":1,"67":1,"68":1,"69":1,"70":1,"71":1,"72":1,"73":1,"74":1,"75":1,"76":1,"77":1,"78":1,"79":1,"80":1,"81":1,"82":1,"83":1,"84":1,"85":1,"86":1,"87":1,"88":1,"89":1,"90":1,"91":1,"92":1,"93":1,"94":1,"95":1,"96":1,"97":1,"98":1,"99":1,"100":1,"101":1,"102":1,"103":1,"104":1,"105":1,"106":1,"107":1,"108":1,"109":1,"110":1,"111":1,"112":1,"113":1,"114":1,"115":1,"116":1,"117":1,"118":1,"119":1,"120":1,"121":1,"122":1,"123":1,"124":1,"125":1,"126":1,"127":1,"128":1,"129":1,"130":1,"131":1,"132":1,"133":1,"134":1,"135":1,"136":1,"137":1,"138":1,"139":1,"140":1,"141":1,"142":1,"143":1,"144":1,"145":1,"146":1,"147":1,"148":1,"149":1,"150":1,"151":1,"152":1,"153":1,"154":1,"155":1,"156":1,"157":1,"158":1,"159":1,"160":1,"161":1,"162":1,"163":1,"164":1,"165":1,"166":1,"167":1,"168":1,"169":1,"170":1,"171":1,"172":1,"174":1,"175":1,"176":55,"178":1,"179":55,"180":55,"181":376,"182":376,"183":55,"184":55,"186":1,"187":28,"188":28,"190":28,"191":7,"192":7,"194":28,"195":2,"196":2,"198":28,"199":2,"200":2,"202":28,"203":1,"204":1,"206":28,"207":1,"208":1,"210":15,"211":28,"213":1,"214":22,"215":22,"216":22,"217":22,"219":22,"220":22,"221":20,"222":20,"224":22,"225":22,"227":22,"228":0,"229":0,"231":22,"232":22,"234":1,"235":6,"236":6,"237":6,"238":6,"239":6,"240":6,"241":6,"243":6,"244":6,"246":6,"247":6,"248":6,"250":6,"251":4,"252":4,"253":4,"255":4,"256":4,"257":4,"258":4,"259":4,"260":4,"261":4,"262":4,"263":6,"264":2,"266":2,"267":2,"268":2,"269":2,"270":2,"271":2,"272":2,"273":6,"275":1,"276":10,"277":10,"282":10,"283":10,"284":10,"286":10,"287":10,"289":10,"290":9,"291":9,"292":9,"293":9,"294":9,"295":9,"296":9,"298":1,"299":1,"300":10,"301":0,"302":0,"303":0,"304":0,"305":0,"306":0,"308":1,"309":10,"311":1,"312":3,"313":3,"314":3,"315":3,"316":3,"317":3,"319":1,"320":3,"321":2,"322":0,"323":0,"324":0,"325":0,"326":3,"327":1,"328":1,"329":3,"331":1,"332":3,"333":3,"335":1,"336":101,"337":101,"339":1,"340":20,"341":20,"342":20,"343":20,"344":20,"345":20,"346":20,"347":1,"348":20,"350":20,"351":1,"352":1,"354":19,"355":20,"357":1,"358":6,"359":6,"360":6,"361":6,"362":6,"363":6,"364":4,"365":6,"366":1,"367":6,"368":1,"369":6,"370":0,"371":6,"372":0,"373":6,"374":0,"375":6,"376":6,"378":1,"379":4,"380":4,"381":4,"383":1,"384":4,"385":4,"386":4,"387":4,"388":4,"389":4,"390":4,"391":4,"392":4,"393":4,"394":4,"395":4,"396":4,"397":4,"398":4,"399":4,"400":4,"401":4,"402":4,"403":4,"405":1,"406":9,"407":9,"408":9,"409":9,"410":9,"411":9,"412":9,"413":9,"415":9,"416":9,"417":1},"branchMap":{"0":{"type":"branch","line":5,"loc":{"start":{"line":5,"column":7},"end":{"line":5,"column":24}},"locations":[{"start":{"line":5,"column":7},"end":{"line":5,"column":24}}]},"1":{"type":"branch","line":176,"loc":{"start":{"line":176,"column":10},"end":{"line":177,"column":71}},"locations":[{"start":{"line":176,"column":10},"end":{"line":177,"column":71}}]},"2":{"type":"branch","line":179,"loc":{"start":{"line":179,"column":2},"end":{"line":185,"column":3}},"locations":[{"start":{"line":179,"column":2},"end":{"line":185,"column":3}}]},"3":{"type":"branch","line":181,"loc":{"start":{"line":181,"column":38},"end":{"line":183,"column":5}},"locations":[{"start":{"line":181,"column":38},"end":{"line":183,"column":5}}]},"4":{"type":"branch","line":187,"loc":{"start":{"line":187,"column":2},"end":{"line":212,"column":3}},"locations":[{"start":{"line":187,"column":2},"end":{"line":212,"column":3}}]},"5":{"type":"branch","line":191,"loc":{"start":{"line":191,"column":114},"end":{"line":193,"column":5}},"locations":[{"start":{"line":191,"column":114},"end":{"line":193,"column":5}}]},"6":{"type":"branch","line":193,"loc":{"start":{"line":193,"column":4},"end":{"line":195,"column":119}},"locations":[{"start":{"line":193,"column":4},"end":{"line":195,"column":119}}]},"7":{"type":"branch","line":195,"loc":{"start":{"line":195,"column":119},"end":{"line":199,"column":130}},"locations":[{"start":{"line":195,"column":119},"end":{"line":199,"column":130}}]},"8":{"type":"branch","line":195,"loc":{"start":{"line":195,"column":119},"end":{"line":197,"column":5}},"locations":[{"start":{"line":195,"column":119},"end":{"line":197,"column":5}}]},"9":{"type":"branch","line":197,"loc":{"start":{"line":197,"column":4},"end":{"line":199,"column":130}},"locations":[{"start":{"line":197,"column":4},"end":{"line":199,"column":130}}]},"10":{"type":"branch","line":199,"loc":{"start":{"line":199,"column":130},"end":{"line":201,"column":5}},"locations":[{"start":{"line":199,"column":130},"end":{"line":201,"column":5}}]},"11":{"type":"branch","line":201,"loc":{"start":{"line":201,"column":4},"end":{"line":203,"column":117}},"locations":[{"start":{"line":201,"column":4},"end":{"line":203,"column":117}}]},"12":{"type":"branch","line":203,"loc":{"start":{"line":203,"column":117},"end":{"line":205,"column":5}},"locations":[{"start":{"line":203,"column":117},"end":{"line":205,"column":5}}]},"13":{"type":"branch","line":205,"loc":{"start":{"line":205,"column":4},"end":{"line":207,"column":113}},"locations":[{"start":{"line":205,"column":4},"end":{"line":207,"column":113}}]},"14":{"type":"branch","line":207,"loc":{"start":{"line":207,"column":113},"end":{"line":209,"column":5}},"locations":[{"start":{"line":207,"column":113},"end":{"line":209,"column":5}}]},"15":{"type":"branch","line":209,"loc":{"start":{"line":209,"column":4},"end":{"line":211,"column":30}},"locations":[{"start":{"line":209,"column":4},"end":{"line":211,"column":30}}]},"16":{"type":"branch","line":214,"loc":{"start":{"line":214,"column":2},"end":{"line":233,"column":3}},"locations":[{"start":{"line":214,"column":2},"end":{"line":233,"column":3}}]},"17":{"type":"branch","line":218,"loc":{"start":{"line":218,"column":51},"end":{"line":218,"column":96}},"locations":[{"start":{"line":218,"column":51},"end":{"line":218,"column":96}}]},"18":{"type":"branch","line":221,"loc":{"start":{"line":221,"column":18},"end":{"line":223,"column":5}},"locations":[{"start":{"line":221,"column":18},"end":{"line":223,"column":5}}]},"19":{"type":"branch","line":228,"loc":{"start":{"line":228,"column":8},"end":{"line":228,"column":47}},"locations":[{"start":{"line":228,"column":8},"end":{"line":228,"column":47}}]},"20":{"type":"branch","line":228,"loc":{"start":{"line":228,"column":47},"end":{"line":230,"column":5}},"locations":[{"start":{"line":228,"column":47},"end":{"line":230,"column":5}}]},"21":{"type":"branch","line":235,"loc":{"start":{"line":235,"column":2},"end":{"line":274,"column":3}},"locations":[{"start":{"line":235,"column":2},"end":{"line":274,"column":3}}]},"22":{"type":"branch","line":245,"loc":{"start":{"line":245,"column":31},"end":{"line":245,"column":48}},"locations":[{"start":{"line":245,"column":31},"end":{"line":245,"column":48}}]},"23":{"type":"branch","line":251,"loc":{"start":{"line":251,"column":24},"end":{"line":263,"column":9}},"locations":[{"start":{"line":251,"column":24},"end":{"line":263,"column":9}}]},"24":{"type":"branch","line":264,"loc":{"start":{"line":264,"column":6},"end":{"line":273,"column":6}},"locations":[{"start":{"line":264,"column":6},"end":{"line":273,"column":6}}]},"25":{"type":"branch","line":276,"loc":{"start":{"line":276,"column":2},"end":{"line":310,"column":3}},"locations":[{"start":{"line":276,"column":2},"end":{"line":310,"column":3}}]},"26":{"type":"branch","line":288,"loc":{"start":{"line":288,"column":92},"end":{"line":288,"column":103}},"locations":[{"start":{"line":288,"column":92},"end":{"line":288,"column":103}}]},"27":{"type":"branch","line":290,"loc":{"start":{"line":290,"column":34},"end":{"line":301,"column":47}},"locations":[{"start":{"line":290,"column":34},"end":{"line":301,"column":47}}]},"28":{"type":"branch","line":297,"loc":{"start":{"line":297,"column":4},"end":{"line":301,"column":23}},"locations":[{"start":{"line":297,"column":4},"end":{"line":301,"column":23}}]},"29":{"type":"branch","line":301,"loc":{"start":{"line":301,"column":8},"end":{"line":301,"column":47}},"locations":[{"start":{"line":301,"column":8},"end":{"line":301,"column":47}}]},"30":{"type":"branch","line":301,"loc":{"start":{"line":301,"column":47},"end":{"line":309,"column":65}},"locations":[{"start":{"line":301,"column":47},"end":{"line":309,"column":65}}]},"31":{"type":"branch","line":301,"loc":{"start":{"line":301,"column":47},"end":{"line":307,"column":5}},"locations":[{"start":{"line":301,"column":47},"end":{"line":307,"column":5}}]},"32":{"type":"branch","line":307,"loc":{"start":{"line":307,"column":4},"end":{"line":309,"column":65}},"locations":[{"start":{"line":307,"column":4},"end":{"line":309,"column":65}}]},"33":{"type":"branch","line":287,"loc":{"start":{"line":287,"column":54},"end":{"line":287,"column":94}},"locations":[{"start":{"line":287,"column":54},"end":{"line":287,"column":94}}]},"34":{"type":"branch","line":312,"loc":{"start":{"line":312,"column":2},"end":{"line":318,"column":3}},"locations":[{"start":{"line":312,"column":2},"end":{"line":318,"column":3}}]},"35":{"type":"branch","line":320,"loc":{"start":{"line":320,"column":2},"end":{"line":330,"column":3}},"locations":[{"start":{"line":320,"column":2},"end":{"line":330,"column":3}}]},"36":{"type":"branch","line":321,"loc":{"start":{"line":321,"column":18},"end":{"line":327,"column":11}},"locations":[{"start":{"line":321,"column":18},"end":{"line":327,"column":11}}]},"37":{"type":"branch","line":322,"loc":{"start":{"line":322,"column":50},"end":{"line":326,"column":7}},"locations":[{"start":{"line":322,"column":50},"end":{"line":326,"column":7}}]},"38":{"type":"branch","line":327,"loc":{"start":{"line":327,"column":4},"end":{"line":329,"column":5}},"locations":[{"start":{"line":327,"column":4},"end":{"line":329,"column":5}}]},"39":{"type":"branch","line":332,"loc":{"start":{"line":332,"column":2},"end":{"line":334,"column":3}},"locations":[{"start":{"line":332,"column":2},"end":{"line":334,"column":3}}]},"40":{"type":"branch","line":336,"loc":{"start":{"line":336,"column":10},"end":{"line":338,"column":3}},"locations":[{"start":{"line":336,"column":10},"end":{"line":338,"column":3}}]},"41":{"type":"branch","line":337,"loc":{"start":{"line":337,"column":25},"end":{"line":337,"column":61}},"locations":[{"start":{"line":337,"column":25},"end":{"line":337,"column":61}}]},"42":{"type":"branch","line":340,"loc":{"start":{"line":340,"column":10},"end":{"line":356,"column":3}},"locations":[{"start":{"line":340,"column":10},"end":{"line":356,"column":3}}]},"43":{"type":"branch","line":345,"loc":{"start":{"line":345,"column":35},"end":{"line":345,"column":55}},"locations":[{"start":{"line":345,"column":35},"end":{"line":345,"column":55}}]},"44":{"type":"branch","line":351,"loc":{"start":{"line":351,"column":8},"end":{"line":351,"column":53}},"locations":[{"start":{"line":351,"column":8},"end":{"line":351,"column":53}}]},"45":{"type":"branch","line":351,"loc":{"start":{"line":351,"column":53},"end":{"line":353,"column":5}},"locations":[{"start":{"line":351,"column":53},"end":{"line":353,"column":5}}]},"46":{"type":"branch","line":353,"loc":{"start":{"line":353,"column":4},"end":{"line":355,"column":22}},"locations":[{"start":{"line":353,"column":4},"end":{"line":355,"column":22}}]},"47":{"type":"branch","line":347,"loc":{"start":{"line":347,"column":55},"end":{"line":348,"column":51}},"locations":[{"start":{"line":347,"column":55},"end":{"line":348,"column":51}}]},"48":{"type":"branch","line":352,"loc":{"start":{"line":352,"column":31},"end":{"line":352,"column":75}},"locations":[{"start":{"line":352,"column":31},"end":{"line":352,"column":75}}]},"49":{"type":"branch","line":358,"loc":{"start":{"line":358,"column":2},"end":{"line":377,"column":3}},"locations":[{"start":{"line":358,"column":2},"end":{"line":377,"column":3}}]},"50":{"type":"branch","line":364,"loc":{"start":{"line":364,"column":4},"end":{"line":365,"column":45}},"locations":[{"start":{"line":364,"column":4},"end":{"line":365,"column":45}}]},"51":{"type":"branch","line":366,"loc":{"start":{"line":366,"column":4},"end":{"line":367,"column":18}},"locations":[{"start":{"line":366,"column":4},"end":{"line":367,"column":18}}]},"52":{"type":"branch","line":368,"loc":{"start":{"line":368,"column":4},"end":{"line":369,"column":18}},"locations":[{"start":{"line":368,"column":4},"end":{"line":369,"column":18}}]},"53":{"type":"branch","line":370,"loc":{"start":{"line":370,"column":4},"end":{"line":371,"column":18}},"locations":[{"start":{"line":370,"column":4},"end":{"line":371,"column":18}}]},"54":{"type":"branch","line":372,"loc":{"start":{"line":372,"column":4},"end":{"line":373,"column":18}},"locations":[{"start":{"line":372,"column":4},"end":{"line":373,"column":18}}]},"55":{"type":"branch","line":374,"loc":{"start":{"line":374,"column":4},"end":{"line":375,"column":19}},"locations":[{"start":{"line":374,"column":4},"end":{"line":375,"column":19}}]},"56":{"type":"branch","line":379,"loc":{"start":{"line":379,"column":2},"end":{"line":382,"column":3}},"locations":[{"start":{"line":379,"column":2},"end":{"line":382,"column":3}}]},"57":{"type":"branch","line":381,"loc":{"start":{"line":381,"column":11},"end":{"line":381,"column":28}},"locations":[{"start":{"line":381,"column":11},"end":{"line":381,"column":28}}]},"58":{"type":"branch","line":381,"loc":{"start":{"line":381,"column":21},"end":{"line":381,"column":34}},"locations":[{"start":{"line":381,"column":21},"end":{"line":381,"column":34}}]},"59":{"type":"branch","line":384,"loc":{"start":{"line":384,"column":10},"end":{"line":404,"column":3}},"locations":[{"start":{"line":384,"column":10},"end":{"line":404,"column":3}}]},"60":{"type":"branch","line":406,"loc":{"start":{"line":406,"column":10},"end":{"line":417,"column":3}},"locations":[{"start":{"line":406,"column":10},"end":{"line":417,"column":3}}]},"61":{"type":"branch","line":416,"loc":{"start":{"line":416,"column":39},"end":{"line":416,"column":53}},"locations":[{"start":{"line":416,"column":39},"end":{"line":416,"column":53}}]}},"b":{"0":[2],"1":[55],"2":[55],"3":[376],"4":[28],"5":[7],"6":[21],"7":[22],"8":[2],"9":[19],"10":[2],"11":[17],"12":[1],"13":[16],"14":[1],"15":[15],"16":[22],"17":[0],"18":[20],"19":[0],"20":[0],"21":[6],"22":[2],"23":[4],"24":[2],"25":[10],"26":[0],"27":[9],"28":[1],"29":[0],"30":[9],"31":[0],"32":[1],"33":[11],"34":[3],"35":[3],"36":[2],"37":[0],"38":[1],"39":[3],"40":[101],"41":[478],"42":[20],"43":[0],"44":[1],"45":[1],"46":[19],"47":[1],"48":[2],"49":[6],"50":[4],"51":[1],"52":[1],"53":[0],"54":[0],"55":[0],"56":[4],"57":[2],"58":[2],"59":[4],"60":[9],"61":[0]},"fnMap":{"0":{"name":"<instance_members_initializer>","decl":{"start":{"line":176,"column":10},"end":{"line":177,"column":71}},"loc":{"start":{"line":176,"column":10},"end":{"line":177,"column":71}},"line":176},"1":{"name":"ErrorRecoverySystem","decl":{"start":{"line":179,"column":2},"end":{"line":185,"column":3}},"loc":{"start":{"line":179,"column":2},"end":{"line":185,"column":3}},"line":179},"2":{"name":"classifyError","decl":{"start":{"line":187,"column":2},"end":{"line":212,"column":3}},"loc":{"start":{"line":187,"column":2},"end":{"line":212,"column":3}},"line":187},"3":{"name":"findRecoveryStrategy","decl":{"start":{"line":214,"column":2},"end":{"line":233,"column":3}},"loc":{"start":{"line":214,"column":2},"end":{"line":233,"column":3}},"line":214},"4":{"name":"attemptRecovery","decl":{"start":{"line":235,"column":2},"end":{"line":274,"column":3}},"loc":{"start":{"line":235,"column":2},"end":{"line":274,"column":3}},"line":235},"5":{"name":"escalateIfUnrecoverable","decl":{"start":{"line":276,"column":2},"end":{"line":310,"column":3}},"loc":{"start":{"line":276,"column":2},"end":{"line":310,"column":3}},"line":276},"6":{"name":"getAllRecoveryStrategies","decl":{"start":{"line":312,"column":2},"end":{"line":318,"column":3}},"loc":{"start":{"line":312,"column":2},"end":{"line":318,"column":3}},"line":312},"7":{"name":"clearErrorHistory","decl":{"start":{"line":320,"column":2},"end":{"line":330,"column":3}},"loc":{"start":{"line":320,"column":2},"end":{"line":330,"column":3}},"line":320},"8":{"name":"getErrorHistory","decl":{"start":{"line":332,"column":2},"end":{"line":334,"column":3}},"loc":{"start":{"line":332,"column":2},"end":{"line":334,"column":3}},"line":332},"9":{"name":"matchesPattern","decl":{"start":{"line":336,"column":10},"end":{"line":338,"column":3}},"loc":{"start":{"line":336,"column":10},"end":{"line":338,"column":3}},"line":336},"10":{"name":"filterByPrerequisites","decl":{"start":{"line":340,"column":10},"end":{"line":356,"column":3}},"loc":{"start":{"line":340,"column":10},"end":{"line":356,"column":3}},"line":340},"11":{"name":"executeRecoveryStep","decl":{"start":{"line":358,"column":2},"end":{"line":377,"column":3}},"loc":{"start":{"line":358,"column":2},"end":{"line":377,"column":3}},"line":358},"12":{"name":"simulateRetry","decl":{"start":{"line":379,"column":2},"end":{"line":382,"column":3}},"loc":{"start":{"line":379,"column":2},"end":{"line":382,"column":3}},"line":379},"13":{"name":"createSuccessResult","decl":{"start":{"line":384,"column":10},"end":{"line":404,"column":3}},"loc":{"start":{"line":384,"column":10},"end":{"line":404,"column":3}},"line":384},"14":{"name":"determineEscalationTarget","decl":{"start":{"line":406,"column":10},"end":{"line":417,"column":3}},"loc":{"start":{"line":406,"column":10},"end":{"line":417,"column":3}},"line":406}},"f":{"0":55,"1":55,"2":28,"3":22,"4":6,"5":10,"6":3,"7":3,"8":3,"9":101,"10":20,"11":6,"12":4,"13":4,"14":9}}
,"C:\\CODING\\---PROTOCOLS---by-VM\\protocols-mcp\\src\\adaptation\\risk-assessment.ts": {"path":"C:\\CODING\\---PROTOCOLS---by-VM\\protocols-mcp\\src\\adaptation\\risk-assessment.ts","all":false,"statementMap":{"0":{"start":{"line":1,"column":0},"end":{"line":1,"column":24}},"3":{"start":{"line":4,"column":0},"end":{"line":4,"column":23}},"4":{"start":{"line":5,"column":0},"end":{"line":5,"column":14}},"5":{"start":{"line":6,"column":0},"end":{"line":6,"column":20}},"6":{"start":{"line":7,"column":0},"end":{"line":7,"column":16}},"7":{"start":{"line":8,"column":0},"end":{"line":8,"column":23}},"10":{"start":{"line":11,"column":0},"end":{"line":11,"column":42}},"11":{"start":{"line":12,"column":0},"end":{"line":12,"column":19}},"12":{"start":{"line":13,"column":0},"end":{"line":13,"column":57}},"13":{"start":{"line":14,"column":0},"end":{"line":14,"column":79}},"14":{"start":{"line":15,"column":0},"end":{"line":15,"column":49}},"15":{"start":{"line":16,"column":0},"end":{"line":16,"column":47}},"16":{"start":{"line":17,"column":0},"end":{"line":17,"column":46}},"17":{"start":{"line":18,"column":0},"end":{"line":18,"column":40}},"18":{"start":{"line":19,"column":0},"end":{"line":19,"column":50}},"19":{"start":{"line":20,"column":0},"end":{"line":20,"column":35}},"20":{"start":{"line":21,"column":0},"end":{"line":21,"column":12}},"80":{"start":{"line":81,"column":0},"end":{"line":81,"column":32}},"81":{"start":{"line":82,"column":0},"end":{"line":82,"column":3}},"82":{"start":{"line":83,"column":0},"end":{"line":83,"column":63}},"83":{"start":{"line":84,"column":0},"end":{"line":84,"column":17}},"84":{"start":{"line":85,"column":0},"end":{"line":85,"column":57}},"85":{"start":{"line":86,"column":0},"end":{"line":86,"column":94}},"86":{"start":{"line":87,"column":0},"end":{"line":87,"column":4}},"87":{"start":{"line":88,"column":0},"end":{"line":88,"column":3}},"88":{"start":{"line":89,"column":0},"end":{"line":89,"column":56}},"89":{"start":{"line":90,"column":0},"end":{"line":90,"column":16}},"90":{"start":{"line":91,"column":0},"end":{"line":91,"column":56}},"91":{"start":{"line":92,"column":0},"end":{"line":92,"column":92}},"92":{"start":{"line":93,"column":0},"end":{"line":93,"column":4}},"93":{"start":{"line":94,"column":0},"end":{"line":94,"column":3}},"94":{"start":{"line":95,"column":0},"end":{"line":95,"column":66}},"95":{"start":{"line":96,"column":0},"end":{"line":96,"column":16}},"96":{"start":{"line":97,"column":0},"end":{"line":97,"column":60}},"97":{"start":{"line":98,"column":0},"end":{"line":98,"column":84}},"98":{"start":{"line":99,"column":0},"end":{"line":99,"column":4}},"99":{"start":{"line":100,"column":0},"end":{"line":100,"column":3}},"100":{"start":{"line":101,"column":0},"end":{"line":101,"column":71}},"101":{"start":{"line":102,"column":0},"end":{"line":102,"column":16}},"102":{"start":{"line":103,"column":0},"end":{"line":103,"column":60}},"103":{"start":{"line":104,"column":0},"end":{"line":104,"column":93}},"104":{"start":{"line":105,"column":0},"end":{"line":105,"column":4}},"105":{"start":{"line":106,"column":0},"end":{"line":106,"column":3}},"106":{"start":{"line":107,"column":0},"end":{"line":107,"column":63}},"107":{"start":{"line":108,"column":0},"end":{"line":108,"column":16}},"108":{"start":{"line":109,"column":0},"end":{"line":109,"column":49}},"109":{"start":{"line":110,"column":0},"end":{"line":110,"column":77}},"110":{"start":{"line":111,"column":0},"end":{"line":111,"column":4}},"111":{"start":{"line":112,"column":0},"end":{"line":112,"column":3}},"112":{"start":{"line":113,"column":0},"end":{"line":113,"column":63}},"113":{"start":{"line":114,"column":0},"end":{"line":114,"column":16}},"114":{"start":{"line":115,"column":0},"end":{"line":115,"column":57}},"115":{"start":{"line":116,"column":0},"end":{"line":116,"column":72}},"116":{"start":{"line":117,"column":0},"end":{"line":117,"column":4}},"117":{"start":{"line":118,"column":0},"end":{"line":118,"column":3}},"118":{"start":{"line":119,"column":0},"end":{"line":119,"column":66}},"119":{"start":{"line":120,"column":0},"end":{"line":120,"column":16}},"120":{"start":{"line":121,"column":0},"end":{"line":121,"column":51}},"121":{"start":{"line":122,"column":0},"end":{"line":122,"column":73}},"122":{"start":{"line":123,"column":0},"end":{"line":123,"column":4}},"123":{"start":{"line":124,"column":0},"end":{"line":124,"column":3}},"124":{"start":{"line":125,"column":0},"end":{"line":125,"column":65}},"125":{"start":{"line":126,"column":0},"end":{"line":126,"column":16}},"126":{"start":{"line":127,"column":0},"end":{"line":127,"column":54}},"127":{"start":{"line":128,"column":0},"end":{"line":128,"column":83}},"128":{"start":{"line":129,"column":0},"end":{"line":129,"column":4}},"129":{"start":{"line":130,"column":0},"end":{"line":130,"column":3}},"130":{"start":{"line":131,"column":0},"end":{"line":131,"column":63}},"131":{"start":{"line":132,"column":0},"end":{"line":132,"column":16}},"132":{"start":{"line":133,"column":0},"end":{"line":133,"column":61}},"133":{"start":{"line":134,"column":0},"end":{"line":134,"column":63}},"134":{"start":{"line":135,"column":0},"end":{"line":135,"column":4}},"135":{"start":{"line":136,"column":0},"end":{"line":136,"column":3}},"136":{"start":{"line":137,"column":0},"end":{"line":137,"column":67}},"137":{"start":{"line":138,"column":0},"end":{"line":138,"column":16}},"138":{"start":{"line":139,"column":0},"end":{"line":139,"column":52}},"139":{"start":{"line":140,"column":0},"end":{"line":140,"column":59}},"140":{"start":{"line":141,"column":0},"end":{"line":141,"column":3}},"141":{"start":{"line":142,"column":0},"end":{"line":142,"column":2}},"143":{"start":{"line":144,"column":0},"end":{"line":144,"column":51}},"144":{"start":{"line":145,"column":0},"end":{"line":145,"column":17}},"145":{"start":{"line":146,"column":0},"end":{"line":146,"column":14}},"146":{"start":{"line":147,"column":0},"end":{"line":147,"column":10}},"147":{"start":{"line":148,"column":0},"end":{"line":148,"column":12}},"148":{"start":{"line":149,"column":0},"end":{"line":149,"column":18}},"149":{"start":{"line":150,"column":0},"end":{"line":150,"column":2}},"151":{"start":{"line":152,"column":0},"end":{"line":152,"column":34}},"152":{"start":{"line":153,"column":0},"end":{"line":153,"column":9}},"153":{"start":{"line":154,"column":0},"end":{"line":154,"column":19}},"154":{"start":{"line":155,"column":0},"end":{"line":155,"column":10}},"155":{"start":{"line":156,"column":0},"end":{"line":156,"column":13}},"156":{"start":{"line":157,"column":0},"end":{"line":157,"column":12}},"157":{"start":{"line":158,"column":0},"end":{"line":158,"column":12}},"158":{"start":{"line":159,"column":0},"end":{"line":159,"column":11}},"159":{"start":{"line":160,"column":0},"end":{"line":160,"column":9}},"160":{"start":{"line":161,"column":0},"end":{"line":161,"column":13}},"161":{"start":{"line":162,"column":0},"end":{"line":162,"column":14}},"162":{"start":{"line":163,"column":0},"end":{"line":163,"column":12}},"163":{"start":{"line":164,"column":0},"end":{"line":164,"column":2}},"165":{"start":{"line":166,"column":0},"end":{"line":166,"column":27}},"166":{"start":{"line":167,"column":0},"end":{"line":167,"column":10}},"167":{"start":{"line":168,"column":0},"end":{"line":168,"column":11}},"168":{"start":{"line":169,"column":0},"end":{"line":169,"column":14}},"169":{"start":{"line":170,"column":0},"end":{"line":170,"column":13}},"170":{"start":{"line":171,"column":0},"end":{"line":171,"column":13}},"171":{"start":{"line":172,"column":0},"end":{"line":172,"column":12}},"172":{"start":{"line":173,"column":0},"end":{"line":173,"column":14}},"173":{"start":{"line":174,"column":0},"end":{"line":174,"column":9}},"174":{"start":{"line":175,"column":0},"end":{"line":175,"column":10}},"175":{"start":{"line":176,"column":0},"end":{"line":176,"column":2}},"177":{"start":{"line":178,"column":0},"end":{"line":178,"column":54}},"178":{"start":{"line":179,"column":0},"end":{"line":179,"column":45}},"179":{"start":{"line":180,"column":0},"end":{"line":180,"column":32}},"180":{"start":{"line":181,"column":0},"end":{"line":181,"column":37}},"181":{"start":{"line":182,"column":0},"end":{"line":182,"column":37}},"182":{"start":{"line":183,"column":0},"end":{"line":183,"column":2}},"184":{"start":{"line":185,"column":0},"end":{"line":185,"column":35}},"185":{"start":{"line":186,"column":0},"end":{"line":186,"column":59}},"187":{"start":{"line":188,"column":0},"end":{"line":188,"column":73}},"188":{"start":{"line":189,"column":0},"end":{"line":189,"column":9}},"189":{"start":{"line":190,"column":0},"end":{"line":190,"column":56}},"190":{"start":{"line":191,"column":0},"end":{"line":191,"column":68}},"191":{"start":{"line":192,"column":0},"end":{"line":192,"column":90}},"193":{"start":{"line":194,"column":0},"end":{"line":194,"column":71}},"195":{"start":{"line":196,"column":0},"end":{"line":196,"column":60}},"197":{"start":{"line":198,"column":0},"end":{"line":198,"column":51}},"198":{"start":{"line":199,"column":0},"end":{"line":199,"column":61}},"199":{"start":{"line":200,"column":0},"end":{"line":200,"column":60}},"200":{"start":{"line":201,"column":0},"end":{"line":201,"column":68}},"201":{"start":{"line":202,"column":0},"end":{"line":202,"column":61}},"203":{"start":{"line":204,"column":0},"end":{"line":204,"column":14}},"204":{"start":{"line":205,"column":0},"end":{"line":205,"column":14}},"205":{"start":{"line":206,"column":0},"end":{"line":206,"column":14}},"206":{"start":{"line":207,"column":0},"end":{"line":207,"column":16}},"207":{"start":{"line":208,"column":0},"end":{"line":208,"column":25}},"208":{"start":{"line":209,"column":0},"end":{"line":209,"column":23}},"209":{"start":{"line":210,"column":0},"end":{"line":210,"column":25}},"210":{"start":{"line":211,"column":0},"end":{"line":211,"column":8}},"211":{"start":{"line":212,"column":0},"end":{"line":212,"column":21}},"212":{"start":{"line":213,"column":0},"end":{"line":213,"column":30}},"213":{"start":{"line":214,"column":0},"end":{"line":214,"column":106}},"214":{"start":{"line":215,"column":0},"end":{"line":215,"column":32}},"215":{"start":{"line":216,"column":0},"end":{"line":216,"column":18}},"216":{"start":{"line":217,"column":0},"end":{"line":217,"column":8}},"217":{"start":{"line":218,"column":0},"end":{"line":218,"column":5}},"218":{"start":{"line":219,"column":0},"end":{"line":219,"column":3}},"220":{"start":{"line":221,"column":0},"end":{"line":221,"column":50}},"221":{"start":{"line":222,"column":0},"end":{"line":222,"column":66}},"222":{"start":{"line":223,"column":0},"end":{"line":223,"column":3}},"224":{"start":{"line":225,"column":0},"end":{"line":225,"column":73}},"225":{"start":{"line":226,"column":0},"end":{"line":226,"column":37}},"226":{"start":{"line":227,"column":0},"end":{"line":227,"column":60}},"227":{"start":{"line":228,"column":0},"end":{"line":228,"column":73}},"229":{"start":{"line":230,"column":0},"end":{"line":230,"column":37}},"230":{"start":{"line":231,"column":0},"end":{"line":231,"column":18}},"231":{"start":{"line":232,"column":0},"end":{"line":232,"column":38}},"232":{"start":{"line":233,"column":0},"end":{"line":233,"column":55}},"233":{"start":{"line":234,"column":0},"end":{"line":234,"column":88}},"234":{"start":{"line":235,"column":0},"end":{"line":235,"column":9}},"236":{"start":{"line":237,"column":0},"end":{"line":237,"column":44}},"237":{"start":{"line":238,"column":0},"end":{"line":238,"column":20}},"238":{"start":{"line":239,"column":0},"end":{"line":239,"column":36}},"239":{"start":{"line":240,"column":0},"end":{"line":240,"column":71}},"240":{"start":{"line":241,"column":0},"end":{"line":241,"column":67}},"241":{"start":{"line":242,"column":0},"end":{"line":242,"column":11}},"242":{"start":{"line":243,"column":0},"end":{"line":243,"column":7}},"243":{"start":{"line":244,"column":0},"end":{"line":244,"column":48}},"244":{"start":{"line":245,"column":0},"end":{"line":245,"column":18}},"245":{"start":{"line":246,"column":0},"end":{"line":246,"column":33}},"246":{"start":{"line":247,"column":0},"end":{"line":247,"column":55}},"247":{"start":{"line":248,"column":0},"end":{"line":248,"column":73}},"248":{"start":{"line":249,"column":0},"end":{"line":249,"column":9}},"250":{"start":{"line":251,"column":0},"end":{"line":251,"column":42}},"251":{"start":{"line":252,"column":0},"end":{"line":252,"column":20}},"252":{"start":{"line":253,"column":0},"end":{"line":253,"column":42}},"253":{"start":{"line":254,"column":0},"end":{"line":254,"column":45}},"254":{"start":{"line":255,"column":0},"end":{"line":255,"column":63}},"255":{"start":{"line":256,"column":0},"end":{"line":256,"column":11}},"256":{"start":{"line":257,"column":0},"end":{"line":257,"column":7}},"257":{"start":{"line":258,"column":0},"end":{"line":258,"column":44}},"258":{"start":{"line":259,"column":0},"end":{"line":259,"column":18}},"259":{"start":{"line":260,"column":0},"end":{"line":260,"column":39}},"260":{"start":{"line":261,"column":0},"end":{"line":261,"column":55}},"261":{"start":{"line":262,"column":0},"end":{"line":262,"column":57}},"262":{"start":{"line":263,"column":0},"end":{"line":263,"column":9}},"264":{"start":{"line":265,"column":0},"end":{"line":265,"column":44}},"265":{"start":{"line":266,"column":0},"end":{"line":266,"column":20}},"266":{"start":{"line":267,"column":0},"end":{"line":267,"column":40}},"267":{"start":{"line":268,"column":0},"end":{"line":268,"column":71}},"268":{"start":{"line":269,"column":0},"end":{"line":269,"column":68}},"269":{"start":{"line":270,"column":0},"end":{"line":270,"column":11}},"270":{"start":{"line":271,"column":0},"end":{"line":271,"column":7}},"271":{"start":{"line":272,"column":0},"end":{"line":272,"column":5}},"273":{"start":{"line":274,"column":0},"end":{"line":274,"column":37}},"274":{"start":{"line":275,"column":0},"end":{"line":275,"column":18}},"275":{"start":{"line":276,"column":0},"end":{"line":276,"column":34}},"276":{"start":{"line":277,"column":0},"end":{"line":277,"column":49}},"277":{"start":{"line":278,"column":0},"end":{"line":278,"column":68}},"278":{"start":{"line":279,"column":0},"end":{"line":279,"column":9}},"279":{"start":{"line":280,"column":0},"end":{"line":280,"column":5}},"281":{"start":{"line":282,"column":0},"end":{"line":282,"column":16}},"282":{"start":{"line":283,"column":0},"end":{"line":283,"column":35}},"283":{"start":{"line":284,"column":0},"end":{"line":284,"column":25}},"284":{"start":{"line":285,"column":0},"end":{"line":285,"column":69}},"285":{"start":{"line":286,"column":0},"end":{"line":286,"column":7}},"287":{"start":{"line":288,"column":0},"end":{"line":288,"column":12}},"288":{"start":{"line":289,"column":0},"end":{"line":289,"column":12}},"289":{"start":{"line":290,"column":0},"end":{"line":290,"column":20}},"290":{"start":{"line":291,"column":0},"end":{"line":291,"column":17}},"291":{"start":{"line":292,"column":0},"end":{"line":292,"column":16}},"292":{"start":{"line":293,"column":0},"end":{"line":293,"column":6}},"293":{"start":{"line":294,"column":0},"end":{"line":294,"column":3}},"295":{"start":{"line":296,"column":0},"end":{"line":296,"column":78}},"296":{"start":{"line":297,"column":0},"end":{"line":297,"column":35}},"298":{"start":{"line":299,"column":0},"end":{"line":299,"column":45}},"299":{"start":{"line":300,"column":0},"end":{"line":300,"column":63}},"301":{"start":{"line":302,"column":0},"end":{"line":302,"column":52}},"302":{"start":{"line":303,"column":0},"end":{"line":303,"column":21}},"303":{"start":{"line":304,"column":0},"end":{"line":304,"column":32}},"304":{"start":{"line":305,"column":0},"end":{"line":305,"column":36}},"305":{"start":{"line":306,"column":0},"end":{"line":306,"column":116}},"306":{"start":{"line":307,"column":0},"end":{"line":307,"column":47}},"307":{"start":{"line":308,"column":0},"end":{"line":308,"column":83}},"308":{"start":{"line":309,"column":0},"end":{"line":309,"column":39}},"309":{"start":{"line":310,"column":0},"end":{"line":310,"column":11}},"310":{"start":{"line":311,"column":0},"end":{"line":311,"column":55}},"311":{"start":{"line":312,"column":0},"end":{"line":312,"column":21}},"312":{"start":{"line":313,"column":0},"end":{"line":313,"column":32}},"313":{"start":{"line":314,"column":0},"end":{"line":314,"column":32}},"314":{"start":{"line":315,"column":0},"end":{"line":315,"column":58}},"315":{"start":{"line":316,"column":0},"end":{"line":316,"column":47}},"316":{"start":{"line":317,"column":0},"end":{"line":317,"column":74}},"317":{"start":{"line":318,"column":0},"end":{"line":318,"column":40}},"318":{"start":{"line":319,"column":0},"end":{"line":319,"column":11}},"319":{"start":{"line":320,"column":0},"end":{"line":320,"column":7}},"321":{"start":{"line":322,"column":0},"end":{"line":322,"column":48}},"322":{"start":{"line":323,"column":0},"end":{"line":323,"column":35}},"323":{"start":{"line":324,"column":0},"end":{"line":324,"column":23}},"324":{"start":{"line":325,"column":0},"end":{"line":325,"column":34}},"325":{"start":{"line":326,"column":0},"end":{"line":326,"column":34}},"326":{"start":{"line":327,"column":0},"end":{"line":327,"column":36}},"327":{"start":{"line":328,"column":0},"end":{"line":328,"column":49}},"328":{"start":{"line":329,"column":0},"end":{"line":329,"column":47}},"329":{"start":{"line":330,"column":0},"end":{"line":330,"column":57}},"330":{"start":{"line":331,"column":0},"end":{"line":331,"column":13}},"331":{"start":{"line":332,"column":0},"end":{"line":332,"column":9}},"332":{"start":{"line":333,"column":0},"end":{"line":333,"column":7}},"333":{"start":{"line":334,"column":0},"end":{"line":334,"column":5}},"335":{"start":{"line":336,"column":0},"end":{"line":336,"column":30}},"336":{"start":{"line":337,"column":0},"end":{"line":337,"column":43}},"338":{"start":{"line":339,"column":0},"end":{"line":339,"column":18}},"339":{"start":{"line":340,"column":0},"end":{"line":340,"column":3}},"341":{"start":{"line":342,"column":0},"end":{"line":342,"column":88}},"342":{"start":{"line":343,"column":0},"end":{"line":343,"column":56}},"344":{"start":{"line":345,"column":0},"end":{"line":345,"column":16}},"345":{"start":{"line":346,"column":0},"end":{"line":346,"column":59}},"346":{"start":{"line":347,"column":0},"end":{"line":347,"column":5}},"348":{"start":{"line":349,"column":0},"end":{"line":349,"column":18}},"349":{"start":{"line":350,"column":0},"end":{"line":350,"column":3}},"351":{"start":{"line":352,"column":0},"end":{"line":352,"column":59}},"352":{"start":{"line":353,"column":0},"end":{"line":353,"column":53}},"353":{"start":{"line":354,"column":0},"end":{"line":354,"column":98}},"354":{"start":{"line":355,"column":0},"end":{"line":355,"column":3}},"356":{"start":{"line":357,"column":0},"end":{"line":357,"column":58}},"357":{"start":{"line":358,"column":0},"end":{"line":358,"column":22}},"359":{"start":{"line":360,"column":0},"end":{"line":360,"column":36}},"360":{"start":{"line":361,"column":0},"end":{"line":361,"column":35}},"361":{"start":{"line":362,"column":0},"end":{"line":362,"column":35}},"362":{"start":{"line":363,"column":0},"end":{"line":363,"column":7}},"363":{"start":{"line":364,"column":0},"end":{"line":364,"column":5}},"365":{"start":{"line":366,"column":0},"end":{"line":366,"column":33}},"366":{"start":{"line":367,"column":0},"end":{"line":367,"column":22}},"367":{"start":{"line":368,"column":0},"end":{"line":368,"column":5}},"369":{"start":{"line":370,"column":0},"end":{"line":370,"column":34}},"370":{"start":{"line":371,"column":0},"end":{"line":371,"column":22}},"371":{"start":{"line":372,"column":0},"end":{"line":372,"column":5}},"373":{"start":{"line":374,"column":0},"end":{"line":374,"column":27}},"374":{"start":{"line":375,"column":0},"end":{"line":375,"column":22}},"375":{"start":{"line":376,"column":0},"end":{"line":376,"column":5}},"377":{"start":{"line":378,"column":0},"end":{"line":378,"column":37}},"378":{"start":{"line":379,"column":0},"end":{"line":379,"column":22}},"379":{"start":{"line":380,"column":0},"end":{"line":380,"column":5}},"381":{"start":{"line":382,"column":0},"end":{"line":382,"column":57}},"382":{"start":{"line":383,"column":0},"end":{"line":383,"column":22}},"383":{"start":{"line":384,"column":0},"end":{"line":384,"column":5}},"385":{"start":{"line":386,"column":0},"end":{"line":386,"column":21}},"386":{"start":{"line":387,"column":0},"end":{"line":387,"column":3}},"388":{"start":{"line":389,"column":0},"end":{"line":389,"column":53}},"389":{"start":{"line":390,"column":0},"end":{"line":390,"column":41}},"390":{"start":{"line":391,"column":0},"end":{"line":391,"column":3}},"392":{"start":{"line":393,"column":0},"end":{"line":393,"column":70}},"393":{"start":{"line":394,"column":0},"end":{"line":394,"column":54}},"394":{"start":{"line":395,"column":0},"end":{"line":395,"column":76}},"395":{"start":{"line":396,"column":0},"end":{"line":396,"column":13}},"397":{"start":{"line":398,"column":0},"end":{"line":398,"column":28}},"398":{"start":{"line":399,"column":0},"end":{"line":399,"column":15}},"399":{"start":{"line":400,"column":0},"end":{"line":400,"column":5}},"401":{"start":{"line":402,"column":0},"end":{"line":402,"column":60}},"402":{"start":{"line":403,"column":0},"end":{"line":403,"column":32}},"403":{"start":{"line":404,"column":0},"end":{"line":404,"column":32}},"404":{"start":{"line":405,"column":0},"end":{"line":405,"column":27}},"405":{"start":{"line":406,"column":0},"end":{"line":406,"column":6}},"407":{"start":{"line":408,"column":0},"end":{"line":408,"column":32}},"408":{"start":{"line":409,"column":0},"end":{"line":409,"column":17}},"409":{"start":{"line":410,"column":0},"end":{"line":410,"column":5}},"411":{"start":{"line":412,"column":0},"end":{"line":412,"column":13}},"412":{"start":{"line":413,"column":0},"end":{"line":413,"column":3}},"414":{"start":{"line":415,"column":0},"end":{"line":415,"column":56}},"415":{"start":{"line":416,"column":0},"end":{"line":416,"column":22}},"416":{"start":{"line":417,"column":0},"end":{"line":417,"column":32}},"417":{"start":{"line":418,"column":0},"end":{"line":418,"column":29}},"418":{"start":{"line":419,"column":0},"end":{"line":419,"column":28}},"419":{"start":{"line":420,"column":0},"end":{"line":420,"column":29}},"420":{"start":{"line":421,"column":0},"end":{"line":421,"column":30}},"421":{"start":{"line":422,"column":0},"end":{"line":422,"column":5}},"422":{"start":{"line":423,"column":0},"end":{"line":423,"column":25}},"423":{"start":{"line":424,"column":0},"end":{"line":424,"column":3}},"425":{"start":{"line":426,"column":0},"end":{"line":426,"column":80}},"426":{"start":{"line":427,"column":0},"end":{"line":427,"column":37}},"428":{"start":{"line":429,"column":0},"end":{"line":429,"column":36}},"429":{"start":{"line":430,"column":0},"end":{"line":430,"column":35}},"430":{"start":{"line":431,"column":0},"end":{"line":431,"column":61}},"431":{"start":{"line":432,"column":0},"end":{"line":432,"column":22}},"432":{"start":{"line":433,"column":0},"end":{"line":433,"column":29}},"433":{"start":{"line":434,"column":0},"end":{"line":434,"column":32}},"434":{"start":{"line":435,"column":0},"end":{"line":435,"column":34}},"435":{"start":{"line":436,"column":0},"end":{"line":436,"column":38}},"436":{"start":{"line":437,"column":0},"end":{"line":437,"column":18}},"437":{"start":{"line":438,"column":0},"end":{"line":438,"column":11}},"438":{"start":{"line":439,"column":0},"end":{"line":439,"column":7}},"439":{"start":{"line":440,"column":0},"end":{"line":440,"column":5}},"441":{"start":{"line":442,"column":0},"end":{"line":442,"column":65}},"442":{"start":{"line":443,"column":0},"end":{"line":443,"column":45}},"443":{"start":{"line":444,"column":0},"end":{"line":444,"column":62}},"444":{"start":{"line":445,"column":0},"end":{"line":445,"column":22}},"445":{"start":{"line":446,"column":0},"end":{"line":446,"column":32}},"446":{"start":{"line":447,"column":0},"end":{"line":447,"column":35}},"447":{"start":{"line":448,"column":0},"end":{"line":448,"column":37}},"448":{"start":{"line":449,"column":0},"end":{"line":449,"column":41}},"449":{"start":{"line":450,"column":0},"end":{"line":450,"column":83}},"450":{"start":{"line":451,"column":0},"end":{"line":451,"column":11}},"451":{"start":{"line":452,"column":0},"end":{"line":452,"column":7}},"452":{"start":{"line":453,"column":0},"end":{"line":453,"column":5}},"454":{"start":{"line":455,"column":0},"end":{"line":455,"column":59}},"455":{"start":{"line":456,"column":0},"end":{"line":456,"column":3}},"457":{"start":{"line":458,"column":0},"end":{"line":458,"column":73}},"458":{"start":{"line":459,"column":0},"end":{"line":459,"column":31}},"460":{"start":{"line":461,"column":0},"end":{"line":461,"column":39}},"461":{"start":{"line":462,"column":0},"end":{"line":462,"column":39}},"462":{"start":{"line":463,"column":0},"end":{"line":463,"column":41}},"464":{"start":{"line":465,"column":0},"end":{"line":465,"column":32}},"465":{"start":{"line":466,"column":0},"end":{"line":466,"column":53}},"466":{"start":{"line":467,"column":0},"end":{"line":467,"column":5}},"468":{"start":{"line":469,"column":0},"end":{"line":469,"column":42}},"469":{"start":{"line":470,"column":0},"end":{"line":470,"column":71}},"470":{"start":{"line":471,"column":0},"end":{"line":471,"column":5}},"472":{"start":{"line":473,"column":0},"end":{"line":473,"column":29}},"473":{"start":{"line":474,"column":0},"end":{"line":474,"column":3}},"475":{"start":{"line":476,"column":0},"end":{"line":476,"column":132}},"476":{"start":{"line":477,"column":0},"end":{"line":477,"column":102}},"477":{"start":{"line":478,"column":0},"end":{"line":478,"column":47}},"479":{"start":{"line":480,"column":0},"end":{"line":480,"column":46}},"480":{"start":{"line":481,"column":0},"end":{"line":481,"column":35}},"481":{"start":{"line":482,"column":0},"end":{"line":482,"column":73}},"482":{"start":{"line":483,"column":0},"end":{"line":483,"column":23}},"483":{"start":{"line":484,"column":0},"end":{"line":484,"column":40}},"484":{"start":{"line":485,"column":0},"end":{"line":485,"column":22}},"485":{"start":{"line":486,"column":0},"end":{"line":486,"column":57}},"486":{"start":{"line":487,"column":0},"end":{"line":487,"column":87}},"487":{"start":{"line":488,"column":0},"end":{"line":488,"column":11}},"488":{"start":{"line":489,"column":0},"end":{"line":489,"column":7}},"489":{"start":{"line":490,"column":0},"end":{"line":490,"column":5}},"491":{"start":{"line":492,"column":0},"end":{"line":492,"column":20}},"492":{"start":{"line":493,"column":0},"end":{"line":493,"column":3}},"494":{"start":{"line":495,"column":0},"end":{"line":495,"column":65}},"495":{"start":{"line":496,"column":0},"end":{"line":496,"column":37}},"496":{"start":{"line":497,"column":0},"end":{"line":497,"column":59}},"497":{"start":{"line":498,"column":0},"end":{"line":498,"column":6}},"498":{"start":{"line":499,"column":0},"end":{"line":499,"column":3}},"500":{"start":{"line":501,"column":0},"end":{"line":501,"column":57}},"501":{"start":{"line":502,"column":0},"end":{"line":502,"column":37}},"502":{"start":{"line":503,"column":0},"end":{"line":503,"column":30}},"503":{"start":{"line":504,"column":0},"end":{"line":504,"column":36}},"504":{"start":{"line":505,"column":0},"end":{"line":505,"column":40}},"505":{"start":{"line":506,"column":0},"end":{"line":506,"column":43}},"506":{"start":{"line":507,"column":0},"end":{"line":507,"column":3}},"508":{"start":{"line":509,"column":0},"end":{"line":509,"column":55}},"509":{"start":{"line":510,"column":0},"end":{"line":510,"column":68}},"510":{"start":{"line":511,"column":0},"end":{"line":511,"column":3}},"512":{"start":{"line":513,"column":0},"end":{"line":513,"column":77}},"513":{"start":{"line":514,"column":0},"end":{"line":514,"column":68}},"514":{"start":{"line":515,"column":0},"end":{"line":515,"column":19}},"515":{"start":{"line":516,"column":0},"end":{"line":516,"column":5}},"516":{"start":{"line":517,"column":0},"end":{"line":517,"column":65}},"517":{"start":{"line":518,"column":0},"end":{"line":518,"column":3}},"519":{"start":{"line":520,"column":0},"end":{"line":520,"column":67}},"520":{"start":{"line":521,"column":0},"end":{"line":521,"column":46}},"521":{"start":{"line":522,"column":0},"end":{"line":522,"column":43}},"522":{"start":{"line":523,"column":0},"end":{"line":523,"column":75}},"523":{"start":{"line":524,"column":0},"end":{"line":524,"column":38}},"524":{"start":{"line":525,"column":0},"end":{"line":525,"column":26}},"525":{"start":{"line":526,"column":0},"end":{"line":526,"column":9}},"526":{"start":{"line":527,"column":0},"end":{"line":527,"column":7}},"527":{"start":{"line":528,"column":0},"end":{"line":528,"column":5}},"529":{"start":{"line":530,"column":0},"end":{"line":530,"column":27}},"530":{"start":{"line":531,"column":0},"end":{"line":531,"column":34}},"531":{"start":{"line":532,"column":0},"end":{"line":532,"column":5}},"532":{"start":{"line":533,"column":0},"end":{"line":533,"column":34}},"533":{"start":{"line":534,"column":0},"end":{"line":534,"column":40}},"534":{"start":{"line":535,"column":0},"end":{"line":535,"column":5}},"535":{"start":{"line":536,"column":0},"end":{"line":536,"column":42}},"536":{"start":{"line":537,"column":0},"end":{"line":537,"column":35}},"537":{"start":{"line":538,"column":0},"end":{"line":538,"column":5}},"539":{"start":{"line":540,"column":0},"end":{"line":540,"column":21}},"540":{"start":{"line":541,"column":0},"end":{"line":541,"column":3}},"542":{"start":{"line":543,"column":0},"end":{"line":543,"column":60}},"543":{"start":{"line":544,"column":0},"end":{"line":544,"column":23}},"545":{"start":{"line":546,"column":0},"end":{"line":546,"column":42}},"546":{"start":{"line":547,"column":0},"end":{"line":547,"column":57}},"547":{"start":{"line":548,"column":0},"end":{"line":548,"column":5}},"548":{"start":{"line":549,"column":0},"end":{"line":549,"column":36}},"549":{"start":{"line":550,"column":0},"end":{"line":550,"column":57}},"550":{"start":{"line":551,"column":0},"end":{"line":551,"column":5}},"551":{"start":{"line":552,"column":0},"end":{"line":552,"column":37}},"552":{"start":{"line":553,"column":0},"end":{"line":553,"column":57}},"553":{"start":{"line":554,"column":0},"end":{"line":554,"column":5}},"555":{"start":{"line":556,"column":0},"end":{"line":556,"column":50}},"556":{"start":{"line":557,"column":0},"end":{"line":557,"column":3}},"558":{"start":{"line":559,"column":0},"end":{"line":559,"column":96}},"559":{"start":{"line":560,"column":0},"end":{"line":560,"column":27}},"560":{"start":{"line":561,"column":0},"end":{"line":561,"column":27}},"562":{"start":{"line":563,"column":0},"end":{"li
[...]
line":106,"column":71}},"106":{"start":{"line":107,"column":0},"end":{"line":107,"column":42}},"107":{"start":{"line":108,"column":0},"end":{"line":108,"column":9}},"110":{"start":{"line":111,"column":0},"end":{"line":111,"column":67}},"111":{"start":{"line":112,"column":0},"end":{"line":112,"column":73}},"112":{"start":{"line":113,"column":0},"end":{"line":113,"column":32}},"113":{"start":{"line":114,"column":0},"end":{"line":114,"column":15}},"115":{"start":{"line":116,"column":0},"end":{"line":116,"column":7}},"116":{"start":{"line":117,"column":0},"end":{"line":117,"column":5}},"119":{"start":{"line":120,"column":0},"end":{"line":120,"column":28}},"120":{"start":{"line":121,"column":0},"end":{"line":121,"column":66}},"121":{"start":{"line":122,"column":0},"end":{"line":122,"column":38}},"122":{"start":{"line":123,"column":0},"end":{"line":123,"column":36}},"123":{"start":{"line":124,"column":0},"end":{"line":124,"column":39}},"126":{"start":{"line":127,"column":0},"end":{"line":127,"column":64}},"127":{"start":{"line":128,"column":0},"end":{"line":128,"column":41}},"128":{"start":{"line":129,"column":0},"end":{"line":129,"column":39}},"129":{"start":{"line":130,"column":0},"end":{"line":130,"column":42}},"130":{"start":{"line":131,"column":0},"end":{"line":131,"column":49}},"131":{"start":{"line":132,"column":0},"end":{"line":132,"column":40}},"132":{"start":{"line":133,"column":0},"end":{"line":133,"column":42}},"133":{"start":{"line":134,"column":0},"end":{"line":134,"column":16}},"134":{"start":{"line":135,"column":0},"end":{"line":135,"column":42}},"135":{"start":{"line":136,"column":0},"end":{"line":136,"column":9}},"137":{"start":{"line":138,"column":0},"end":{"line":138,"column":41}},"138":{"start":{"line":139,"column":0},"end":{"line":139,"column":43}},"139":{"start":{"line":140,"column":0},"end":{"line":140,"column":9}},"141":{"start":{"line":142,"column":0},"end":{"line":142,"column":32}},"142":{"start":{"line":143,"column":0},"end":{"line":143,"column":7}},"143":{"start":{"line":144,"column":0},"end":{"line":144,"column":5}},"146":{"start":{"line":147,"column":0},"end":{"line":147,"column":28}},"147":{"start":{"line":148,"column":0},"end":{"line":148,"column":62}},"148":{"start":{"line":149,"column":0},"end":{"line":149,"column":32}},"149":{"start":{"line":150,"column":0},"end":{"line":150,"column":36}},"150":{"start":{"line":151,"column":0},"end":{"line":151,"column":39}},"151":{"start":{"line":152,"column":0},"end":{"line":152,"column":40}},"152":{"start":{"line":153,"column":0},"end":{"line":153,"column":32}},"153":{"start":{"line":154,"column":0},"end":{"line":154,"column":7}},"154":{"start":{"line":155,"column":0},"end":{"line":155,"column":5}},"157":{"start":{"line":158,"column":0},"end":{"line":158,"column":28}},"158":{"start":{"line":159,"column":0},"end":{"line":159,"column":54}},"159":{"start":{"line":160,"column":0},"end":{"line":160,"column":32}},"160":{"start":{"line":161,"column":0},"end":{"line":161,"column":43}},"161":{"start":{"line":162,"column":0},"end":{"line":162,"column":42}},"162":{"start":{"line":163,"column":0},"end":{"line":163,"column":40}},"163":{"start":{"line":164,"column":0},"end":{"line":164,"column":32}},"164":{"start":{"line":165,"column":0},"end":{"line":165,"column":7}},"165":{"start":{"line":166,"column":0},"end":{"line":166,"column":5}},"168":{"start":{"line":169,"column":0},"end":{"line":169,"column":28}},"169":{"start":{"line":170,"column":0},"end":{"line":170,"column":58}},"170":{"start":{"line":171,"column":0},"end":{"line":171,"column":34}},"171":{"start":{"line":172,"column":0},"end":{"line":172,"column":41}},"172":{"start":{"line":173,"column":0},"end":{"line":173,"column":40}},"173":{"start":{"line":174,"column":0},"end":{"line":174,"column":32}},"174":{"start":{"line":175,"column":0},"end":{"line":175,"column":7}},"175":{"start":{"line":176,"column":0},"end":{"line":176,"column":5}},"178":{"start":{"line":179,"column":0},"end":{"line":179,"column":28}},"179":{"start":{"line":180,"column":0},"end":{"line":180,"column":55}},"180":{"start":{"line":181,"column":0},"end":{"line":181,"column":34}},"181":{"start":{"line":182,"column":0},"end":{"line":182,"column":41}},"182":{"start":{"line":183,"column":0},"end":{"line":183,"column":86}},"183":{"start":{"line":184,"column":0},"end":{"line":184,"column":40}},"184":{"start":{"line":185,"column":0},"end":{"line":185,"column":32}},"185":{"start":{"line":186,"column":0},"end":{"line":186,"column":7}},"186":{"start":{"line":187,"column":0},"end":{"line":187,"column":5}},"189":{"start":{"line":190,"column":0},"end":{"line":190,"column":56}},"190":{"start":{"line":191,"column":0},"end":{"line":191,"column":31}},"191":{"start":{"line":192,"column":0},"end":{"line":192,"column":46}},"192":{"start":{"line":193,"column":0},"end":{"line":193,"column":39}},"193":{"start":{"line":194,"column":0},"end":{"line":194,"column":7}},"194":{"start":{"line":195,"column":0},"end":{"line":195,"column":5}},"197":{"start":{"line":198,"column":0},"end":{"line":198,"column":66}},"198":{"start":{"line":199,"column":0},"end":{"line":199,"column":27}},"199":{"start":{"line":200,"column":0},"end":{"line":200,"column":5}},"200":{"start":{"line":201,"column":0},"end":{"line":201,"column":61}},"201":{"start":{"line":202,"column":0},"end":{"line":202,"column":55}},"202":{"start":{"line":203,"column":0},"end":{"line":203,"column":57}},"203":{"start":{"line":204,"column":0},"end":{"line":204,"column":27}},"204":{"start":{"line":205,"column":0},"end":{"line":205,"column":5}},"207":{"start":{"line":208,"column":0},"end":{"line":208,"column":50}},"208":{"start":{"line":209,"column":0},"end":{"line":209,"column":28}},"209":{"start":{"line":210,"column":0},"end":{"line":210,"column":5}},"211":{"start":{"line":212,"column":0},"end":{"line":212,"column":19}},"212":{"start":{"line":213,"column":0},"end":{"line":213,"column":19}},"213":{"start":{"line":214,"column":0},"end":{"line":214,"column":61}},"214":{"start":{"line":215,"column":0},"end":{"line":215,"column":27}},"215":{"start":{"line":216,"column":0},"end":{"line":216,"column":3}},"216":{"start":{"line":217,"column":0},"end":{"line":217,"column":1}},"221":{"start":{"line":222,"column":0},"end":{"line":222,"column":66}},"222":{"start":{"line":223,"column":0},"end":{"line":223,"column":26}},"223":{"start":{"line":224,"column":0},"end":{"line":224,"column":41}},"224":{"start":{"line":225,"column":0},"end":{"line":225,"column":3}},"226":{"start":{"line":227,"column":0},"end":{"line":227,"column":29}},"228":{"start":{"line":229,"column":0},"end":{"line":229,"column":39}},"229":{"start":{"line":230,"column":0},"end":{"line":230,"column":48}},"230":{"start":{"line":231,"column":0},"end":{"line":231,"column":3}},"232":{"start":{"line":233,"column":0},"end":{"line":233,"column":72}},"233":{"start":{"line":234,"column":0},"end":{"line":234,"column":50}},"234":{"start":{"line":235,"column":0},"end":{"line":235,"column":3}},"236":{"start":{"line":237,"column":0},"end":{"line":237,"column":42}},"237":{"start":{"line":238,"column":0},"end":{"line":238,"column":47}},"238":{"start":{"line":239,"column":0},"end":{"line":239,"column":3}},"240":{"start":{"line":241,"column":0},"end":{"line":241,"column":44}},"241":{"start":{"line":242,"column":0},"end":{"line":242,"column":50}},"242":{"start":{"line":243,"column":0},"end":{"line":243,"column":3}},"244":{"start":{"line":245,"column":0},"end":{"line":245,"column":26}},"245":{"start":{"line":246,"column":0},"end":{"line":246,"column":29}},"246":{"start":{"line":247,"column":0},"end":{"line":247,"column":3}},"248":{"start":{"line":249,"column":0},"end":{"line":249,"column":22}},"249":{"start":{"line":250,"column":0},"end":{"line":250,"column":28}},"250":{"start":{"line":251,"column":0},"end":{"line":251,"column":3}},"252":{"start":{"line":253,"column":0},"end":{"line":253,"column":26}},"253":{"start":{"line":254,"column":0},"end":{"line":254,"column":1}},"258":{"start":{"line":259,"column":0},"end":{"line":259,"column":78}},"259":{"start":{"line":260,"column":0},"end":{"line":260,"column":35}},"260":{"start":{"line":261,"column":0},"end":{"line":261,"column":1}},"265":{"start":{"line":266,"column":0},"end":{"line":266,"column":78}},"266":{"start":{"line":267,"column":0},"end":{"line":267,"column":34}},"267":{"start":{"line":268,"column":0},"end":{"line":268,"column":1}},"272":{"start":{"line":273,"column":0},"end":{"line":273,"column":68}},"273":{"start":{"line":274,"column":0},"end":{"line":274,"column":28}},"275":{"start":{"line":276,"column":0},"end":{"line":276,"column":43}},"276":{"start":{"line":277,"column":0},"end":{"line":277,"column":52}},"277":{"start":{"line":278,"column":0},"end":{"line":278,"column":49}},"278":{"start":{"line":279,"column":0},"end":{"line":279,"column":44}},"279":{"start":{"line":280,"column":0},"end":{"line":280,"column":51}},"280":{"start":{"line":281,"column":0},"end":{"line":281,"column":42}},"281":{"start":{"line":282,"column":0},"end":{"line":282,"column":3}},"283":{"start":{"line":284,"column":0},"end":{"line":284,"column":42}},"284":{"start":{"line":285,"column":0},"end":{"line":285,"column":36}},"285":{"start":{"line":286,"column":0},"end":{"line":286,"column":49}},"286":{"start":{"line":287,"column":0},"end":{"line":287,"column":36}},"287":{"start":{"line":288,"column":0},"end":{"line":288,"column":45}},"288":{"start":{"line":289,"column":0},"end":{"line":289,"column":24}},"289":{"start":{"line":290,"column":0},"end":{"line":290,"column":41}},"290":{"start":{"line":291,"column":0},"end":{"line":291,"column":30}},"291":{"start":{"line":292,"column":0},"end":{"line":292,"column":43}},"292":{"start":{"line":293,"column":0},"end":{"line":293,"column":22}},"293":{"start":{"line":294,"column":0},"end":{"line":294,"column":3}},"295":{"start":{"line":296,"column":0},"end":{"line":296,"column":38}},"296":{"start":{"line":297,"column":0},"end":{"line":297,"column":36}},"297":{"start":{"line":298,"column":0},"end":{"line":298,"column":43}},"298":{"start":{"line":299,"column":0},"end":{"line":299,"column":21}},"299":{"start":{"line":300,"column":0},"end":{"line":300,"column":47}},"300":{"start":{"line":301,"column":0},"end":{"line":301,"column":37}},"301":{"start":{"line":302,"column":0},"end":{"line":302,"column":3}},"303":{"start":{"line":304,"column":0},"end":{"line":304,"column":26}},"304":{"start":{"line":305,"column":0},"end":{"line":305,"column":34}},"305":{"start":{"line":306,"column":0},"end":{"line":306,"column":3}},"307":{"start":{"line":308,"column":0},"end":{"line":308,"column":22}},"308":{"start":{"line":309,"column":0},"end":{"line":309,"column":37}},"309":{"start":{"line":310,"column":0},"end":{"line":310,"column":3}},"311":{"start":{"line":312,"column":0},"end":{"line":312,"column":49}},"312":{"start":{"line":313,"column":0},"end":{"line":313,"column":1}}},"s":{"0":1,"28":1,"29":1,"30":1,"31":1,"32":1,"33":1,"34":1,"35":1,"36":1,"37":1,"38":1,"39":1,"40":1,"45":159,"46":159,"47":159,"48":159,"49":0,"50":0,"51":159,"56":14,"57":14,"59":14,"61":14,"62":14,"63":3,"64":3,"65":3,"68":3,"69":3,"70":3,"71":0,"72":0,"75":3,"76":0,"77":0,"78":3,"79":0,"80":0,"81":3,"82":0,"83":0,"84":3,"85":0,"86":0,"87":3,"89":3,"90":3,"92":0,"93":0,"96":3,"97":0,"98":3,"99":3,"100":3,"103":3,"104":0,"105":3,"106":0,"107":0,"110":3,"111":3,"112":3,"113":3,"115":0,"116":3,"119":14,"120":11,"121":11,"122":0,"123":0,"126":0,"127":0,"128":0,"129":0,"130":0,"131":0,"132":0,"133":0,"134":0,"135":0,"137":0,"138":0,"139":0,"141":0,"142":0,"143":11,"146":14,"147":11,"148":11,"149":0,"150":0,"151":0,"152":0,"153":0,"154":11,"157":14,"158":11,"159":0,"160":0,"161":0,"162":0,"163":0,"164":0,"165":11,"168":14,"169":11,"170":0,"171":0,"172":0,"173":0,"174":0,"175":11,"178":14,"179":11,"180":0,"181":0,"182":0,"183":0,"184":0,"185":0,"186":11,"189":14,"190":0,"191":0,"192":0,"193":0,"194":0,"197":14,"198":0,"199":0,"200":14,"201":14,"202":14,"203":0,"204":0,"207":14,"208":0,"209":0,"211":14,"212":14,"213":0,"214":0,"215":0,"216":14,"221":1,"222":0,"223":0,"224":0,"226":0,"228":0,"229":0,"230":0,"232":0,"233":0,"234":0,"236":0,"237":0,"238":0,"240":0,"241":0,"242":0,"244":0,"245":0,"246":0,"248":0,"249":0,"250":0,"252":0,"253":0,"258":1,"259":0,"260":0,"265":1,"266":0,"267":0,"272":1,"273":0,"275":0,"276":0,"277":0,"278":0,"279":0,"280":0,"281":0,"283":0,"284":0,"285":0,"286":0,"287":0,"288":0,"289":0,"290":0,"291":0,"292":0,"293":0,"295":0,"296":0,"297":0,"298":0,"299":0,"300":0,"301":0,"303":0,"304":0,"305":0,"307":0,"308":0,"309":0,"311":0,"312":0},"branchMap":{"0":{"type":"branch","line":46,"loc":{"start":{"line":46,"column":0},"end":{"line":52,"column":1}},"locations":[{"start":{"line":46,"column":0},"end":{"line":52,"column":1}}]},"1":{"type":"branch","line":49,"loc":{"start":{"line":49,"column":2},"end":{"line":51,"column":3}},"locations":[{"start":{"line":49,"column":2},"end":{"line":51,"column":3}}]},"2":{"type":"branch","line":57,"loc":{"start":{"line":57,"column":0},"end":{"line":217,"column":1}},"locations":[{"start":{"line":57,"column":0},"end":{"line":217,"column":1}}]},"3":{"type":"branch","line":63,"loc":{"start":{"line":63,"column":37},"end":{"line":117,"column":5}},"locations":[{"start":{"line":63,"column":37},"end":{"line":117,"column":5}}]},"4":{"type":"branch","line":71,"loc":{"start":{"line":71,"column":8},"end":{"line":73,"column":9}},"locations":[{"start":{"line":71,"column":8},"end":{"line":73,"column":9}}]},"5":{"type":"branch","line":76,"loc":{"start":{"line":76,"column":67},"end":{"line":79,"column":19}},"locations":[{"start":{"line":76,"column":67},"end":{"line":79,"column":19}}]},"6":{"type":"branch","line":79,"loc":{"start":{"line":79,"column":70},"end":{"line":82,"column":19}},"locations":[{"start":{"line":79,"column":70},"end":{"line":82,"column":19}}]},"7":{"type":"branch","line":82,"loc":{"start":{"line":82,"column":76},"end":{"line":85,"column":19}},"locations":[{"start":{"line":82,"column":76},"end":{"line":85,"column":19}}]},"8":{"type":"branch","line":85,"loc":{"start":{"line":85,"column":46},"end":{"line":88,"column":19}},"locations":[{"start":{"line":85,"column":46},"end":{"line":88,"column":19}}]},"9":{"type":"branch","line":88,"loc":{"start":{"line":88,"column":35},"end":{"line":88,"column":53}},"locations":[{"start":{"line":88,"column":35},"end":{"line":88,"column":53}}]},"10":{"type":"branch","line":88,"loc":{"start":{"line":88,"column":64},"end":{"line":88,"column":120}},"locations":[{"start":{"line":88,"column":64},"end":{"line":88,"column":120}}]},"11":{"type":"branch","line":91,"loc":{"start":{"line":91,"column":8},"end":{"line":94,"column":9}},"locations":[{"start":{"line":91,"column":8},"end":{"line":94,"column":9}}]},"12":{"type":"branch","line":97,"loc":{"start":{"line":97,"column":39},"end":{"line":99,"column":19}},"locations":[{"start":{"line":97,"column":39},"end":{"line":99,"column":19}}]},"13":{"type":"branch","line":104,"loc":{"start":{"line":104,"column":58},"end":{"line":106,"column":19}},"locations":[{"start":{"line":104,"column":58},"end":{"line":106,"column":19}}]},"14":{"type":"branch","line":106,"loc":{"start":{"line":106,"column":70},"end":{"line":108,"column":9}},"locations":[{"start":{"line":106,"column":70},"end":{"line":108,"column":9}}]},"15":{"type":"branch","line":111,"loc":{"start":{"line":111,"column":47},"end":{"line":111,"column":65}},"locations":[{"start":{"line":111,"column":47},"end":{"line":111,"column":65}}]},"16":{"type":"branch","line":112,"loc":{"start":{"line":112,"column":50},"end":{"line":112,"column":71}},"locations":[{"start":{"line":112,"column":50},"end":{"line":112,"column":71}}]},"17":{"type":"branch","line":114,"loc":{"start":{"line":114,"column":6},"end":{"line":116,"column":7}},"locations":[{"start":{"line":114,"column":6},"end":{"line":116,"column":7}}]},"18":{"type":"branch","line":120,"loc":{"start":{"line":120,"column":27},"end":{"line":144,"column":5}},"locations":[{"start":{"line":120,"column":27},"end":{"line":144,"column":5}}]},"19":{"type":"branch","line":122,"loc":{"start":{"line":122,"column":37},"end":{"line":143,"column":7}},"locations":[{"start":{"line":122,"column":37},"end":{"line":143,"column":7}}]},"20":{"type":"branch","line":147,"loc":{"start":{"line":147,"column":27},"end":{"line":155,"column":5}},"locations":[{"start":{"line":147,"column":27},"end":{"line":155,"column":5}}]},"21":{"type":"branch","line":149,"loc":{"start":{"line":149,"column":31},"end":{"line":154,"column":7}},"locations":[{"start":{"line":149,"column":31},"end":{"line":154,"column":7}}]},"22":{"type":"branch","line":158,"loc":{"start":{"line":158,"column":27},"end":{"line":166,"column":5}},"locations":[{"start":{"line":158,"column":27},"end":{"line":166,"column":5}}]},"23":{"type":"branch","line":159,"loc":{"start":{"line":159,"column":53},"end":{"line":165,"column":7}},"locations":[{"start":{"line":159,"column":53},"end":{"line":165,"column":7}}]},"24":{"type":"branch","line":169,"loc":{"start":{"line":169,"column":27},"end":{"line":176,"column":5}},"locations":[{"start":{"line":169,"column":27},"end":{"line":176,"column":5}}]},"25":{"type":"branch","line":170,"loc":{"start":{"line":170,"column":57},"end":{"line":175,"column":7}},"locations":[{"start":{"line":170,"column":57},"end":{"line":175,"column":7}}]},"26":{"type":"branch","line":179,"loc":{"start":{"line":179,"column":27},"end":{"line":187,"column":5}},"locations":[{"start":{"line":179,"column":27},"end":{"line":187,"column":5}}]},"27":{"type":"branch","line":180,"loc":{"start":{"line":180,"column":54},"end":{"line":186,"column":7}},"locations":[{"start":{"line":180,"column":54},"end":{"line":186,"column":7}}]},"28":{"type":"branch","line":190,"loc":{"start":{"line":190,"column":55},"end":{"line":195,"column":5}},"locations":[{"start":{"line":190,"column":55},"end":{"line":195,"column":5}}]},"29":{"type":"branch","line":198,"loc":{"start":{"line":198,"column":65},"end":{"line":200,"column":5}},"locations":[{"start":{"line":198,"column":65},"end":{"line":200,"column":5}}]},"30":{"type":"branch","line":203,"loc":{"start":{"line":203,"column":56},"end":{"line":205,"column":5}},"locations":[{"start":{"line":203,"column":56},"end":{"line":205,"column":5}}]},"31":{"type":"branch","line":208,"loc":{"start":{"line":208,"column":49},"end":{"line":210,"column":5}},"locations":[{"start":{"line":208,"column":49},"end":{"line":210,"column":5}}]},"32":{"type":"branch","line":213,"loc":{"start":{"line":213,"column":2},"end":{"line":216,"column":3}},"locations":[{"start":{"line":213,"column":2},"end":{"line":216,"column":3}}]}},"b":{"0":[159],"1":[0],"2":[14],"3":[3],"4":[0],"5":[0],"6":[0],"7":[0],"8":[0],"9":[0],"10":[0],"11":[0],"12":[0],"13":[0],"14":[0],"15":[0],"16":[0],"17":[0],"18":[11],"19":[0],"20":[11],"21":[0],"22":[11],"23":[0],"24":[11],"25":[0],"26":[11],"27":[0],"28":[0],"29":[0],"30":[0],"31":[0],"32":[0]},"fnMap":{"0":{"name":"fileExists","decl":{"start":{"line":46,"column":0},"end":{"line":52,"column":1}},"loc":{"start":{"line":46,"column":0},"end":{"line":52,"column":1}},"line":46},"1":{"name":"detectProjectContext","decl":{"start":{"line":57,"column":0},"end":{"line":217,"column":1}},"loc":{"start":{"line":57,"column":0},"end":{"line":217,"column":1}},"line":57},"2":{"name":"describeContext","decl":{"start":{"line":222,"column":7},"end":{"line":254,"column":1}},"loc":{"start":{"line":222,"column":7},"end":{"line":254,"column":1}},"line":222},"3":{"name":"isLanguage","decl":{"start":{"line":259,"column":7},"end":{"line":261,"column":1}},"loc":{"start":{"line":259,"column":7},"end":{"line":261,"column":1}},"line":259},"4":{"name":"isFramework","decl":{"start":{"line":266,"column":7},"end":{"line":268,"column":1}},"loc":{"start":{"line":266,"column":7},"end":{"line":268,"column":1}},"line":266},"5":{"name":"getRelevantTags","decl":{"start":{"line":273,"column":7},"end":{"line":313,"column":1}},"loc":{"start":{"line":273,"column":7},"end":{"line":313,"column":1}},"line":273}},"f":{"0":159,"1":14,"2":0,"3":0,"4":0,"5":0}}
}
